<?xml version="1.0" encoding="UTF-8"?>
<testng-results skipped="0" failed="5" total="24" passed="19">
  <reporter-output>
    <line>
      <![CDATA[<a href="C:\Users\499290\Desktop\TF\screenshot\_Login.png"><p align="left"> screenshot at Tue Nov 03 19:02:27 IST 2015</p>]]>
    </line>
    <line>
      <![CDATA[<a href="C:\Users\499290\Desktop\TF\screenshot\_VerificationOfOverviewPage.png"><p align="left"> screenshot at Tue Nov 03 19:02:27 IST 2015</p>]]>
    </line>
    <line>
      <![CDATA[<a href="C:\Users\499290\Desktop\TF\screenshot\_TRPDateRegister.png"><p align="left"> screenshot at Tue Nov 03 19:02:55 IST 2015</p>]]>
    </line>
    <line>
      <![CDATA[<a href="C:\Users\499290\Desktop\TF\screenshot\_CTPositiveAssessment.png"><p align="left"> screenshot at Tue Nov 03 19:04:21 IST 2015</p>]]>
    </line>
    <line>
      <![CDATA[<a href="C:\Users\499290\Desktop\TF\screenshot\_AddModule.png"><p align="left"> screenshot at Tue Nov 03 19:04:22 IST 2015</p>]]>
    </line>
    <line>
      <![CDATA[<a href="C:\Users\499290\Desktop\TF\screenshot\_AddIntervention.png"><p align="left"> screenshot at Tue Nov 03 19:05:15 IST 2015</p>]]>
    </line>
    <line>
      <![CDATA[<a href="C:\Users\499290\Desktop\TF\screenshot\_AddPRintervention.png"><p align="left"> screenshot at Tue Nov 03 19:05:42 IST 2015</p>]]>
    </line>
    <line>
      <![CDATA[<a href="C:\Users\499290\Desktop\TF\screenshot\_GoalCreation.png"><p align="left"> screenshot at Tue Nov 03 19:06:25 IST 2015</p>]]>
    </line>
    <line>
      <![CDATA[<a href="C:\Users\499290\Desktop\TF\screenshot\_StdImpactIndicator.png"><p align="left"> screenshot at Tue Nov 03 19:08:00 IST 2015</p>]]>
    </line>
    <line>
      <![CDATA[<a href="C:\Users\499290\Desktop\TF\screenshot\_CustomImpactInd.png"><p align="left"> screenshot at Tue Nov 03 19:08:39 IST 2015</p>]]>
    </line>
    <line>
      <![CDATA[<a href="C:\Users\499290\Desktop\TF\screenshot\_ObjectiveCreation.png"><p align="left"> screenshot at Tue Nov 03 19:09:22 IST 2015</p>]]>
    </line>
    <line>
      <![CDATA[<a href="C:\Users\499290\Desktop\TF\screenshot\_StdOutcomeIndicator.png"><p align="left"> screenshot at Tue Nov 03 19:10:55 IST 2015</p>]]>
    </line>
    <line>
      <![CDATA[<a href="C:\Users\499290\Desktop\TF\screenshot\_CustomOutcomeInd.png"><p align="left"> screenshot at Tue Nov 03 19:11:53 IST 2015</p>]]>
    </line>
    <line>
      <![CDATA[<a href="C:\Users\499290\Desktop\TF\screenshot\_CNModuleBudget.png"><p align="left"> screenshot at Tue Nov 03 19:12:40 IST 2015</p>]]>
    </line>
    <line>
      <![CDATA[<a href="C:\Users\499290\Desktop\TF\screenshot\_ChangeSubmissionDate.png"><p align="left"> screenshot at Tue Nov 03 19:13:04 IST 2015</p>]]>
    </line>
    <line>
      <![CDATA[<a href="C:\Users\499290\Desktop\TF\screenshot\_UploadFile.png"><p align="left"> screenshot at Tue Nov 03 19:14:04 IST 2015</p>]]>
    </line>
    <line>
      <![CDATA[<a href="C:\Users\499290\Desktop\TF\screenshot\_SubmitCN.png"><p align="left"> screenshot at Tue Nov 03 19:14:18 IST 2015</p>]]>
    </line>
    <line>
      <![CDATA[<a href="C:\Users\499290\Desktop\TF\screenshot\_CTLogin.png"><p align="left"> screenshot at Tue Nov 03 19:14:47 IST 2015</p>]]>
    </line>
    <line>
      <![CDATA[<a href="C:\Users\499290\Desktop\TF\screenshot\_FinalCoreDocument.png"><p align="left"> screenshot at Tue Nov 03 19:15:37 IST 2015</p>]]>
    </line>
    <line>
      <![CDATA[<a href="C:\Users\499290\Desktop\TF\screenshot\_FinalCTReview.png"><p align="left"> screenshot at Tue Nov 03 19:15:45 IST 2015</p>]]>
    </line>
    <line>
      <![CDATA[<a href="C:\Users\499290\Desktop\TF\screenshot\_FinalTranslationReview.png"><p align="left"> screenshot at Tue Nov 03 19:16:58 IST 2015</p>]]>
    </line>
    <line>
      <![CDATA[<a href="C:\Users\499290\Desktop\TF\screenshot\_CCMEditChkAfterCTReview.png"><p align="left"> screenshot at Tue Nov 03 19:19:42 IST 2015</p>]]>
    </line>
    <line>
      <![CDATA[<a href="C:\Users\499290\Desktop\TF\screenshot\_Login.png"><p align="left"> screenshot at Tue Nov 03 19:21:17 IST 2015</p>]]>
    </line>
    <line>
      <![CDATA[<a href="C:\Users\499290\Desktop\TF\screenshot\_IterationScenarios.png"><p align="left"> screenshot at Tue Nov 03 19:27:48 IST 2015</p>]]>
    </line>
  </reporter-output>
  <suite name="Default suite" duration-ms="1562982" started-at="2015-11-03T13:31:46Z" finished-at="2015-11-03T13:57:49Z">
    <groups>
    </groups>
    <test name="Test" duration-ms="1076782" started-at="2015-11-03T13:31:46Z" finished-at="2015-11-03T13:49:43Z">
      <class name="MyPackage.CNRegressionAutomation">
        <test-method status="PASS" signature="Recording()[pri:0, instance:MyPackage.CNRegressionAutomation@580929]" name="Recording" is-config="true" duration-ms="741" started-at="2015-11-03T19:01:46Z" finished-at="2015-11-03T19:01:47Z">
          <reporter-output>
          </reporter-output>
        </test-method> <!-- Recording -->
        <test-method status="PASS" signature="Login()[pri:0, instance:MyPackage.CNRegressionAutomation@580929]" name="Login" duration-ms="39673" started-at="2015-11-03T19:01:47Z" finished-at="2015-11-03T19:02:27Z">
          <reporter-output>
            <line>
              <![CDATA[<a href="C:\Users\499290\Desktop\TF\screenshot\_Login.png"><p align="left"> screenshot at Tue Nov 03 19:02:27 IST 2015</p>]]>
            </line>
          </reporter-output>
        </test-method> <!-- Login -->
        <test-method status="FAIL" signature="VerificationOfOverviewPage()[pri:0, instance:MyPackage.CNRegressionAutomation@580929]" name="VerificationOfOverviewPage" duration-ms="161" started-at="2015-11-03T19:02:27Z" finished-at="2015-11-03T19:02:27Z">
          <exception class="java.lang.AssertionError">
            <message>
              <![CDATA[expected [Global Fund Grant Management Portal] but found [salesforce.com - Enterprise Edition]]]>
            </message>
            <full-stacktrace>
              <![CDATA[java.lang.AssertionError: expected [Global Fund Grant Management Portal] but found [salesforce.com - Enterprise Edition]
	at org.testng.Assert.fail(Assert.java:94)
	at org.testng.Assert.failNotEquals(Assert.java:496)
	at org.testng.Assert.assertEquals(Assert.java:125)
	at org.testng.Assert.assertEquals(Assert.java:178)
	at org.testng.Assert.assertEquals(Assert.java:188)
	at MyPackage.CNRegressionAutomation.VerificationOfOverviewPage(CNRegressionAutomation.java:86)
	at sun.reflect.NativeMethodAccessorImpl.invoke0(Native Method)
	at sun.reflect.NativeMethodAccessorImpl.invoke(Unknown Source)
	at sun.reflect.DelegatingMethodAccessorImpl.invoke(Unknown Source)
	at java.lang.reflect.Method.invoke(Unknown Source)
	at org.testng.internal.MethodInvocationHelper.invokeMethod(MethodInvocationHelper.java:85)
	at org.testng.internal.Invoker.invokeMethod(Invoker.java:648)
	at org.testng.internal.Invoker.invokeTestMethod(Invoker.java:834)
	at org.testng.internal.Invoker.invokeTestMethods(Invoker.java:1142)
	at org.testng.internal.TestMethodWorker.invokeTestMethods(TestMethodWorker.java:124)
	at org.testng.internal.TestMethodWorker.run(TestMethodWorker.java:108)
	at org.testng.TestRunner.privateRun(TestRunner.java:771)
	at org.testng.TestRunner.run(TestRunner.java:621)
	at org.testng.SuiteRunner.runTest(SuiteRunner.java:357)
	at org.testng.SuiteRunner.runSequentially(SuiteRunner.java:352)
	at org.testng.SuiteRunner.privateRun(SuiteRunner.java:310)
	at org.testng.SuiteRunner.run(SuiteRunner.java:259)
	at org.testng.SuiteRunnerWorker.runSuite(SuiteRunnerWorker.java:52)
	at org.testng.SuiteRunnerWorker.run(SuiteRunnerWorker.java:86)
	at org.testng.TestNG.runSuitesSequentially(TestNG.java:1176)
	at org.testng.TestNG.runSuitesLocally(TestNG.java:1101)
	at org.testng.TestNG.run(TestNG.java:1009)
	at org.testng.remote.RemoteTestNG.run(RemoteTestNG.java:111)
	at org.testng.remote.RemoteTestNG.initAndRun(RemoteTestNG.java:204)
	at org.testng.remote.RemoteTestNG.main(RemoteTestNG.java:175)
]]>
            </full-stacktrace>
          </exception> <!-- java.lang.AssertionError -->
          <reporter-output>
            <line>
              <![CDATA[<a href="C:\Users\499290\Desktop\TF\screenshot\_VerificationOfOverviewPage.png"><p align="left"> screenshot at Tue Nov 03 19:02:27 IST 2015</p>]]>
            </line>
          </reporter-output>
        </test-method> <!-- VerificationOfOverviewPage -->
        <test-method status="PASS" signature="TRPDateRegister()[pri:0, instance:MyPackage.CNRegressionAutomation@580929]" name="TRPDateRegister" duration-ms="26803" started-at="2015-11-03T19:02:27Z" finished-at="2015-11-03T19:02:54Z">
          <reporter-output>
            <line>
              <![CDATA[<a href="C:\Users\499290\Desktop\TF\screenshot\_TRPDateRegister.png"><p align="left"> screenshot at Tue Nov 03 19:02:55 IST 2015</p>]]>
            </line>
          </reporter-output>
        </test-method> <!-- TRPDateRegister -->
        <test-method status="PASS" signature="CTPositiveAssessment()[pri:0, instance:MyPackage.CNRegressionAutomation@580929]" name="CTPositiveAssessment" duration-ms="85634" started-at="2015-11-03T19:02:55Z" finished-at="2015-11-03T19:04:20Z">
          <reporter-output>
            <line>
              <![CDATA[<a href="C:\Users\499290\Desktop\TF\screenshot\_CTPositiveAssessment.png"><p align="left"> screenshot at Tue Nov 03 19:04:21 IST 2015</p>]]>
            </line>
          </reporter-output>
        </test-method> <!-- CTPositiveAssessment -->
        <test-method status="FAIL" signature="AddModule()[pri:0, instance:MyPackage.CNRegressionAutomation@580929]" name="AddModule" duration-ms="1326" started-at="2015-11-03T19:04:21Z" finished-at="2015-11-03T19:04:22Z">
          <exception class="org.openqa.selenium.NoSuchElementException">
            <message>
              <![CDATA[no such element
  (Session info: chrome=46.0.2490.80)
  (Driver info: chromedriver=2.15.322448 (52179c1b310fec1797c81ea9a20326839860b7d3),platform=Windows NT 6.1 SP1 x86) (WARNING: The server did not provide any stacktrace information)
Command duration or timeout: 44 milliseconds
For documentation on this error, please visit: http://seleniumhq.org/exceptions/no_such_element.html
Build info: version: '2.43.0', revision: '597b76b', time: '2014-09-09 20:52:38'
System info: host: '01HW189758', ip: '192.168.9.158', os.name: 'Windows 7', os.arch: 'x86', os.version: '6.1', java.version: '1.8.0_31'
Driver info: org.openqa.selenium.chrome.ChromeDriver
Capabilities [{applicationCacheEnabled=false, rotatable=false, mobileEmulationEnabled=false, chrome={userDataDir=C:\Users\499290\AppData\Local\Temp\scoped_dir4920_29094}, takesHeapSnapshot=true, databaseEnabled=false, handlesAlerts=true, version=46.0.2490.80, platform=XP, browserConnectionEnabled=false, nativeEvents=true, acceptSslCerts=true, locationContextEnabled=true, webStorageEnabled=true, browserName=chrome, takesScreenshot=true, javascriptEnabled=true, cssSelectorsEnabled=true}]
Session ID: 577452046bd0ec993863d68f1efac77a]]>
            </message>
            <full-stacktrace>
              <![CDATA[org.openqa.selenium.NoSuchElementException: no such element
  (Session info: chrome=46.0.2490.80)
  (Driver info: chromedriver=2.15.322448 (52179c1b310fec1797c81ea9a20326839860b7d3),platform=Windows NT 6.1 SP1 x86) (WARNING: The server did not provide any stacktrace information)
Command duration or timeout: 44 milliseconds
For documentation on this error, please visit: http://seleniumhq.org/exceptions/no_such_element.html
Build info: version: '2.43.0', revision: '597b76b', time: '2014-09-09 20:52:38'
System info: host: '01HW189758', ip: '192.168.9.158', os.name: 'Windows 7', os.arch: 'x86', os.version: '6.1', java.version: '1.8.0_31'
Driver info: org.openqa.selenium.chrome.ChromeDriver
Capabilities [{applicationCacheEnabled=false, rotatable=false, mobileEmulationEnabled=false, chrome={userDataDir=C:\Users\499290\AppData\Local\Temp\scoped_dir4920_29094}, takesHeapSnapshot=true, databaseEnabled=false, handlesAlerts=true, version=46.0.2490.80, platform=XP, browserConnectionEnabled=false, nativeEvents=true, acceptSslCerts=true, locationContextEnabled=true, webStorageEnabled=true, browserName=chrome, takesScreenshot=true, javascriptEnabled=true, cssSelectorsEnabled=true}]
Session ID: 577452046bd0ec993863d68f1efac77a
	at sun.reflect.NativeConstructorAccessorImpl.newInstance0(Native Method)
	at sun.reflect.NativeConstructorAccessorImpl.newInstance(Unknown Source)
	at sun.reflect.DelegatingConstructorAccessorImpl.newInstance(Unknown Source)
	at java.lang.reflect.Constructor.newInstance(Unknown Source)
	at org.openqa.selenium.remote.ErrorHandler.createThrowable(ErrorHandler.java:204)
	at org.openqa.selenium.remote.ErrorHandler.throwIfResponseFailed(ErrorHandler.java:156)
	at org.openqa.selenium.remote.RemoteWebDriver.execute(RemoteWebDriver.java:599)
	at org.openqa.selenium.remote.RemoteWebDriver.findElement(RemoteWebDriver.java:352)
	at org.openqa.selenium.remote.RemoteWebDriver.findElementById(RemoteWebDriver.java:393)
	at org.openqa.selenium.By$ById.findElement(By.java:214)
	at org.openqa.selenium.remote.RemoteWebDriver.findElement(RemoteWebDriver.java:344)
	at MyPackage.CNRegressionAutomation.AddModule(CNRegressionAutomation.java:288)
	at sun.reflect.NativeMethodAccessorImpl.invoke0(Native Method)
	at sun.reflect.NativeMethodAccessorImpl.invoke(Unknown Source)
	at sun.reflect.DelegatingMethodAccessorImpl.invoke(Unknown Source)
	at java.lang.reflect.Method.invoke(Unknown Source)
	at org.testng.internal.MethodInvocationHelper.invokeMethod(MethodInvocationHelper.java:85)
	at org.testng.internal.Invoker.invokeMethod(Invoker.java:648)
	at org.testng.internal.Invoker.invokeTestMethod(Invoker.java:834)
	at org.testng.internal.Invoker.invokeTestMethods(Invoker.java:1142)
	at org.testng.internal.TestMethodWorker.invokeTestMethods(TestMethodWorker.java:124)
	at org.testng.internal.TestMethodWorker.run(TestMethodWorker.java:108)
	at org.testng.TestRunner.privateRun(TestRunner.java:771)
	at org.testng.TestRunner.run(TestRunner.java:621)
	at org.testng.SuiteRunner.runTest(SuiteRunner.java:357)
	at org.testng.SuiteRunner.runSequentially(SuiteRunner.java:352)
	at org.testng.SuiteRunner.privateRun(SuiteRunner.java:310)
	at org.testng.SuiteRunner.run(SuiteRunner.java:259)
	at org.testng.SuiteRunnerWorker.runSuite(SuiteRunnerWorker.java:52)
	at org.testng.SuiteRunnerWorker.run(SuiteRunnerWorker.java:86)
	at org.testng.TestNG.runSuitesSequentially(TestNG.java:1176)
	at org.testng.TestNG.runSuitesLocally(TestNG.java:1101)
	at org.testng.TestNG.run(TestNG.java:1009)
	at org.testng.remote.RemoteTestNG.run(RemoteTestNG.java:111)
	at org.testng.remote.RemoteTestNG.initAndRun(RemoteTestNG.java:204)
	at org.testng.remote.RemoteTestNG.main(RemoteTestNG.java:175)
]]>
            </full-stacktrace>
          </exception> <!-- org.openqa.selenium.NoSuchElementException -->
          <reporter-output>
            <line>
              <![CDATA[<a href="C:\Users\499290\Desktop\TF\screenshot\_AddModule.png"><p align="left"> screenshot at Tue Nov 03 19:04:22 IST 2015</p>]]>
            </line>
          </reporter-output>
        </test-method> <!-- AddModule -->
        <test-method status="PASS" signature="AddIntervention()[pri:0, instance:MyPackage.CNRegressionAutomation@580929]" name="AddIntervention" duration-ms="52707" started-at="2015-11-03T19:04:22Z" finished-at="2015-11-03T19:05:15Z">
          <reporter-output>
            <line>
              <![CDATA[<a href="C:\Users\499290\Desktop\TF\screenshot\_AddIntervention.png"><p align="left"> screenshot at Tue Nov 03 19:05:15 IST 2015</p>]]>
            </line>
          </reporter-output>
        </test-method> <!-- AddIntervention -->
        <test-method status="PASS" signature="AddPRintervention()[pri:0, instance:MyPackage.CNRegressionAutomation@580929]" name="AddPRintervention" duration-ms="26438" started-at="2015-11-03T19:05:15Z" finished-at="2015-11-03T19:05:42Z">
          <reporter-output>
            <line>
              <![CDATA[<a href="C:\Users\499290\Desktop\TF\screenshot\_AddPRintervention.png"><p align="left"> screenshot at Tue Nov 03 19:05:42 IST 2015</p>]]>
            </line>
          </reporter-output>
        </test-method> <!-- AddPRintervention -->
        <test-method status="PASS" signature="GoalCreation()[pri:0, instance:MyPackage.CNRegressionAutomation@580929]" name="GoalCreation" duration-ms="42328" started-at="2015-11-03T19:05:42Z" finished-at="2015-11-03T19:06:25Z">
          <reporter-output>
            <line>
              <![CDATA[<a href="C:\Users\499290\Desktop\TF\screenshot\_GoalCreation.png"><p align="left"> screenshot at Tue Nov 03 19:06:25 IST 2015</p>]]>
            </line>
          </reporter-output>
        </test-method> <!-- GoalCreation -->
        <test-method status="PASS" signature="StdImpactIndicator()[pri:0, instance:MyPackage.CNRegressionAutomation@580929]" name="StdImpactIndicator" duration-ms="95000" started-at="2015-11-03T19:06:25Z" finished-at="2015-11-03T19:08:00Z">
          <reporter-output>
            <line>
              <![CDATA[<a href="C:\Users\499290\Desktop\TF\screenshot\_StdImpactIndicator.png"><p align="left"> screenshot at Tue Nov 03 19:08:00 IST 2015</p>]]>
            </line>
          </reporter-output>
        </test-method> <!-- StdImpactIndicator -->
        <test-method status="PASS" signature="CustomImpactInd()[pri:0, instance:MyPackage.CNRegressionAutomation@580929]" name="CustomImpactInd" duration-ms="38428" started-at="2015-11-03T19:08:00Z" finished-at="2015-11-03T19:08:39Z">
          <reporter-output>
            <line>
              <![CDATA[<a href="C:\Users\499290\Desktop\TF\screenshot\_CustomImpactInd.png"><p align="left"> screenshot at Tue Nov 03 19:08:39 IST 2015</p>]]>
            </line>
          </reporter-output>
        </test-method> <!-- CustomImpactInd -->
        <test-method status="PASS" signature="ObjectiveCreation()[pri:0, instance:MyPackage.CNRegressionAutomation@580929]" name="ObjectiveCreation" duration-ms="41739" started-at="2015-11-03T19:08:39Z" finished-at="2015-11-03T19:09:21Z">
          <reporter-output>
            <line>
              <![CDATA[<a href="C:\Users\499290\Desktop\TF\screenshot\_ObjectiveCreation.png"><p align="left"> screenshot at Tue Nov 03 19:09:22 IST 2015</p>]]>
            </line>
          </reporter-output>
        </test-method> <!-- ObjectiveCreation -->
        <test-method status="PASS" signature="StdOutcomeIndicator()[pri:0, instance:MyPackage.CNRegressionAutomation@580929]" name="StdOutcomeIndicator" duration-ms="92323" started-at="2015-11-03T19:09:22Z" finished-at="2015-11-03T19:10:55Z">
          <reporter-output>
            <line>
              <![CDATA[<a href="C:\Users\499290\Desktop\TF\screenshot\_StdOutcomeIndicator.png"><p align="left"> screenshot at Tue Nov 03 19:10:55 IST 2015</p>]]>
            </line>
          </reporter-output>
        </test-method> <!-- StdOutcomeIndicator -->
        <test-method status="PASS" signature="CustomOutcomeInd()[pri:0, instance:MyPackage.CNRegressionAutomation@580929]" name="CustomOutcomeInd" duration-ms="57257" started-at="2015-11-03T19:10:55Z" finished-at="2015-11-03T19:11:53Z">
          <reporter-output>
            <line>
              <![CDATA[<a href="C:\Users\499290\Desktop\TF\screenshot\_CustomOutcomeInd.png"><p align="left"> screenshot at Tue Nov 03 19:11:53 IST 2015</p>]]>
            </line>
          </reporter-output>
        </test-method> <!-- CustomOutcomeInd -->
        <test-method status="PASS" signature="CNModuleBudget()[pri:0, instance:MyPackage.CNRegressionAutomation@580929]" name="CNModuleBudget" duration-ms="47080" started-at="2015-11-03T19:11:53Z" finished-at="2015-11-03T19:12:40Z">
          <reporter-output>
            <line>
              <![CDATA[<a href="C:\Users\499290\Desktop\TF\screenshot\_CNModuleBudget.png"><p align="left"> screenshot at Tue Nov 03 19:12:40 IST 2015</p>]]>
            </line>
          </reporter-output>
        </test-method> <!-- CNModuleBudget -->
        <test-method status="PASS" signature="ChangeSubmissionDate()[pri:0, instance:MyPackage.CNRegressionAutomation@580929]" name="ChangeSubmissionDate" duration-ms="22697" started-at="2015-11-03T19:12:40Z" finished-at="2015-11-03T19:13:03Z">
          <reporter-output>
            <line>
              <![CDATA[<a href="C:\Users\499290\Desktop\TF\screenshot\_ChangeSubmissionDate.png"><p align="left"> screenshot at Tue Nov 03 19:13:04 IST 2015</p>]]>
            </line>
          </reporter-output>
        </test-method> <!-- ChangeSubmissionDate -->
        <test-method status="PASS" signature="UploadFile()[pri:0, instance:MyPackage.CNRegressionAutomation@580929]" name="UploadFile" duration-ms="56016" started-at="2015-11-03T19:13:04Z" finished-at="2015-11-03T19:14:00Z">
          <reporter-output>
            <line>
              <![CDATA[<a href="C:\Users\499290\Desktop\TF\screenshot\_UploadFile.png"><p align="left"> screenshot at Tue Nov 03 19:14:04 IST 2015</p>]]>
            </line>
          </reporter-output>
        </test-method> <!-- UploadFile -->
        <test-method status="PASS" signature="SubmitCN()[pri:0, instance:MyPackage.CNRegressionAutomation@580929]" name="SubmitCN" duration-ms="12541" started-at="2015-11-03T19:14:04Z" finished-at="2015-11-03T19:14:17Z">
          <reporter-output>
            <line>
              <![CDATA[<a href="C:\Users\499290\Desktop\TF\screenshot\_SubmitCN.png"><p align="left"> screenshot at Tue Nov 03 19:14:18 IST 2015</p>]]>
            </line>
          </reporter-output>
        </test-method> <!-- SubmitCN -->
        <test-method status="PASS" signature="CTLogin()[pri:0, instance:MyPackage.CNRegressionAutomation@580929]" name="CTLogin" duration-ms="19975" started-at="2015-11-03T19:14:18Z" finished-at="2015-11-03T19:14:38Z">
          <reporter-output>
            <line>
              <![CDATA[<a href="C:\Users\499290\Desktop\TF\screenshot\_CTLogin.png"><p align="left"> screenshot at Tue Nov 03 19:14:47 IST 2015</p>]]>
            </line>
          </reporter-output>
        </test-method> <!-- CTLogin -->
        <test-method status="FAIL" signature="FinalCoreDocument()[pri:0, instance:MyPackage.CNRegressionAutomation@580929]" name="FinalCoreDocument" duration-ms="49421" started-at="2015-11-03T19:14:47Z" finished-at="2015-11-03T19:15:37Z">
          <exception class="org.openqa.selenium.NoSuchElementException">
            <message>
              <![CDATA[no such element
  (Session info: chrome=46.0.2490.80)
  (Driver info: chromedriver=2.15.322448 (52179c1b310fec1797c81ea9a20326839860b7d3),platform=Windows NT 6.1 SP1 x86) (WARNING: The server did not provide any stacktrace information)
Command duration or timeout: 42.99 seconds
For documentation on this error, please visit: http://seleniumhq.org/exceptions/no_such_element.html
Build info: version: '2.43.0', revision: '597b76b', time: '2014-09-09 20:52:38'
System info: host: '01HW189758', ip: '192.168.9.158', os.name: 'Windows 7', os.arch: 'x86', os.version: '6.1', java.version: '1.8.0_31'
Driver info: org.openqa.selenium.chrome.ChromeDriver
Capabilities [{applicationCacheEnabled=false, rotatable=false, mobileEmulationEnabled=false, chrome={userDataDir=C:\Users\499290\AppData\Local\Temp\scoped_dir4920_29094}, takesHeapSnapshot=true, databaseEnabled=false, handlesAlerts=true, version=46.0.2490.80, platform=XP, browserConnectionEnabled=false, nativeEvents=true, acceptSslCerts=true, locationContextEnabled=true, webStorageEnabled=true, browserName=chrome, takesScreenshot=true, javascriptEnabled=true, cssSelectorsEnabled=true}]
Session ID: 577452046bd0ec993863d68f1efac77a]]>
            </message>
            <full-stacktrace>
              <![CDATA[org.openqa.selenium.NoSuchElementException: no such element
  (Session info: chrome=46.0.2490.80)
  (Driver info: chromedriver=2.15.322448 (52179c1b310fec1797c81ea9a20326839860b7d3),platform=Windows NT 6.1 SP1 x86) (WARNING: The server did not provide any stacktrace information)
Command duration or timeout: 42.99 seconds
For documentation on this error, please visit: http://seleniumhq.org/exceptions/no_such_element.html
Build info: version: '2.43.0', revision: '597b76b', time: '2014-09-09 20:52:38'
System info: host: '01HW189758', ip: '192.168.9.158', os.name: 'Windows 7', os.arch: 'x86', os.version: '6.1', java.version: '1.8.0_31'
Driver info: org.openqa.selenium.chrome.ChromeDriver
Capabilities [{applicationCacheEnabled=false, rotatable=false, mobileEmulationEnabled=false, chrome={userDataDir=C:\Users\499290\AppData\Local\Temp\scoped_dir4920_29094}, takesHeapSnapshot=true, databaseEnabled=false, handlesAlerts=true, version=46.0.2490.80, platform=XP, browserConnectionEnabled=false, nativeEvents=true, acceptSslCerts=true, locationContextEnabled=true, webStorageEnabled=true, browserName=chrome, takesScreenshot=true, javascriptEnabled=true, cssSelectorsEnabled=true}]
Session ID: 577452046bd0ec993863d68f1efac77a
	at sun.reflect.NativeConstructorAccessorImpl.newInstance0(Native Method)
	at sun.reflect.NativeConstructorAccessorImpl.newInstance(Unknown Source)
	at sun.reflect.DelegatingConstructorAccessorImpl.newInstance(Unknown Source)
	at java.lang.reflect.Constructor.newInstance(Unknown Source)
	at org.openqa.selenium.remote.ErrorHandler.createThrowable(ErrorHandler.java:204)
	at org.openqa.selenium.remote.ErrorHandler.throwIfResponseFailed(ErrorHandler.java:156)
	at org.openqa.selenium.remote.RemoteWebDriver.execute(RemoteWebDriver.java:599)
	at org.openqa.selenium.remote.RemoteWebDriver.findElement(RemoteWebDriver.java:352)
	at org.openqa.selenium.remote.RemoteWebDriver.findElementByLinkText(RemoteWebDriver.java:401)
	at org.openqa.selenium.By$ByLinkText.findElement(By.java:242)
	at org.openqa.selenium.remote.RemoteWebDriver.findElement(RemoteWebDriver.java:344)
	at MyPackage.CNRegressionAutomation.FinalCoreDocument(CNRegressionAutomation.java:1501)
	at sun.reflect.NativeMethodAccessorImpl.invoke0(Native Method)
	at sun.reflect.NativeMethodAccessorImpl.invoke(Unknown Source)
	at sun.reflect.DelegatingMethodAccessorImpl.invoke(Unknown Source)
	at java.lang.reflect.Method.invoke(Unknown Source)
	at org.testng.internal.MethodInvocationHelper.invokeMethod(MethodInvocationHelper.java:85)
	at org.testng.internal.Invoker.invokeMethod(Invoker.java:648)
	at org.testng.internal.Invoker.invokeTestMethod(Invoker.java:834)
	at org.testng.internal.Invoker.invokeTestMethods(Invoker.java:1142)
	at org.testng.internal.TestMethodWorker.invokeTestMethods(TestMethodWorker.java:124)
	at org.testng.internal.TestMethodWorker.run(TestMethodWorker.java:108)
	at org.testng.TestRunner.privateRun(TestRunner.java:771)
	at org.testng.TestRunner.run(TestRunner.java:621)
	at org.testng.SuiteRunner.runTest(SuiteRunner.java:357)
	at org.testng.SuiteRunner.runSequentially(SuiteRunner.java:352)
	at org.testng.SuiteRunner.privateRun(SuiteRunner.java:310)
	at org.testng.SuiteRunner.run(SuiteRunner.java:259)
	at org.testng.SuiteRunnerWorker.runSuite(SuiteRunnerWorker.java:52)
	at org.testng.SuiteRunnerWorker.run(SuiteRunnerWorker.java:86)
	at org.testng.TestNG.runSuitesSequentially(TestNG.java:1176)
	at org.testng.TestNG.runSuitesLocally(TestNG.java:1101)
	at org.testng.TestNG.run(TestNG.java:1009)
	at org.testng.remote.RemoteTestNG.run(RemoteTestNG.java:111)
	at org.testng.remote.RemoteTestNG.initAndRun(RemoteTestNG.java:204)
	at org.testng.remote.RemoteTestNG.main(RemoteTestNG.java:175)
]]>
            </full-stacktrace>
          </exception> <!-- org.openqa.selenium.NoSuchElementException -->
          <reporter-output>
            <line>
              <![CDATA[<a href="C:\Users\499290\Desktop\TF\screenshot\_FinalCoreDocument.png"><p align="left"> screenshot at Tue Nov 03 19:15:37 IST 2015</p>]]>
            </line>
          </reporter-output>
        </test-method> <!-- FinalCoreDocument -->
        <test-method status="FAIL" signature="FinalCTReview()[pri:0, instance:MyPackage.CNRegressionAutomation@580929]" name="FinalCTReview" duration-ms="7739" started-at="2015-11-03T19:15:37Z" finished-at="2015-11-03T19:15:45Z">
          <exception class="org.openqa.selenium.StaleElementReferenceException">
            <message>
              <![CDATA[stale element reference: element is not attached to the page document
  (Session info: chrome=46.0.2490.80)
  (Driver info: chromedriver=2.15.322448 (52179c1b310fec1797c81ea9a20326839860b7d3),platform=Windows NT 6.1 SP1 x86) (WARNING: The server did not provide any stacktrace information)
Command duration or timeout: 16 milliseconds
For documentation on this error, please visit: http://seleniumhq.org/exceptions/stale_element_reference.html
Build info: version: '2.43.0', revision: '597b76b', time: '2014-09-09 20:52:38'
System info: host: '01HW189758', ip: '192.168.9.158', os.name: 'Windows 7', os.arch: 'x86', os.version: '6.1', java.version: '1.8.0_31'
Driver info: org.openqa.selenium.chrome.ChromeDriver
Capabilities [{applicationCacheEnabled=false, rotatable=false, mobileEmulationEnabled=false, chrome={userDataDir=C:\Users\499290\AppData\Local\Temp\scoped_dir4920_29094}, takesHeapSnapshot=true, databaseEnabled=false, handlesAlerts=true, version=46.0.2490.80, platform=XP, browserConnectionEnabled=false, nativeEvents=true, acceptSslCerts=true, locationContextEnabled=true, webStorageEnabled=true, browserName=chrome, takesScreenshot=true, javascriptEnabled=true, cssSelectorsEnabled=true}]
Session ID: 577452046bd0ec993863d68f1efac77a]]>
            </message>
            <full-stacktrace>
              <![CDATA[org.openqa.selenium.StaleElementReferenceException: stale element reference: element is not attached to the page document
  (Session info: chrome=46.0.2490.80)
  (Driver info: chromedriver=2.15.322448 (52179c1b310fec1797c81ea9a20326839860b7d3),platform=Windows NT 6.1 SP1 x86) (WARNING: The server did not provide any stacktrace information)
Command duration or timeout: 16 milliseconds
For documentation on this error, please visit: http://seleniumhq.org/exceptions/stale_element_reference.html
Build info: version: '2.43.0', revision: '597b76b', time: '2014-09-09 20:52:38'
System info: host: '01HW189758', ip: '192.168.9.158', os.name: 'Windows 7', os.arch: 'x86', os.version: '6.1', java.version: '1.8.0_31'
Driver info: org.openqa.selenium.chrome.ChromeDriver
Capabilities [{applicationCacheEnabled=false, rotatable=false, mobileEmulationEnabled=false, chrome={userDataDir=C:\Users\499290\AppData\Local\Temp\scoped_dir4920_29094}, takesHeapSnapshot=true, databaseEnabled=false, handlesAlerts=true, version=46.0.2490.80, platform=XP, browserConnectionEnabled=false, nativeEvents=true, acceptSslCerts=true, locationContextEnabled=true, webStorageEnabled=true, browserName=chrome, takesScreenshot=true, javascriptEnabled=true, cssSelectorsEnabled=true}]
Session ID: 577452046bd0ec993863d68f1efac77a
	at sun.reflect.NativeConstructorAccessorImpl.newInstance0(Native Method)
	at sun.reflect.NativeConstructorAccessorImpl.newInstance(Unknown Source)
	at sun.reflect.DelegatingConstructorAccessorImpl.newInstance(Unknown Source)
	at java.lang.reflect.Constructor.newInstance(Unknown Source)
	at org.openqa.selenium.remote.ErrorHandler.createThrowable(ErrorHandler.java:204)
	at org.openqa.selenium.remote.ErrorHandler.throwIfResponseFailed(ErrorHandler.java:156)
	at org.openqa.selenium.remote.RemoteWebDriver.execute(RemoteWebDriver.java:599)
	at org.openqa.selenium.remote.RemoteWebDriver.executeScript(RemoteWebDriver.java:508)
	at MyPackage.HighlightElement.elementHighlight(HighlightElement.java:14)
	at MyPackage.CNRegressionAutomation.FinalCTReview(CNRegressionAutomation.java:1524)
	at sun.reflect.NativeMethodAccessorImpl.invoke0(Native Method)
	at sun.reflect.NativeMethodAccessorImpl.invoke(Unknown Source)
	at sun.reflect.DelegatingMethodAccessorImpl.invoke(Unknown Source)
	at java.lang.reflect.Method.invoke(Unknown Source)
	at org.testng.internal.MethodInvocationHelper.invokeMethod(MethodInvocationHelper.java:85)
	at org.testng.internal.Invoker.invokeMethod(Invoker.java:648)
	at org.testng.internal.Invoker.invokeTestMethod(Invoker.java:834)
	at org.testng.internal.Invoker.invokeTestMethods(Invoker.java:1142)
	at org.testng.internal.TestMethodWorker.invokeTestMethods(TestMethodWorker.java:124)
	at org.testng.internal.TestMethodWorker.run(TestMethodWorker.java:108)
	at org.testng.TestRunner.privateRun(TestRunner.java:771)
	at org.testng.TestRunner.run(TestRunner.java:621)
	at org.testng.SuiteRunner.runTest(SuiteRunner.java:357)
	at org.testng.SuiteRunner.runSequentially(SuiteRunner.java:352)
	at org.testng.SuiteRunner.privateRun(SuiteRunner.java:310)
	at org.testng.SuiteRunner.run(SuiteRunner.java:259)
	at org.testng.SuiteRunnerWorker.runSuite(SuiteRunnerWorker.java:52)
	at org.testng.SuiteRunnerWorker.run(SuiteRunnerWorker.java:86)
	at org.testng.TestNG.runSuitesSequentially(TestNG.java:1176)
	at org.testng.TestNG.runSuitesLocally(TestNG.java:1101)
	at org.testng.TestNG.run(TestNG.java:1009)
	at org.testng.remote.RemoteTestNG.run(RemoteTestNG.java:111)
	at org.testng.remote.RemoteTestNG.initAndRun(RemoteTestNG.java:204)
	at org.testng.remote.RemoteTestNG.main(RemoteTestNG.java:175)
]]>
            </full-stacktrace>
          </exception> <!-- org.openqa.selenium.StaleElementReferenceException -->
          <reporter-output>
            <line>
              <![CDATA[<a href="C:\Users\499290\Desktop\TF\screenshot\_FinalCTReview.png"><p align="left"> screenshot at Tue Nov 03 19:15:45 IST 2015</p>]]>
            </line>
          </reporter-output>
        </test-method> <!-- FinalCTReview -->
        <test-method status="FAIL" signature="FinalTranslationReview()[pri:0, instance:MyPackage.CNRegressionAutomation@580929]" name="FinalTranslationReview" duration-ms="72208" started-at="2015-11-03T19:15:45Z" finished-at="2015-11-03T19:16:57Z">
          <exception class="org.openqa.selenium.NoSuchElementException">
            <message>
              <![CDATA[no such element
  (Session info: chrome=46.0.2490.80)
  (Driver info: chromedriver=2.15.322448 (52179c1b310fec1797c81ea9a20326839860b7d3),platform=Windows NT 6.1 SP1 x86) (WARNING: The server did not provide any stacktrace information)
Command duration or timeout: 40.20 seconds
For documentation on this error, please visit: http://seleniumhq.org/exceptions/no_such_element.html
Build info: version: '2.43.0', revision: '597b76b', time: '2014-09-09 20:52:38'
System info: host: '01HW189758', ip: '192.168.9.158', os.name: 'Windows 7', os.arch: 'x86', os.version: '6.1', java.version: '1.8.0_31'
Driver info: org.openqa.selenium.chrome.ChromeDriver
Capabilities [{applicationCacheEnabled=false, rotatable=false, mobileEmulationEnabled=false, chrome={userDataDir=C:\Users\499290\AppData\Local\Temp\scoped_dir4920_29094}, takesHeapSnapshot=true, databaseEnabled=false, handlesAlerts=true, version=46.0.2490.80, platform=XP, browserConnectionEnabled=false, nativeEvents=true, acceptSslCerts=true, locationContextEnabled=true, webStorageEnabled=true, browserName=chrome, takesScreenshot=true, javascriptEnabled=true, cssSelectorsEnabled=true}]
Session ID: 577452046bd0ec993863d68f1efac77a]]>
            </message>
            <full-stacktrace>
              <![CDATA[org.openqa.selenium.NoSuchElementException: no such element
  (Session info: chrome=46.0.2490.80)
  (Driver info: chromedriver=2.15.322448 (52179c1b310fec1797c81ea9a20326839860b7d3),platform=Windows NT 6.1 SP1 x86) (WARNING: The server did not provide any stacktrace information)
Command duration or timeout: 40.20 seconds
For documentation on this error, please visit: http://seleniumhq.org/exceptions/no_such_element.html
Build info: version: '2.43.0', revision: '597b76b', time: '2014-09-09 20:52:38'
System info: host: '01HW189758', ip: '192.168.9.158', os.name: 'Windows 7', os.arch: 'x86', os.version: '6.1', java.version: '1.8.0_31'
Driver info: org.openqa.selenium.chrome.ChromeDriver
Capabilities [{applicationCacheEnabled=false, rotatable=false, mobileEmulationEnabled=false, chrome={userDataDir=C:\Users\499290\AppData\Local\Temp\scoped_dir4920_29094}, takesHeapSnapshot=true, databaseEnabled=false, handlesAlerts=true, version=46.0.2490.80, platform=XP, browserConnectionEnabled=false, nativeEvents=true, acceptSslCerts=true, locationContextEnabled=true, webStorageEnabled=true, browserName=chrome, takesScreenshot=true, javascriptEnabled=true, cssSelectorsEnabled=true}]
Session ID: 577452046bd0ec993863d68f1efac77a
	at sun.reflect.NativeConstructorAccessorImpl.newInstance0(Native Method)
	at sun.reflect.NativeConstructorAccessorImpl.newInstance(Unknown Source)
	at sun.reflect.DelegatingConstructorAccessorImpl.newInstance(Unknown Source)
	at java.lang.reflect.Constructor.newInstance(Unknown Source)
	at org.openqa.selenium.remote.ErrorHandler.createThrowable(ErrorHandler.java:204)
	at org.openqa.selenium.remote.ErrorHandler.throwIfResponseFailed(ErrorHandler.java:156)
	at org.openqa.selenium.remote.RemoteWebDriver.execute(RemoteWebDriver.java:599)
	at org.openqa.selenium.remote.RemoteWebDriver.findElement(RemoteWebDriver.java:352)
	at org.openqa.selenium.remote.RemoteWebDriver.findElementById(RemoteWebDriver.java:393)
	at org.openqa.selenium.By$ById.findElement(By.java:214)
	at org.openqa.selenium.remote.RemoteWebDriver.findElement(RemoteWebDriver.java:344)
	at MyPackage.CNRegressionAutomation.FinalTranslationReview(CNRegressionAutomation.java:1586)
	at sun.reflect.NativeMethodAccessorImpl.invoke0(Native Method)
	at sun.reflect.NativeMethodAccessorImpl.invoke(Unknown Source)
	at sun.reflect.DelegatingMethodAccessorImpl.invoke(Unknown Source)
	at java.lang.reflect.Method.invoke(Unknown Source)
	at org.testng.internal.MethodInvocationHelper.invokeMethod(MethodInvocationHelper.java:85)
	at org.testng.internal.Invoker.invokeMethod(Invoker.java:648)
	at org.testng.internal.Invoker.invokeTestMethod(Invoker.java:834)
	at org.testng.internal.Invoker.invokeTestMethods(Invoker.java:1142)
	at org.testng.internal.TestMethodWorker.invokeTestMethods(TestMethodWorker.java:124)
	at org.testng.internal.TestMethodWorker.run(TestMethodWorker.java:108)
	at org.testng.TestRunner.privateRun(TestRunner.java:771)
	at org.testng.TestRunner.run(TestRunner.java:621)
	at org.testng.SuiteRunner.runTest(SuiteRunner.java:357)
	at org.testng.SuiteRunner.runSequentially(SuiteRunner.java:352)
	at org.testng.SuiteRunner.privateRun(SuiteRunner.java:310)
	at org.testng.SuiteRunner.run(SuiteRunner.java:259)
	at org.testng.SuiteRunnerWorker.runSuite(SuiteRunnerWorker.java:52)
	at org.testng.SuiteRunnerWorker.run(SuiteRunnerWorker.java:86)
	at org.testng.TestNG.runSuitesSequentially(TestNG.java:1176)
	at org.testng.TestNG.runSuitesLocally(TestNG.java:1101)
	at org.testng.TestNG.run(TestNG.java:1009)
	at org.testng.remote.RemoteTestNG.run(RemoteTestNG.java:111)
	at org.testng.remote.RemoteTestNG.initAndRun(RemoteTestNG.java:204)
	at org.testng.remote.RemoteTestNG.main(RemoteTestNG.java:175)
]]>
            </full-stacktrace>
          </exception> <!-- org.openqa.selenium.NoSuchElementException -->
          <reporter-output>
            <line>
              <![CDATA[<a href="C:\Users\499290\Desktop\TF\screenshot\_FinalTranslationReview.png"><p align="left"> screenshot at Tue Nov 03 19:16:58 IST 2015</p>]]>
            </line>
          </reporter-output>
        </test-method> <!-- FinalTranslationReview -->
        <test-method status="PASS" signature="CCMEditChkAfterCTReview()[pri:0, instance:MyPackage.CNRegressionAutomation@580929]" name="CCMEditChkAfterCTReview" duration-ms="163006" started-at="2015-11-03T19:16:58Z" finished-at="2015-11-03T19:19:41Z">
          <reporter-output>
            <line>
              <![CDATA[<a href="C:\Users\499290\Desktop\TF\screenshot\_CCMEditChkAfterCTReview.png"><p align="left"> screenshot at Tue Nov 03 19:19:42 IST 2015</p>]]>
            </line>
          </reporter-output>
        </test-method> <!-- CCMEditChkAfterCTReview -->
        <test-method status="PASS" signature="StopRecording1()[pri:0, instance:MyPackage.CNRegressionAutomation@580929]" name="StopRecording1" is-config="true" duration-ms="1134" started-at="2015-11-03T19:19:42Z" finished-at="2015-11-03T19:19:43Z">
          <reporter-output>
          </reporter-output>
        </test-method> <!-- StopRecording1 -->
      </class> <!-- MyPackage.CNRegressionAutomation -->
    </test> <!-- Test -->
    <test name="Test A2F" duration-ms="485965" started-at="2015-11-03T13:49:43Z" finished-at="2015-11-03T13:57:49Z">
      <class name="MyPackage.A2FUSer">
        <test-method status="PASS" signature="Recording()[pri:0, instance:MyPackage.A2FUSer@1690630]" name="Recording" is-config="true" duration-ms="74" started-at="2015-11-03T19:19:43Z" finished-at="2015-11-03T19:19:43Z">
          <reporter-output>
          </reporter-output>
        </test-method> <!-- Recording -->
        <test-method status="PASS" signature="Login()[pri:0, instance:MyPackage.A2FUSer@1690630]" name="Login" duration-ms="86645" started-at="2015-11-03T19:19:43Z" finished-at="2015-11-03T19:21:10Z">
          <reporter-output>
            <line>
              <![CDATA[<a href="C:\Users\499290\Desktop\TF\screenshot\_Login.png"><p align="left"> screenshot at Tue Nov 03 19:21:17 IST 2015</p>]]>
            </line>
          </reporter-output>
        </test-method> <!-- Login -->
        <test-method status="PASS" signature="IterationScenarios()[pri:0, instance:MyPackage.A2FUSer@1690630]" name="IterationScenarios" duration-ms="390636" started-at="2015-11-03T19:21:17Z" finished-at="2015-11-03T19:27:47Z">
          <reporter-output>
            <line>
              <![CDATA[<a href="C:\Users\499290\Desktop\TF\screenshot\_IterationScenarios.png"><p align="left"> screenshot at Tue Nov 03 19:27:48 IST 2015</p>]]>
            </line>
          </reporter-output>
        </test-method> <!-- IterationScenarios -->
        <test-method status="PASS" signature="StopRecording1()[pri:0, instance:MyPackage.A2FUSer@1690630]" name="StopRecording1" is-config="true" duration-ms="784" started-at="2015-11-03T19:27:48Z" finished-at="2015-11-03T19:27:49Z">
          <reporter-output>
          </reporter-output>
        </test-method> <!-- StopRecording1 -->
      </class> <!-- MyPackage.A2FUSer -->
    </test> <!-- Test A2F -->
  </suite> <!-- Default suite -->
</testng-results>
