<?xml version="1.0" encoding="UTF-8"?>
<testng-results skipped="0" failed="3" total="27" passed="24">
  <reporter-output>
    <line>
      <![CDATA[[a href="C:\Users\499290\Desktop\TF\screenshot\_Login.png"][p align="left"] screenshot at Tue Mar 01 12:45:11 IST 2016[/p]<br>]]>
    </line>
    <line>
      <![CDATA[[a href="C:\Users\499290\Desktop\TF\screenshot\_VerificationOfOverviewPage.png"][p align="left"] screenshot at Tue Mar 01 12:45:12 IST 2016[/p]<br>]]>
    </line>
    <line>
      <![CDATA[[a href="C:\Users\499290\Desktop\TF\screenshot\_TRPDateRegister.png"][p align="left"] screenshot at Tue Mar 01 12:45:30 IST 2016[/p]<br>]]>
    </line>
    <line>
      <![CDATA[[a href="C:\Users\499290\Desktop\TF\screenshot\_CTPositiveAssessment.png"][p align="left"] screenshot at Tue Mar 01 12:46:37 IST 2016[/p]<br>]]>
    </line>
    <line>
      <![CDATA[[a href="C:\Users\499290\Desktop\TF\screenshot\_AddModule.png"][p align="left"] screenshot at Tue Mar 01 12:47:20 IST 2016[/p]<br>]]>
    </line>
    <line>
      <![CDATA[[a href="C:\Users\499290\Desktop\TF\screenshot\_AddIntervention.png"][p align="left"] screenshot at Tue Mar 01 12:48:14 IST 2016[/p]<br>]]>
    </line>
    <line>
      <![CDATA[[a href="C:\Users\499290\Desktop\TF\screenshot\_AddPRintervention.png"][p align="left"] screenshot at Tue Mar 01 12:48:41 IST 2016[/p]<br>]]>
    </line>
    <line>
      <![CDATA[[a href="C:\Users\499290\Desktop\TF\screenshot\_GoalCreation.png"][p align="left"] screenshot at Tue Mar 01 12:49:26 IST 2016[/p]<br>]]>
    </line>
    <line>
      <![CDATA[[a href="C:\Users\499290\Desktop\TF\screenshot\_StdImpactIndicator.png"][p align="left"] screenshot at Tue Mar 01 12:51:17 IST 2016[/p]<br>]]>
    </line>
    <line>
      <![CDATA[[a href="C:\Users\499290\Desktop\TF\screenshot\_CustomImpactInd.png"][p align="left"] screenshot at Tue Mar 01 12:52:02 IST 2016[/p]<br>]]>
    </line>
    <line>
      <![CDATA[[a href="C:\Users\499290\Desktop\TF\screenshot\_ObjectiveCreation.png"][p align="left"] screenshot at Tue Mar 01 12:52:18 IST 2016[/p]<br>]]>
    </line>
    <line>
      <![CDATA[[a href="C:\Users\499290\Desktop\TF\screenshot\_StdOutcomeIndicator.png"][p align="left"] screenshot at Tue Mar 01 12:54:08 IST 2016[/p]<br>]]>
    </line>
    <line>
      <![CDATA[[a href="C:\Users\499290\Desktop\TF\screenshot\_CustomOutcomeInd.png"][p align="left"] screenshot at Tue Mar 01 12:55:54 IST 2016[/p]<br>]]>
    </line>
    <line>
      <![CDATA[[a href="C:\Users\499290\Desktop\TF\screenshot\_CustomeCoverageOutput.png"][p align="left"] screenshot at Tue Mar 01 12:57:48 IST 2016[/p]<br>]]>
    </line>
    <line>
      <![CDATA[[a href="C:\Users\499290\Desktop\TF\screenshot\_CNModuleBudget.png"][p align="left"] screenshot at Tue Mar 01 12:58:41 IST 2016[/p]<br>]]>
    </line>
    <line>
      <![CDATA[[a href="C:\Users\499290\Desktop\TF\screenshot\_ChangeSubmissionDate.png"][p align="left"] screenshot at Tue Mar 01 12:59:04 IST 2016[/p]<br>]]>
    </line>
    <line>
      <![CDATA[[a href="C:\Users\499290\Desktop\TF\screenshot\_UploadFile.png"][p align="left"] screenshot at Tue Mar 01 13:00:15 IST 2016[/p]<br>]]>
    </line>
    <line>
      <![CDATA[[a href="C:\Users\499290\Desktop\TF\screenshot\_SubmitCN.png"][p align="left"] screenshot at Tue Mar 01 13:00:34 IST 2016[/p]<br>]]>
    </line>
    <line>
      <![CDATA[[a href="C:\Users\499290\Desktop\TF\screenshot\_CCMEditChk.png"][p align="left"] screenshot at Tue Mar 01 13:03:00 IST 2016[/p]<br>]]>
    </line>
    <line>
      <![CDATA[[a href="C:\Users\499290\Desktop\TF\screenshot\_CTLogin.png"][p align="left"] screenshot at Tue Mar 01 13:03:29 IST 2016[/p]<br>]]>
    </line>
    <line>
      <![CDATA[[a href="C:\Users\499290\Desktop\TF\screenshot\_FinalCoreDocument.png"][p align="left"] screenshot at Tue Mar 01 13:04:06 IST 2016[/p]<br>]]>
    </line>
    <line>
      <![CDATA[[a href="C:\Users\499290\Desktop\TF\screenshot\_FinalCTReview.png"][p align="left"] screenshot at Tue Mar 01 13:04:14 IST 2016[/p]<br>]]>
    </line>
    <line>
      <![CDATA[[a href="C:\Users\499290\Desktop\TF\screenshot\_FinalTranslationReview.png"][p align="left"] screenshot at Tue Mar 01 13:05:23 IST 2016[/p]<br>]]>
    </line>
    <line>
      <![CDATA[[a href="C:\Users\499290\Desktop\TF\screenshot\_CCMEditChkAfterCTReview.png"][p align="left"] screenshot at Tue Mar 01 13:07:50 IST 2016[/p]<br>]]>
    </line>
    <line>
      <![CDATA[[a href="C:\Users\499290\Desktop\TF\screenshot\_IterationScenarios.png"][p align="left"] screenshot at Tue Mar 01 13:08:43 IST 2016[/p]<br>]]>
    </line>
    <line>
      <![CDATA[[a href="C:\Users\499290\Desktop\TF\screenshot\_ItrNotSubmittedEditChk.png"][p align="left"] screenshot at Tue Mar 01 13:09:33 IST 2016[/p]<br>]]>
    </line>
    <line>
      <![CDATA[[a href="C:\Users\499290\Desktop\TF\screenshot\_SubmitItrCN.png"][p align="left"] screenshot at Tue Mar 01 13:09:58 IST 2016[/p]<br>]]>
    </line>
  </reporter-output>
  <suite name="Default suite" duration-ms="1616482" started-at="2016-03-01T07:13:04Z" finished-at="2016-03-01T07:40:00Z">
    <groups>
    </groups>
    <test name="Test" duration-ms="1616482" started-at="2016-03-01T07:13:04Z" finished-at="2016-03-01T07:40:00Z">
      <class name="MyPackage.CNRegressionAutomation">
        <test-method status="PASS" signature="Recording()[pri:0, instance:MyPackage.CNRegressionAutomation@1c36524]" name="Recording" is-config="true" duration-ms="1706" started-at="2016-03-01T12:43:04Z" finished-at="2016-03-01T12:43:06Z">
          <reporter-output>
          </reporter-output>
        </test-method> <!-- Recording -->
        <test-method status="PASS" signature="Login()[pri:0, instance:MyPackage.CNRegressionAutomation@1c36524]" name="Login" duration-ms="122706" started-at="2016-03-01T12:43:06Z" finished-at="2016-03-01T12:45:08Z">
          <reporter-output>
          </reporter-output>
        </test-method> <!-- Login -->
        <test-method status="FAIL" signature="VerificationOfOverviewPage()[pri:0, instance:MyPackage.CNRegressionAutomation@1c36524]" name="VerificationOfOverviewPage" duration-ms="402" started-at="2016-03-01T12:45:11Z" finished-at="2016-03-01T12:45:12Z">
          <exception class="java.lang.AssertionError">
            <message>
              <![CDATA[expected [Global Fund Grant Management Portal] but found [salesforce.com - Enterprise Edition]]]>
            </message>
            <full-stacktrace>
              <![CDATA[java.lang.AssertionError: expected [Global Fund Grant Management Portal] but found [salesforce.com - Enterprise Edition]
	at org.testng.Assert.fail(Assert.java:89)
	at org.testng.Assert.failNotEquals(Assert.java:489)
	at org.testng.Assert.assertEquals(Assert.java:118)
	at org.testng.Assert.assertEquals(Assert.java:171)
	at org.testng.Assert.assertEquals(Assert.java:181)
	at MyPackage.CNRegressionAutomation.VerificationOfOverviewPage(CNRegressionAutomation.java:87)
	at sun.reflect.NativeMethodAccessorImpl.invoke0(Native Method)
	at sun.reflect.NativeMethodAccessorImpl.invoke(Unknown Source)
	at sun.reflect.DelegatingMethodAccessorImpl.invoke(Unknown Source)
	at java.lang.reflect.Method.invoke(Unknown Source)
	at org.testng.internal.MethodInvocationHelper.invokeMethod(MethodInvocationHelper.java:80)
	at org.testng.internal.Invoker.invokeMethod(Invoker.java:715)
	at org.testng.internal.Invoker.invokeTestMethod(Invoker.java:907)
	at org.testng.internal.Invoker.invokeTestMethods(Invoker.java:1237)
	at org.testng.internal.TestMethodWorker.invokeTestMethods(TestMethodWorker.java:127)
	at org.testng.internal.TestMethodWorker.run(TestMethodWorker.java:111)
	at org.testng.TestRunner.privateRun(TestRunner.java:767)
	at org.testng.TestRunner.run(TestRunner.java:617)
	at org.testng.SuiteRunner.runTest(SuiteRunner.java:334)
	at org.testng.SuiteRunner.runSequentially(SuiteRunner.java:329)
	at org.testng.SuiteRunner.privateRun(SuiteRunner.java:291)
	at org.testng.SuiteRunner.run(SuiteRunner.java:240)
	at org.testng.SuiteRunnerWorker.runSuite(SuiteRunnerWorker.java:51)
	at org.testng.SuiteRunnerWorker.run(SuiteRunnerWorker.java:85)
	at org.testng.TestNG.runSuitesSequentially(TestNG.java:1197)
	at org.testng.TestNG.runSuitesLocally(TestNG.java:1122)
	at org.testng.TestNG.run(TestNG.java:1030)
	at org.testng.remote.RemoteTestNG.run(RemoteTestNG.java:115)
	at org.testng.remote.RemoteTestNG.initAndRun(RemoteTestNG.java:207)
	at org.testng.remote.RemoteTestNG.main(RemoteTestNG.java:178)
]]>
            </full-stacktrace>
          </exception> <!-- java.lang.AssertionError -->
          <reporter-output>
          </reporter-output>
        </test-method> <!-- VerificationOfOverviewPage -->
        <test-method status="PASS" signature="TRPDateRegister()[pri:0, instance:MyPackage.CNRegressionAutomation@1c36524]" name="TRPDateRegister" duration-ms="17619" started-at="2016-03-01T12:45:12Z" finished-at="2016-03-01T12:45:30Z">
          <reporter-output>
          </reporter-output>
        </test-method> <!-- TRPDateRegister -->
        <test-method status="PASS" signature="CTPositiveAssessment()[pri:0, instance:MyPackage.CNRegressionAutomation@1c36524]" name="CTPositiveAssessment" duration-ms="65758" started-at="2016-03-01T12:45:30Z" finished-at="2016-03-01T12:46:36Z">
          <reporter-output>
          </reporter-output>
        </test-method> <!-- CTPositiveAssessment -->
        <test-method status="PASS" signature="AddModule()[pri:0, instance:MyPackage.CNRegressionAutomation@1c36524]" name="AddModule" duration-ms="43275" started-at="2016-03-01T12:46:37Z" finished-at="2016-03-01T12:47:20Z">
          <reporter-output>
          </reporter-output>
        </test-method> <!-- AddModule -->
        <test-method status="PASS" signature="AddIntervention()[pri:0, instance:MyPackage.CNRegressionAutomation@1c36524]" name="AddIntervention" duration-ms="52533" started-at="2016-03-01T12:47:20Z" finished-at="2016-03-01T12:48:13Z">
          <reporter-output>
          </reporter-output>
        </test-method> <!-- AddIntervention -->
        <test-method status="PASS" signature="AddPRintervention()[pri:0, instance:MyPackage.CNRegressionAutomation@1c36524]" name="AddPRintervention" duration-ms="26705" started-at="2016-03-01T12:48:14Z" finished-at="2016-03-01T12:48:41Z">
          <reporter-output>
          </reporter-output>
        </test-method> <!-- AddPRintervention -->
        <test-method status="PASS" signature="GoalCreation()[pri:0, instance:MyPackage.CNRegressionAutomation@1c36524]" name="GoalCreation" duration-ms="44343" started-at="2016-03-01T12:48:41Z" finished-at="2016-03-01T12:49:25Z">
          <reporter-output>
          </reporter-output>
        </test-method> <!-- GoalCreation -->
        <test-method status="PASS" signature="StdImpactIndicator()[pri:0, instance:MyPackage.CNRegressionAutomation@1c36524]" name="StdImpactIndicator" duration-ms="109871" started-at="2016-03-01T12:49:26Z" finished-at="2016-03-01T12:51:16Z">
          <reporter-output>
          </reporter-output>
        </test-method> <!-- StdImpactIndicator -->
        <test-method status="PASS" signature="CustomImpactInd()[pri:0, instance:MyPackage.CNRegressionAutomation@1c36524]" name="CustomImpactInd" duration-ms="44612" started-at="2016-03-01T12:51:17Z" finished-at="2016-03-01T12:52:01Z">
          <reporter-output>
          </reporter-output>
        </test-method> <!-- CustomImpactInd -->
        <test-method status="FAIL" signature="ObjectiveCreation()[pri:0, instance:MyPackage.CNRegressionAutomation@1c36524]" name="ObjectiveCreation" duration-ms="15088" started-at="2016-03-01T12:52:02Z" finished-at="2016-03-01T12:52:17Z">
          <exception class="org.openqa.selenium.StaleElementReferenceException">
            <message>
              <![CDATA[stale element reference: element is not attached to the page document
  (Session info: chrome=48.0.2564.116)
  (Driver info: chromedriver=2.15.322448 (52179c1b310fec1797c81ea9a20326839860b7d3),platform=Windows NT 6.1 SP1 x86) (WARNING: The server did not provide any stacktrace information)
Command duration or timeout: 32 milliseconds
For documentation on this error, please visit: http://seleniumhq.org/exceptions/stale_element_reference.html
Build info: version: '2.47.1', revision: '411b314', time: '2015-07-30 02:56:46'
System info: host: '01HW189957', ip: '192.168.9.36', os.name: 'Windows 7', os.arch: 'x86', os.version: '6.1', java.version: '1.8.0_74'
Driver info: org.openqa.selenium.chrome.ChromeDriver
Capabilities [{applicationCacheEnabled=false, rotatable=false, mobileEmulationEnabled=false, chrome={userDataDir=C:\Users\554525\AppData\Local\Temp\scoped_dir3576_24139}, takesHeapSnapshot=true, databaseEnabled=false, handlesAlerts=true, version=48.0.2564.116, platform=XP, browserConnectionEnabled=false, nativeEvents=true, acceptSslCerts=true, locationContextEnabled=true, webStorageEnabled=true, browserName=chrome, takesScreenshot=true, javascriptEnabled=true, cssSelectorsEnabled=true}]
Session ID: 03c395e980d8f7c4ebcc9e1690bd3337]]>
            </message>
            <full-stacktrace>
              <![CDATA[org.openqa.selenium.StaleElementReferenceException: stale element reference: element is not attached to the page document
  (Session info: chrome=48.0.2564.116)
  (Driver info: chromedriver=2.15.322448 (52179c1b310fec1797c81ea9a20326839860b7d3),platform=Windows NT 6.1 SP1 x86) (WARNING: The server did not provide any stacktrace information)
Command duration or timeout: 32 milliseconds
For documentation on this error, please visit: http://seleniumhq.org/exceptions/stale_element_reference.html
Build info: version: '2.47.1', revision: '411b314', time: '2015-07-30 02:56:46'
System info: host: '01HW189957', ip: '192.168.9.36', os.name: 'Windows 7', os.arch: 'x86', os.version: '6.1', java.version: '1.8.0_74'
Driver info: org.openqa.selenium.chrome.ChromeDriver
Capabilities [{applicationCacheEnabled=false, rotatable=false, mobileEmulationEnabled=false, chrome={userDataDir=C:\Users\554525\AppData\Local\Temp\scoped_dir3576_24139}, takesHeapSnapshot=true, databaseEnabled=false, handlesAlerts=true, version=48.0.2564.116, platform=XP, browserConnectionEnabled=false, nativeEvents=true, acceptSslCerts=true, locationContextEnabled=true, webStorageEnabled=true, browserName=chrome, takesScreenshot=true, javascriptEnabled=true, cssSelectorsEnabled=true}]
Session ID: 03c395e980d8f7c4ebcc9e1690bd3337
	at sun.reflect.NativeConstructorAccessorImpl.newInstance0(Native Method)
	at sun.reflect.NativeConstructorAccessorImpl.newInstance(Unknown Source)
	at sun.reflect.DelegatingConstructorAccessorImpl.newInstance(Unknown Source)
	at java.lang.reflect.Constructor.newInstance(Unknown Source)
	at org.openqa.selenium.remote.ErrorHandler.createThrowable(ErrorHandler.java:206)
	at org.openqa.selenium.remote.ErrorHandler.throwIfResponseFailed(ErrorHandler.java:158)
	at org.openqa.selenium.remote.RemoteWebDriver.execute(RemoteWebDriver.java:595)
	at org.openqa.selenium.remote.RemoteWebElement.execute(RemoteWebElement.java:273)
	at org.openqa.selenium.remote.RemoteWebElement.click(RemoteWebElement.java:84)
	at MyPackage.CNRegressionAutomation.ObjectiveCreation(CNRegressionAutomation.java:669)
	at sun.reflect.NativeMethodAccessorImpl.invoke0(Native Method)
	at sun.reflect.NativeMethodAccessorImpl.invoke(Unknown Source)
	at sun.reflect.DelegatingMethodAccessorImpl.invoke(Unknown Source)
	at java.lang.reflect.Method.invoke(Unknown Source)
	at org.testng.internal.MethodInvocationHelper.invokeMethod(MethodInvocationHelper.java:80)
	at org.testng.internal.Invoker.invokeMethod(Invoker.java:715)
	at org.testng.internal.Invoker.invokeTestMethod(Invoker.java:907)
	at org.testng.internal.Invoker.invokeTestMethods(Invoker.java:1237)
	at org.testng.internal.TestMethodWorker.invokeTestMethods(TestMethodWorker.java:127)
	at org.testng.internal.TestMethodWorker.run(TestMethodWorker.java:111)
	at org.testng.TestRunner.privateRun(TestRunner.java:767)
	at org.testng.TestRunner.run(TestRunner.java:617)
	at org.testng.SuiteRunner.runTest(SuiteRunner.java:334)
	at org.testng.SuiteRunner.runSequentially(SuiteRunner.java:329)
	at org.testng.SuiteRunner.privateRun(SuiteRunner.java:291)
	at org.testng.SuiteRunner.run(SuiteRunner.java:240)
	at org.testng.SuiteRunnerWorker.runSuite(SuiteRunnerWorker.java:51)
	at org.testng.SuiteRunnerWorker.run(SuiteRunnerWorker.java:85)
	at org.testng.TestNG.runSuitesSequentially(TestNG.java:1197)
	at org.testng.TestNG.runSuitesLocally(TestNG.java:1122)
	at org.testng.TestNG.run(TestNG.java:1030)
	at org.testng.remote.RemoteTestNG.run(RemoteTestNG.java:115)
	at org.testng.remote.RemoteTestNG.initAndRun(RemoteTestNG.java:207)
	at org.testng.remote.RemoteTestNG.main(RemoteTestNG.java:178)
]]>
            </full-stacktrace>
          </exception> <!-- org.openqa.selenium.StaleElementReferenceException -->
          <reporter-output>
          </reporter-output>
        </test-method> <!-- ObjectiveCreation -->
        <test-method status="PASS" signature="StdOutcomeIndicator()[pri:0, instance:MyPackage.CNRegressionAutomation@1c36524]" name="StdOutcomeIndicator" duration-ms="109384" started-at="2016-03-01T12:52:18Z" finished-at="2016-03-01T12:54:07Z">
          <reporter-output>
          </reporter-output>
        </test-method> <!-- StdOutcomeIndicator -->
        <test-method status="PASS" signature="CustomOutcomeInd()[pri:0, instance:MyPackage.CNRegressionAutomation@1c36524]" name="CustomOutcomeInd" duration-ms="105165" started-at="2016-03-01T12:54:08Z" finished-at="2016-03-01T12:55:53Z">
          <reporter-output>
          </reporter-output>
        </test-method> <!-- CustomOutcomeInd -->
        <test-method status="PASS" signature="CustomeCoverageOutput()[pri:0, instance:MyPackage.CNRegressionAutomation@1c36524]" name="CustomeCoverageOutput" duration-ms="113416" started-at="2016-03-01T12:55:54Z" finished-at="2016-03-01T12:57:47Z">
          <reporter-output>
          </reporter-output>
        </test-method> <!-- CustomeCoverageOutput -->
        <test-method status="PASS" signature="CNModuleBudget()[pri:0, instance:MyPackage.CNRegressionAutomation@1c36524]" name="CNModuleBudget" duration-ms="52971" started-at="2016-03-01T12:57:48Z" finished-at="2016-03-01T12:58:41Z">
          <reporter-output>
          </reporter-output>
        </test-method> <!-- CNModuleBudget -->
        <test-method status="PASS" signature="ChangeSubmissionDate()[pri:0, instance:MyPackage.CNRegressionAutomation@1c36524]" name="ChangeSubmissionDate" duration-ms="21932" started-at="2016-03-01T12:58:41Z" finished-at="2016-03-01T12:59:03Z">
          <reporter-output>
          </reporter-output>
        </test-method> <!-- ChangeSubmissionDate -->
        <test-method status="PASS" signature="UploadFile()[pri:0, instance:MyPackage.CNRegressionAutomation@1c36524]" name="UploadFile" duration-ms="66801" started-at="2016-03-01T12:59:04Z" finished-at="2016-03-01T13:00:11Z">
          <reporter-output>
          </reporter-output>
        </test-method> <!-- UploadFile -->
        <test-method status="PASS" signature="SubmitCN()[pri:0, instance:MyPackage.CNRegressionAutomation@1c36524]" name="SubmitCN" duration-ms="18583" started-at="2016-03-01T13:00:15Z" finished-at="2016-03-01T13:00:34Z">
          <reporter-output>
          </reporter-output>
        </test-method> <!-- SubmitCN -->
        <test-method status="PASS" signature="CCMEditChk()[pri:0, instance:MyPackage.CNRegressionAutomation@1c36524]" name="CCMEditChk" duration-ms="145097" started-at="2016-03-01T13:00:34Z" finished-at="2016-03-01T13:03:00Z">
          <reporter-output>
          </reporter-output>
        </test-method> <!-- CCMEditChk -->
        <test-method status="PASS" signature="CTLogin()[pri:0, instance:MyPackage.CNRegressionAutomation@1c36524]" name="CTLogin" duration-ms="21335" started-at="2016-03-01T13:03:00Z" finished-at="2016-03-01T13:03:21Z">
          <reporter-output>
          </reporter-output>
        </test-method> <!-- CTLogin -->
        <test-method status="PASS" signature="FinalCoreDocument()[pri:0, instance:MyPackage.CNRegressionAutomation@1c36524]" name="FinalCoreDocument" duration-ms="36578" started-at="2016-03-01T13:03:29Z" finished-at="2016-03-01T13:04:05Z">
          <reporter-output>
          </reporter-output>
        </test-method> <!-- FinalCoreDocument -->
        <test-method status="FAIL" signature="FinalCTReview()[pri:0, instance:MyPackage.CNRegressionAutomation@1c36524]" name="FinalCTReview" duration-ms="7253" started-at="2016-03-01T13:04:06Z" finished-at="2016-03-01T13:04:13Z">
          <exception class="org.openqa.selenium.StaleElementReferenceException">
            <message>
              <![CDATA[stale element reference: element is not attached to the page document
  (Session info: chrome=48.0.2564.116)
  (Driver info: chromedriver=2.15.322448 (52179c1b310fec1797c81ea9a20326839860b7d3),platform=Windows NT 6.1 SP1 x86) (WARNING: The server did not provide any stacktrace information)
Command duration or timeout: 55 milliseconds
For documentation on this error, please visit: http://seleniumhq.org/exceptions/stale_element_reference.html
Build info: version: '2.47.1', revision: '411b314', time: '2015-07-30 02:56:46'
System info: host: '01HW189957', ip: '192.168.9.36', os.name: 'Windows 7', os.arch: 'x86', os.version: '6.1', java.version: '1.8.0_74'
Driver info: org.openqa.selenium.chrome.ChromeDriver
Capabilities [{applicationCacheEnabled=false, rotatable=false, mobileEmulationEnabled=false, chrome={userDataDir=C:\Users\554525\AppData\Local\Temp\scoped_dir3576_24139}, takesHeapSnapshot=true, databaseEnabled=false, handlesAlerts=true, version=48.0.2564.116, platform=XP, browserConnectionEnabled=false, nativeEvents=true, acceptSslCerts=true, locationContextEnabled=true, webStorageEnabled=true, browserName=chrome, takesScreenshot=true, javascriptEnabled=true, cssSelectorsEnabled=true}]
Session ID: 03c395e980d8f7c4ebcc9e1690bd3337]]>
            </message>
            <full-stacktrace>
              <![CDATA[org.openqa.selenium.StaleElementReferenceException: stale element reference: element is not attached to the page document
  (Session info: chrome=48.0.2564.116)
  (Driver info: chromedriver=2.15.322448 (52179c1b310fec1797c81ea9a20326839860b7d3),platform=Windows NT 6.1 SP1 x86) (WARNING: The server did not provide any stacktrace information)
Command duration or timeout: 55 milliseconds
For documentation on this error, please visit: http://seleniumhq.org/exceptions/stale_element_reference.html
Build info: version: '2.47.1', revision: '411b314', time: '2015-07-30 02:56:46'
System info: host: '01HW189957', ip: '192.168.9.36', os.name: 'Windows 7', os.arch: 'x86', os.version: '6.1', java.version: '1.8.0_74'
Driver info: org.openqa.selenium.chrome.ChromeDriver
Capabilities [{applicationCacheEnabled=false, rotatable=false, mobileEmulationEnabled=false, chrome={userDataDir=C:\Users\554525\AppData\Local\Temp\scoped_dir3576_24139}, takesHeapSnapshot=true, databaseEnabled=false, handlesAlerts=true, version=48.0.2564.116, platform=XP, browserConnectionEnabled=false, nativeEvents=true, acceptSslCerts=true, locationContextEnabled=true, webStorageEnabled=true, browserName=chrome, takesScreenshot=true, javascriptEnabled=true, cssSelectorsEnabled=true}]
Session ID: 03c395e980d8f7c4ebcc9e1690bd3337
	at sun.reflect.NativeConstructorAccessorImpl.newInstance0(Native Method)
	at sun.reflect.NativeConstructorAccessorImpl.newInstance(Unknown Source)
	at sun.reflect.DelegatingConstructorAccessorImpl.newInstance(Unknown Source)
	at java.lang.reflect.Constructor.newInstance(Unknown Source)
	at org.openqa.selenium.remote.ErrorHandler.createThrowable(ErrorHandler.java:206)
	at org.openqa.selenium.remote.ErrorHandler.throwIfResponseFailed(ErrorHandler.java:158)
	at org.openqa.selenium.remote.RemoteWebDriver.execute(RemoteWebDriver.java:595)
	at org.openqa.selenium.remote.RemoteWebElement.execute(RemoteWebElement.java:273)
	at org.openqa.selenium.remote.RemoteWebElement.click(RemoteWebElement.java:84)
	at MyPackage.CNRegressionAutomation.FinalCTReview(CNRegressionAutomation.java:1476)
	at sun.reflect.NativeMethodAccessorImpl.invoke0(Native Method)
	at sun.reflect.NativeMethodAccessorImpl.invoke(Unknown Source)
	at sun.reflect.DelegatingMethodAccessorImpl.invoke(Unknown Source)
	at java.lang.reflect.Method.invoke(Unknown Source)
	at org.testng.internal.MethodInvocationHelper.invokeMethod(MethodInvocationHelper.java:80)
	at org.testng.internal.Invoker.invokeMethod(Invoker.java:715)
	at org.testng.internal.Invoker.invokeTestMethod(Invoker.java:907)
	at org.testng.internal.Invoker.invokeTestMethods(Invoker.java:1237)
	at org.testng.internal.TestMethodWorker.invokeTestMethods(TestMethodWorker.java:127)
	at org.testng.internal.TestMethodWorker.run(TestMethodWorker.java:111)
	at org.testng.TestRunner.privateRun(TestRunner.java:767)
	at org.testng.TestRunner.run(TestRunner.java:617)
	at org.testng.SuiteRunner.runTest(SuiteRunner.java:334)
	at org.testng.SuiteRunner.runSequentially(SuiteRunner.java:329)
	at org.testng.SuiteRunner.privateRun(SuiteRunner.java:291)
	at org.testng.SuiteRunner.run(SuiteRunner.java:240)
	at org.testng.SuiteRunnerWorker.runSuite(SuiteRunnerWorker.java:51)
	at org.testng.SuiteRunnerWorker.run(SuiteRunnerWorker.java:85)
	at org.testng.TestNG.runSuitesSequentially(TestNG.java:1197)
	at org.testng.TestNG.runSuitesLocally(TestNG.java:1122)
	at org.testng.TestNG.run(TestNG.java:1030)
	at org.testng.remote.RemoteTestNG.run(RemoteTestNG.java:115)
	at org.testng.remote.RemoteTestNG.initAndRun(RemoteTestNG.java:207)
	at org.testng.remote.RemoteTestNG.main(RemoteTestNG.java:178)
]]>
            </full-stacktrace>
          </exception> <!-- org.openqa.selenium.StaleElementReferenceException -->
          <reporter-output>
          </reporter-output>
        </test-method> <!-- FinalCTReview -->
        <test-method status="PASS" signature="FinalTranslationReview()[pri:0, instance:MyPackage.CNRegressionAutomation@1c36524]" name="FinalTranslationReview" duration-ms="64676" started-at="2016-03-01T13:04:14Z" finished-at="2016-03-01T13:05:19Z">
          <reporter-output>
          </reporter-output>
        </test-method> <!-- FinalTranslationReview -->
        <test-method status="PASS" signature="CCMEditChkAfterCTReview()[pri:0, instance:MyPackage.CNRegressionAutomation@1c36524]" name="CCMEditChkAfterCTReview" duration-ms="146247" started-at="2016-03-01T13:05:23Z" finished-at="2016-03-01T13:07:49Z">
          <reporter-output>
          </reporter-output>
        </test-method> <!-- CCMEditChkAfterCTReview -->
        <test-method status="PASS" signature="IterationScenarios()[pri:0, instance:MyPackage.CNRegressionAutomation@1c36524]" name="IterationScenarios" duration-ms="51946" started-at="2016-03-01T13:07:50Z" finished-at="2016-03-01T13:08:42Z">
          <reporter-output>
          </reporter-output>
        </test-method> <!-- IterationScenarios -->
        <test-method status="PASS" signature="ItrNotSubmittedEditChk()[pri:0, instance:MyPackage.CNRegressionAutomation@1c36524]" name="ItrNotSubmittedEditChk" duration-ms="49402" started-at="2016-03-01T13:08:43Z" finished-at="2016-03-01T13:09:32Z">
          <reporter-output>
          </reporter-output>
        </test-method> <!-- ItrNotSubmittedEditChk -->
        <test-method status="PASS" signature="SubmitItrCN()[pri:0, instance:MyPackage.CNRegressionAutomation@1c36524]" name="SubmitItrCN" duration-ms="24738" started-at="2016-03-01T13:09:33Z" finished-at="2016-03-01T13:09:58Z">
          <reporter-output>
          </reporter-output>
        </test-method> <!-- SubmitItrCN -->
        <test-method status="PASS" signature="StopRecording1()[pri:0, instance:MyPackage.CNRegressionAutomation@1c36524]" name="StopRecording1" is-config="true" duration-ms="2152" started-at="2016-03-01T13:09:58Z" finished-at="2016-03-01T13:10:00Z">
          <reporter-output>
          </reporter-output>
        </test-method> <!-- StopRecording1 -->
      </class> <!-- MyPackage.CNRegressionAutomation -->
    </test> <!-- Test -->
  </suite> <!-- Default suite -->
</testng-results>
