<?xml version="1.0" encoding="UTF-8"?>
<testng-results skipped="0" failed="5" total="19" passed="14">
  <reporter-output>
    <line>
      <![CDATA[<a href="C:\Users\499290\Desktop\TF\screenshot\_Login.png"><p align="left"> screenshot at Wed Oct 28 14:43:14 IST 2015</p>]]>
    </line>
    <line>
      <![CDATA[<a href="C:\Users\499290\Desktop\TF\screenshot\_VerificationOfOverviewPage.png"><p align="left"> screenshot at Wed Oct 28 14:43:15 IST 2015</p>]]>
    </line>
    <line>
      <![CDATA[<a href="C:\Users\499290\Desktop\TF\screenshot\_ChangeSubmissionDate.png"><p align="left"> screenshot at Wed Oct 28 14:43:25 IST 2015</p>]]>
    </line>
    <line>
      <![CDATA[<a href="C:\Users\499290\Desktop\TF\screenshot\_TRPDateRegister.png"><p align="left"> screenshot at Wed Oct 28 14:43:49 IST 2015</p>]]>
    </line>
    <line>
      <![CDATA[<a href="C:\Users\499290\Desktop\TF\screenshot\_UploadFile.png"><p align="left"> screenshot at Wed Oct 28 14:45:22 IST 2015</p>]]>
    </line>
    <line>
      <![CDATA[<a href="C:\Users\499290\Desktop\TF\screenshot\_AddModule.png"><p align="left"> screenshot at Wed Oct 28 14:45:49 IST 2015</p>]]>
    </line>
    <line>
      <![CDATA[<a href="C:\Users\499290\Desktop\TF\screenshot\_AddIntervention.png"><p align="left"> screenshot at Wed Oct 28 14:46:44 IST 2015</p>]]>
    </line>
    <line>
      <![CDATA[<a href="C:\Users\499290\Desktop\TF\screenshot\_AddPRintervention.png"><p align="left"> screenshot at Wed Oct 28 14:47:11 IST 2015</p>]]>
    </line>
    <line>
      <![CDATA[<a href="C:\Users\499290\Desktop\TF\screenshot\_DeleteInterventionPR.png"><p align="left"> screenshot at Wed Oct 28 14:47:32 IST 2015</p>]]>
    </line>
    <line>
      <![CDATA[<a href="C:\Users\499290\Desktop\TF\screenshot\_DeleteIntervention.png"><p align="left"> screenshot at Wed Oct 28 14:48:08 IST 2015</p>]]>
    </line>
    <line>
      <![CDATA[<a href="C:\Users\499290\Desktop\TF\screenshot\_DeleteModule.png"><p align="left"> screenshot at Wed Oct 28 14:48:27 IST 2015</p>]]>
    </line>
    <line>
      <![CDATA[<a href="C:\Users\499290\Desktop\TF\screenshot\_GoalCreation.png"><p align="left"> screenshot at Wed Oct 28 14:49:17 IST 2015</p>]]>
    </line>
    <line>
      <![CDATA[<a href="C:\Users\499290\Desktop\TF\screenshot\_StdImpactIndicator.png"><p align="left"> screenshot at Wed Oct 28 14:49:53 IST 2015</p>]]>
    </line>
    <line>
      <![CDATA[<a href="C:\Users\499290\Desktop\TF\screenshot\_CustomImpactInd.png"><p align="left"> screenshot at Wed Oct 28 14:50:33 IST 2015</p>]]>
    </line>
    <line>
      <![CDATA[<a href="C:\Users\499290\Desktop\TF\screenshot\_ObjectiveCreation.png"><p align="left"> screenshot at Wed Oct 28 14:51:27 IST 2015</p>]]>
    </line>
    <line>
      <![CDATA[<a href="C:\Users\499290\Desktop\TF\screenshot\_StdOutcomeIndicator.png"><p align="left"> screenshot at Wed Oct 28 14:52:03 IST 2015</p>]]>
    </line>
    <line>
      <![CDATA[<a href="C:\Users\499290\Desktop\TF\screenshot\_CustomOutcomeInd.png"><p align="left"> screenshot at Wed Oct 28 14:53:13 IST 2015</p>]]>
    </line>
    <line>
      <![CDATA[<a href="C:\Users\499290\Desktop\TF\screenshot\_CNModuleBudget.png"><p align="left"> screenshot at Wed Oct 28 14:54:20 IST 2015</p>]]>
    </line>
    <line>
      <![CDATA[<a href="C:\Users\499290\Desktop\TF\screenshot\_SubmitCN.png"><p align="left"> screenshot at Wed Oct 28 14:54:38 IST 2015</p>]]>
    </line>
  </reporter-output>
  <suite name="Default suite" duration-ms="713951" started-at="2015-10-28T09:12:45Z" finished-at="2015-10-28T09:24:39Z">
    <groups>
    </groups>
    <test name="IntenalUser Test" duration-ms="713951" started-at="2015-10-28T09:12:45Z" finished-at="2015-10-28T09:24:39Z">
      <class name="MyPackage.CNAutoDemo">
        <test-method status="PASS" signature="Recording()[pri:0, instance:MyPackage.CNAutoDemo@580929]" name="Recording" is-config="true" duration-ms="296" started-at="2015-10-28T14:42:45Z" finished-at="2015-10-28T14:42:45Z">
          <reporter-output>
          </reporter-output>
        </test-method> <!-- Recording -->
        <test-method status="PASS" signature="Login()[pri:0, instance:MyPackage.CNAutoDemo@580929]" name="Login" duration-ms="27997" started-at="2015-10-28T14:42:45Z" finished-at="2015-10-28T14:43:13Z">
          <reporter-output>
            <line>
              <![CDATA[<a href="C:\Users\499290\Desktop\TF\screenshot\_Login.png"><p align="left"> screenshot at Wed Oct 28 14:43:14 IST 2015</p>]]>
            </line>
          </reporter-output>
        </test-method> <!-- Login -->
        <test-method status="FAIL" signature="VerificationOfOverviewPage()[pri:0, instance:MyPackage.CNAutoDemo@580929]" name="VerificationOfOverviewPage" duration-ms="353" started-at="2015-10-28T14:43:14Z" finished-at="2015-10-28T14:43:15Z">
          <exception class="java.lang.AssertionError">
            <message>
              <![CDATA[expected [Global Fund Grant Management Portal] but found [salesforce.com - Enterprise Edition]]]>
            </message>
            <full-stacktrace>
              <![CDATA[java.lang.AssertionError: expected [Global Fund Grant Management Portal] but found [salesforce.com - Enterprise Edition]
	at org.testng.Assert.fail(Assert.java:94)
	at org.testng.Assert.failNotEquals(Assert.java:496)
	at org.testng.Assert.assertEquals(Assert.java:125)
	at org.testng.Assert.assertEquals(Assert.java:178)
	at org.testng.Assert.assertEquals(Assert.java:188)
	at MyPackage.CNAutoDemo.VerificationOfOverviewPage(CNAutoDemo.java:86)
	at sun.reflect.NativeMethodAccessorImpl.invoke0(Native Method)
	at sun.reflect.NativeMethodAccessorImpl.invoke(Unknown Source)
	at sun.reflect.DelegatingMethodAccessorImpl.invoke(Unknown Source)
	at java.lang.reflect.Method.invoke(Unknown Source)
	at org.testng.internal.MethodInvocationHelper.invokeMethod(MethodInvocationHelper.java:85)
	at org.testng.internal.Invoker.invokeMethod(Invoker.java:648)
	at org.testng.internal.Invoker.invokeTestMethod(Invoker.java:834)
	at org.testng.internal.Invoker.invokeTestMethods(Invoker.java:1142)
	at org.testng.internal.TestMethodWorker.invokeTestMethods(TestMethodWorker.java:124)
	at org.testng.internal.TestMethodWorker.run(TestMethodWorker.java:108)
	at org.testng.TestRunner.privateRun(TestRunner.java:771)
	at org.testng.TestRunner.run(TestRunner.java:621)
	at org.testng.SuiteRunner.runTest(SuiteRunner.java:357)
	at org.testng.SuiteRunner.runSequentially(SuiteRunner.java:352)
	at org.testng.SuiteRunner.privateRun(SuiteRunner.java:310)
	at org.testng.SuiteRunner.run(SuiteRunner.java:259)
	at org.testng.SuiteRunnerWorker.runSuite(SuiteRunnerWorker.java:52)
	at org.testng.SuiteRunnerWorker.run(SuiteRunnerWorker.java:86)
	at org.testng.TestNG.runSuitesSequentially(TestNG.java:1176)
	at org.testng.TestNG.runSuitesLocally(TestNG.java:1101)
	at org.testng.TestNG.run(TestNG.java:1009)
	at org.testng.remote.RemoteTestNG.run(RemoteTestNG.java:111)
	at org.testng.remote.RemoteTestNG.initAndRun(RemoteTestNG.java:204)
	at org.testng.remote.RemoteTestNG.main(RemoteTestNG.java:175)
]]>
            </full-stacktrace>
          </exception> <!-- java.lang.AssertionError -->
          <reporter-output>
            <line>
              <![CDATA[<a href="C:\Users\499290\Desktop\TF\screenshot\_VerificationOfOverviewPage.png"><p align="left"> screenshot at Wed Oct 28 14:43:15 IST 2015</p>]]>
            </line>
          </reporter-output>
        </test-method> <!-- VerificationOfOverviewPage -->
        <test-method status="FAIL" signature="ChangeSubmissionDate()[pri:0, instance:MyPackage.CNAutoDemo@580929]" name="ChangeSubmissionDate" duration-ms="9584" started-at="2015-10-28T14:43:15Z" finished-at="2015-10-28T14:43:25Z">
          <exception class="org.openqa.selenium.NoSuchElementException">
            <message>
              <![CDATA[no such element
  (Session info: chrome=46.0.2490.80)
  (Driver info: chromedriver=2.15.322448 (52179c1b310fec1797c81ea9a20326839860b7d3),platform=Windows NT 6.1 SP1 x86) (WARNING: The server did not provide any stacktrace information)
Command duration or timeout: 2.33 seconds
For documentation on this error, please visit: http://seleniumhq.org/exceptions/no_such_element.html
Build info: version: '2.43.0', revision: '597b76b', time: '2014-09-09 20:52:38'
System info: host: '01HW189758', ip: '192.168.9.162', os.name: 'Windows 7', os.arch: 'x86', os.version: '6.1', java.version: '1.8.0_31'
Driver info: org.openqa.selenium.chrome.ChromeDriver
Capabilities [{applicationCacheEnabled=false, rotatable=false, mobileEmulationEnabled=false, chrome={userDataDir=C:\Users\499290\AppData\Local\Temp\scoped_dir3952_10345}, takesHeapSnapshot=true, databaseEnabled=false, handlesAlerts=true, version=46.0.2490.80, platform=XP, browserConnectionEnabled=false, nativeEvents=true, acceptSslCerts=true, locationContextEnabled=true, webStorageEnabled=true, browserName=chrome, takesScreenshot=true, javascriptEnabled=true, cssSelectorsEnabled=true}]
Session ID: e36381f19233ca9d0e817580976bad75]]>
            </message>
            <full-stacktrace>
              <![CDATA[org.openqa.selenium.NoSuchElementException: no such element
  (Session info: chrome=46.0.2490.80)
  (Driver info: chromedriver=2.15.322448 (52179c1b310fec1797c81ea9a20326839860b7d3),platform=Windows NT 6.1 SP1 x86) (WARNING: The server did not provide any stacktrace information)
Command duration or timeout: 2.33 seconds
For documentation on this error, please visit: http://seleniumhq.org/exceptions/no_such_element.html
Build info: version: '2.43.0', revision: '597b76b', time: '2014-09-09 20:52:38'
System info: host: '01HW189758', ip: '192.168.9.162', os.name: 'Windows 7', os.arch: 'x86', os.version: '6.1', java.version: '1.8.0_31'
Driver info: org.openqa.selenium.chrome.ChromeDriver
Capabilities [{applicationCacheEnabled=false, rotatable=false, mobileEmulationEnabled=false, chrome={userDataDir=C:\Users\499290\AppData\Local\Temp\scoped_dir3952_10345}, takesHeapSnapshot=true, databaseEnabled=false, handlesAlerts=true, version=46.0.2490.80, platform=XP, browserConnectionEnabled=false, nativeEvents=true, acceptSslCerts=true, locationContextEnabled=true, webStorageEnabled=true, browserName=chrome, takesScreenshot=true, javascriptEnabled=true, cssSelectorsEnabled=true}]
Session ID: e36381f19233ca9d0e817580976bad75
	at sun.reflect.NativeConstructorAccessorImpl.newInstance0(Native Method)
	at sun.reflect.NativeConstructorAccessorImpl.newInstance(Unknown Source)
	at sun.reflect.DelegatingConstructorAccessorImpl.newInstance(Unknown Source)
	at java.lang.reflect.Constructor.newInstance(Unknown Source)
	at org.openqa.selenium.remote.ErrorHandler.createThrowable(ErrorHandler.java:204)
	at org.openqa.selenium.remote.ErrorHandler.throwIfResponseFailed(ErrorHandler.java:156)
	at org.openqa.selenium.remote.RemoteWebDriver.execute(RemoteWebDriver.java:599)
	at org.openqa.selenium.remote.RemoteWebDriver.findElement(RemoteWebDriver.java:352)
	at org.openqa.selenium.remote.RemoteWebDriver.findElementByLinkText(RemoteWebDriver.java:401)
	at org.openqa.selenium.By$ByLinkText.findElement(By.java:242)
	at org.openqa.selenium.remote.RemoteWebDriver.findElement(RemoteWebDriver.java:344)
	at MyPackage.CNAutoDemo.ChangeSubmissionDate(CNAutoDemo.java:1221)
	at sun.reflect.NativeMethodAccessorImpl.invoke0(Native Method)
	at sun.reflect.NativeMethodAccessorImpl.invoke(Unknown Source)
	at sun.reflect.DelegatingMethodAccessorImpl.invoke(Unknown Source)
	at java.lang.reflect.Method.invoke(Unknown Source)
	at org.testng.internal.MethodInvocationHelper.invokeMethod(MethodInvocationHelper.java:85)
	at org.testng.internal.Invoker.invokeMethod(Invoker.java:648)
	at org.testng.internal.Invoker.invokeTestMethod(Invoker.java:834)
	at org.testng.internal.Invoker.invokeTestMethods(Invoker.java:1142)
	at org.testng.internal.TestMethodWorker.invokeTestMethods(TestMethodWorker.java:124)
	at org.testng.internal.TestMethodWorker.run(TestMethodWorker.java:108)
	at org.testng.TestRunner.privateRun(TestRunner.java:771)
	at org.testng.TestRunner.run(TestRunner.java:621)
	at org.testng.SuiteRunner.runTest(SuiteRunner.java:357)
	at org.testng.SuiteRunner.runSequentially(SuiteRunner.java:352)
	at org.testng.SuiteRunner.privateRun(SuiteRunner.java:310)
	at org.testng.SuiteRunner.run(SuiteRunner.java:259)
	at org.testng.SuiteRunnerWorker.runSuite(SuiteRunnerWorker.java:52)
	at org.testng.SuiteRunnerWorker.run(SuiteRunnerWorker.java:86)
	at org.testng.TestNG.runSuitesSequentially(TestNG.java:1176)
	at org.testng.TestNG.runSuitesLocally(TestNG.java:1101)
	at org.testng.TestNG.run(TestNG.java:1009)
	at org.testng.remote.RemoteTestNG.run(RemoteTestNG.java:111)
	at org.testng.remote.RemoteTestNG.initAndRun(RemoteTestNG.java:204)
	at org.testng.remote.RemoteTestNG.main(RemoteTestNG.java:175)
]]>
            </full-stacktrace>
          </exception> <!-- org.openqa.selenium.NoSuchElementException -->
          <reporter-output>
            <line>
              <![CDATA[<a href="C:\Users\499290\Desktop\TF\screenshot\_ChangeSubmissionDate.png"><p align="left"> screenshot at Wed Oct 28 14:43:25 IST 2015</p>]]>
            </line>
          </reporter-output>
        </test-method> <!-- ChangeSubmissionDate -->
        <test-method status="PASS" signature="TRPDateRegister()[pri:0, instance:MyPackage.CNAutoDemo@580929]" name="TRPDateRegister" duration-ms="23252" started-at="2015-10-28T14:43:25Z" finished-at="2015-10-28T14:43:49Z">
          <reporter-output>
            <line>
              <![CDATA[<a href="C:\Users\499290\Desktop\TF\screenshot\_TRPDateRegister.png"><p align="left"> screenshot at Wed Oct 28 14:43:49 IST 2015</p>]]>
            </line>
          </reporter-output>
        </test-method> <!-- TRPDateRegister -->
        <test-method status="PASS" signature="UploadFile()[pri:0, instance:MyPackage.CNAutoDemo@580929]" name="UploadFile" duration-ms="88037" started-at="2015-10-28T14:43:49Z" finished-at="2015-10-28T14:45:17Z">
          <reporter-output>
            <line>
              <![CDATA[<a href="C:\Users\499290\Desktop\TF\screenshot\_UploadFile.png"><p align="left"> screenshot at Wed Oct 28 14:45:22 IST 2015</p>]]>
            </line>
          </reporter-output>
        </test-method> <!-- UploadFile -->
        <test-method status="PASS" signature="AddModule()[pri:0, instance:MyPackage.CNAutoDemo@580929]" name="AddModule" duration-ms="26761" started-at="2015-10-28T14:45:22Z" finished-at="2015-10-28T14:45:49Z">
          <reporter-output>
            <line>
              <![CDATA[<a href="C:\Users\499290\Desktop\TF\screenshot\_AddModule.png"><p align="left"> screenshot at Wed Oct 28 14:45:49 IST 2015</p>]]>
            </line>
          </reporter-output>
        </test-method> <!-- AddModule -->
        <test-method status="PASS" signature="AddIntervention()[pri:0, instance:MyPackage.CNAutoDemo@580929]" name="AddIntervention" duration-ms="54761" started-at="2015-10-28T14:45:49Z" finished-at="2015-10-28T14:46:44Z">
          <reporter-output>
            <line>
              <![CDATA[<a href="C:\Users\499290\Desktop\TF\screenshot\_AddIntervention.png"><p align="left"> screenshot at Wed Oct 28 14:46:44 IST 2015</p>]]>
            </line>
          </reporter-output>
        </test-method> <!-- AddIntervention -->
        <test-method status="PASS" signature="AddPRintervention()[pri:0, instance:MyPackage.CNAutoDemo@580929]" name="AddPRintervention" duration-ms="26577" started-at="2015-10-28T14:46:44Z" finished-at="2015-10-28T14:47:11Z">
          <reporter-output>
            <line>
              <![CDATA[<a href="C:\Users\499290\Desktop\TF\screenshot\_AddPRintervention.png"><p align="left"> screenshot at Wed Oct 28 14:47:11 IST 2015</p>]]>
            </line>
          </reporter-output>
        </test-method> <!-- AddPRintervention -->
        <test-method status="PASS" signature="DeleteInterventionPR()[pri:0, instance:MyPackage.CNAutoDemo@580929]" name="DeleteInterventionPR" duration-ms="20283" started-at="2015-10-28T14:47:11Z" finished-at="2015-10-28T14:47:31Z">
          <reporter-output>
            <line>
              <![CDATA[<a href="C:\Users\499290\Desktop\TF\screenshot\_DeleteInterventionPR.png"><p align="left"> screenshot at Wed Oct 28 14:47:32 IST 2015</p>]]>
            </line>
          </reporter-output>
        </test-method> <!-- DeleteInterventionPR -->
        <test-method status="PASS" signature="DeleteIntervention()[pri:0, instance:MyPackage.CNAutoDemo@580929]" name="DeleteIntervention" duration-ms="36078" started-at="2015-10-28T14:47:32Z" finished-at="2015-10-28T14:48:08Z">
          <reporter-output>
            <line>
              <![CDATA[<a href="C:\Users\499290\Desktop\TF\screenshot\_DeleteIntervention.png"><p align="left"> screenshot at Wed Oct 28 14:48:08 IST 2015</p>]]>
            </line>
          </reporter-output>
        </test-method> <!-- DeleteIntervention -->
        <test-method status="PASS" signature="DeleteModule()[pri:0, instance:MyPackage.CNAutoDemo@580929]" name="DeleteModule" duration-ms="18187" started-at="2015-10-28T14:48:08Z" finished-at="2015-10-28T14:48:27Z">
          <reporter-output>
            <line>
              <![CDATA[<a href="C:\Users\499290\Desktop\TF\screenshot\_DeleteModule.png"><p align="left"> screenshot at Wed Oct 28 14:48:27 IST 2015</p>]]>
            </line>
          </reporter-output>
        </test-method> <!-- DeleteModule -->
        <test-method status="PASS" signature="GoalCreation()[pri:0, instance:MyPackage.CNAutoDemo@580929]" name="GoalCreation" duration-ms="45068" started-at="2015-10-28T14:48:27Z" finished-at="2015-10-28T14:49:12Z">
          <reporter-output>
            <line>
              <![CDATA[<a href="C:\Users\499290\Desktop\TF\screenshot\_GoalCreation.png"><p align="left"> screenshot at Wed Oct 28 14:49:17 IST 2015</p>]]>
            </line>
          </reporter-output>
        </test-method> <!-- GoalCreation -->
        <test-method status="FAIL" signature="StdImpactIndicator()[pri:0, instance:MyPackage.CNAutoDemo@580929]" name="StdImpactIndicator" duration-ms="34721" started-at="2015-10-28T14:49:17Z" finished-at="2015-10-28T14:49:52Z">
          <exception class="org.openqa.selenium.NoSuchElementException">
            <message>
              <![CDATA[Cannot locate option with index: 2
For documentation on this error, please visit: http://seleniumhq.org/exceptions/no_such_element.html
Build info: version: '2.43.0', revision: '597b76b', time: '2014-09-09 20:52:38'
System info: host: '01HW189758', ip: '192.168.9.162', os.name: 'Windows 7', os.arch: 'x86', os.version: '6.1', java.version: '1.8.0_31'
Driver info: driver.version: unknown]]>
            </message>
            <full-stacktrace>
              <![CDATA[org.openqa.selenium.NoSuchElementException: Cannot locate option with index: 2
For documentation on this error, please visit: http://seleniumhq.org/exceptions/no_such_element.html
Build info: version: '2.43.0', revision: '597b76b', time: '2014-09-09 20:52:38'
System info: host: '01HW189758', ip: '192.168.9.162', os.name: 'Windows 7', os.arch: 'x86', os.version: '6.1', java.version: '1.8.0_31'
Driver info: driver.version: unknown
	at org.openqa.selenium.support.ui.Select.selectByIndex(Select.java:183)
	at MyPackage.CNAutoDemo.StdImpactIndicator(CNAutoDemo.java:448)
	at sun.reflect.NativeMethodAccessorImpl.invoke0(Native Method)
	at sun.reflect.NativeMethodAccessorImpl.invoke(Unknown Source)
	at sun.reflect.DelegatingMethodAccessorImpl.invoke(Unknown Source)
	at java.lang.reflect.Method.invoke(Unknown Source)
	at org.testng.internal.MethodInvocationHelper.invokeMethod(MethodInvocationHelper.java:85)
	at org.testng.internal.Invoker.invokeMethod(Invoker.java:648)
	at org.testng.internal.Invoker.invokeTestMethod(Invoker.java:834)
	at org.testng.internal.Invoker.invokeTestMethods(Invoker.java:1142)
	at org.testng.internal.TestMethodWorker.invokeTestMethods(TestMethodWorker.java:124)
	at org.testng.internal.TestMethodWorker.run(TestMethodWorker.java:108)
	at org.testng.TestRunner.privateRun(TestRunner.java:771)
	at org.testng.TestRunner.run(TestRunner.java:621)
	at org.testng.SuiteRunner.runTest(SuiteRunner.java:357)
	at org.testng.SuiteRunner.runSequentially(SuiteRunner.java:352)
	at org.testng.SuiteRunner.privateRun(SuiteRunner.java:310)
	at org.testng.SuiteRunner.run(SuiteRunner.java:259)
	at org.testng.SuiteRunnerWorker.runSuite(SuiteRunnerWorker.java:52)
	at org.testng.SuiteRunnerWorker.run(SuiteRunnerWorker.java:86)
	at org.testng.TestNG.runSuitesSequentially(TestNG.java:1176)
	at org.testng.TestNG.runSuitesLocally(TestNG.java:1101)
	at org.testng.TestNG.run(TestNG.java:1009)
	at org.testng.remote.RemoteTestNG.run(RemoteTestNG.java:111)
	at org.testng.remote.RemoteTestNG.initAndRun(RemoteTestNG.java:204)
	at org.testng.remote.RemoteTestNG.main(RemoteTestNG.java:175)
]]>
            </full-stacktrace>
          </exception> <!-- org.openqa.selenium.NoSuchElementException -->
          <reporter-output>
            <line>
              <![CDATA[<a href="C:\Users\499290\Desktop\TF\screenshot\_StdImpactIndicator.png"><p align="left"> screenshot at Wed Oct 28 14:49:53 IST 2015</p>]]>
            </line>
          </reporter-output>
        </test-method> <!-- StdImpactIndicator -->
        <test-method status="PASS" signature="CustomImpactInd()[pri:0, instance:MyPackage.CNAutoDemo@580929]" name="CustomImpactInd" duration-ms="39809" started-at="2015-10-28T14:49:53Z" finished-at="2015-10-28T14:50:32Z">
          <reporter-output>
            <line>
              <![CDATA[<a href="C:\Users\499290\Desktop\TF\screenshot\_CustomImpactInd.png"><p align="left"> screenshot at Wed Oct 28 14:50:33 IST 2015</p>]]>
            </line>
          </reporter-output>
        </test-method> <!-- CustomImpactInd -->
        <test-method status="PASS" signature="ObjectiveCreation()[pri:0, instance:MyPackage.CNAutoDemo@580929]" name="ObjectiveCreation" duration-ms="53160" started-at="2015-10-28T14:50:33Z" finished-at="2015-10-28T14:51:27Z">
          <reporter-output>
            <line>
              <![CDATA[<a href="C:\Users\499290\Desktop\TF\screenshot\_ObjectiveCreation.png"><p align="left"> screenshot at Wed Oct 28 14:51:27 IST 2015</p>]]>
            </line>
          </reporter-output>
        </test-method> <!-- ObjectiveCreation -->
        <test-method status="FAIL" signature="StdOutcomeIndicator()[pri:0, instance:MyPackage.CNAutoDemo@580929]" name="StdOutcomeIndicator" duration-ms="35808" started-at="2015-10-28T14:51:27Z" finished-at="2015-10-28T14:52:03Z">
          <exception class="org.openqa.selenium.NoSuchElementException">
            <message>
              <![CDATA[Cannot locate option with index: 2
For documentation on this error, please visit: http://seleniumhq.org/exceptions/no_such_element.html
Build info: version: '2.43.0', revision: '597b76b', time: '2014-09-09 20:52:38'
System info: host: '01HW189758', ip: '192.168.9.162', os.name: 'Windows 7', os.arch: 'x86', os.version: '6.1', java.version: '1.8.0_31'
Driver info: driver.version: unknown]]>
            </message>
            <full-stacktrace>
              <![CDATA[org.openqa.selenium.NoSuchElementException: Cannot locate option with index: 2
For documentation on this error, please visit: http://seleniumhq.org/exceptions/no_such_element.html
Build info: version: '2.43.0', revision: '597b76b', time: '2014-09-09 20:52:38'
System info: host: '01HW189758', ip: '192.168.9.162', os.name: 'Windows 7', os.arch: 'x86', os.version: '6.1', java.version: '1.8.0_31'
Driver info: driver.version: unknown
	at org.openqa.selenium.support.ui.Select.selectByIndex(Select.java:183)
	at MyPackage.CNAutoDemo.StdOutcomeIndicator(CNAutoDemo.java:725)
	at sun.reflect.NativeMethodAccessorImpl.invoke0(Native Method)
	at sun.reflect.NativeMethodAccessorImpl.invoke(Unknown Source)
	at sun.reflect.DelegatingMethodAccessorImpl.invoke(Unknown Source)
	at java.lang.reflect.Method.invoke(Unknown Source)
	at org.testng.internal.MethodInvocationHelper.invokeMethod(MethodInvocationHelper.java:85)
	at org.testng.internal.Invoker.invokeMethod(Invoker.java:648)
	at org.testng.internal.Invoker.invokeTestMethod(Invoker.java:834)
	at org.testng.internal.Invoker.invokeTestMethods(Invoker.java:1142)
	at org.testng.internal.TestMethodWorker.invokeTestMethods(TestMethodWorker.java:124)
	at org.testng.internal.TestMethodWorker.run(TestMethodWorker.java:108)
	at org.testng.TestRunner.privateRun(TestRunner.java:771)
	at org.testng.TestRunner.run(TestRunner.java:621)
	at org.testng.SuiteRunner.runTest(SuiteRunner.java:357)
	at org.testng.SuiteRunner.runSequentially(SuiteRunner.java:352)
	at org.testng.SuiteRunner.privateRun(SuiteRunner.java:310)
	at org.testng.SuiteRunner.run(SuiteRunner.java:259)
	at org.testng.SuiteRunnerWorker.runSuite(SuiteRunnerWorker.java:52)
	at org.testng.SuiteRunnerWorker.run(SuiteRunnerWorker.java:86)
	at org.testng.TestNG.runSuitesSequentially(TestNG.java:1176)
	at org.testng.TestNG.runSuitesLocally(TestNG.java:1101)
	at org.testng.TestNG.run(TestNG.java:1009)
	at org.testng.remote.RemoteTestNG.run(RemoteTestNG.java:111)
	at org.testng.remote.RemoteTestNG.initAndRun(RemoteTestNG.java:204)
	at org.testng.remote.RemoteTestNG.main(RemoteTestNG.java:175)
]]>
            </full-stacktrace>
          </exception> <!-- org.openqa.selenium.NoSuchElementException -->
          <reporter-output>
            <line>
              <![CDATA[<a href="C:\Users\499290\Desktop\TF\screenshot\_StdOutcomeIndicator.png"><p align="left"> screenshot at Wed Oct 28 14:52:03 IST 2015</p>]]>
            </line>
          </reporter-output>
        </test-method> <!-- StdOutcomeIndicator -->
        <test-method status="PASS" signature="CustomOutcomeInd()[pri:0, instance:MyPackage.CNAutoDemo@580929]" name="CustomOutcomeInd" duration-ms="68846" started-at="2015-10-28T14:52:03Z" finished-at="2015-10-28T14:53:12Z">
          <reporter-output>
            <line>
              <![CDATA[<a href="C:\Users\499290\Desktop\TF\screenshot\_CustomOutcomeInd.png"><p align="left"> screenshot at Wed Oct 28 14:53:13 IST 2015</p>]]>
            </line>
          </reporter-output>
        </test-method> <!-- CustomOutcomeInd -->
        <test-method status="FAIL" signature="CNModuleBudget()[pri:0, instance:MyPackage.CNAutoDemo@580929]" name="CNModuleBudget" duration-ms="66497" started-at="2015-10-28T14:53:13Z" finished-at="2015-10-28T14:54:19Z">
          <exception class="org.openqa.selenium.NoSuchElementException">
            <message>
              <![CDATA[no such element
  (Session info: chrome=46.0.2490.80)
  (Driver info: chromedriver=2.15.322448 (52179c1b310fec1797c81ea9a20326839860b7d3),platform=Windows NT 6.1 SP1 x86) (WARNING: The server did not provide any stacktrace information)
Command duration or timeout: 40.06 seconds
For documentation on this error, please visit: http://seleniumhq.org/exceptions/no_such_element.html
Build info: version: '2.43.0', revision: '597b76b', time: '2014-09-09 20:52:38'
System info: host: '01HW189758', ip: '192.168.9.162', os.name: 'Windows 7', os.arch: 'x86', os.version: '6.1', java.version: '1.8.0_31'
Driver info: org.openqa.selenium.chrome.ChromeDriver
Capabilities [{applicationCacheEnabled=false, rotatable=false, mobileEmulationEnabled=false, chrome={userDataDir=C:\Users\499290\AppData\Local\Temp\scoped_dir3952_10345}, takesHeapSnapshot=true, databaseEnabled=false, handlesAlerts=true, version=46.0.2490.80, platform=XP, browserConnectionEnabled=false, nativeEvents=true, acceptSslCerts=true, locationContextEnabled=true, webStorageEnabled=true, browserName=chrome, takesScreenshot=true, javascriptEnabled=true, cssSelectorsEnabled=true}]
Session ID: e36381f19233ca9d0e817580976bad75]]>
            </message>
            <full-stacktrace>
              <![CDATA[org.openqa.selenium.NoSuchElementException: no such element
  (Session info: chrome=46.0.2490.80)
  (Driver info: chromedriver=2.15.322448 (52179c1b310fec1797c81ea9a20326839860b7d3),platform=Windows NT 6.1 SP1 x86) (WARNING: The server did not provide any stacktrace information)
Command duration or timeout: 40.06 seconds
For documentation on this error, please visit: http://seleniumhq.org/exceptions/no_such_element.html
Build info: version: '2.43.0', revision: '597b76b', time: '2014-09-09 20:52:38'
System info: host: '01HW189758', ip: '192.168.9.162', os.name: 'Windows 7', os.arch: 'x86', os.version: '6.1', java.version: '1.8.0_31'
Driver info: org.openqa.selenium.chrome.ChromeDriver
Capabilities [{applicationCacheEnabled=false, rotatable=false, mobileEmulationEnabled=false, chrome={userDataDir=C:\Users\499290\AppData\Local\Temp\scoped_dir3952_10345}, takesHeapSnapshot=true, databaseEnabled=false, handlesAlerts=true, version=46.0.2490.80, platform=XP, browserConnectionEnabled=false, nativeEvents=true, acceptSslCerts=true, locationContextEnabled=true, webStorageEnabled=true, browserName=chrome, takesScreenshot=true, javascriptEnabled=true, cssSelectorsEnabled=true}]
Session ID: e36381f19233ca9d0e817580976bad75
	at sun.reflect.NativeConstructorAccessorImpl.newInstance0(Native Method)
	at sun.reflect.NativeConstructorAccessorImpl.newInstance(Unknown Source)
	at sun.reflect.DelegatingConstructorAccessorImpl.newInstance(Unknown Source)
	at java.lang.reflect.Constructor.newInstance(Unknown Source)
	at org.openqa.selenium.remote.ErrorHandler.createThrowable(ErrorHandler.java:204)
	at org.openqa.selenium.remote.ErrorHandler.throwIfResponseFailed(ErrorHandler.java:156)
	at org.openqa.selenium.remote.RemoteWebDriver.execute(RemoteWebDriver.java:599)
	at org.openqa.selenium.remote.RemoteWebDriver.findElement(RemoteWebDriver.java:352)
	at org.openqa.selenium.remote.RemoteWebDriver.findElementById(RemoteWebDriver.java:393)
	at org.openqa.selenium.By$ById.findElement(By.java:214)
	at org.openqa.selenium.remote.RemoteWebDriver.findElement(RemoteWebDriver.java:344)
	at MyPackage.CNAutoDemo.CNModuleBudget(CNAutoDemo.java:1132)
	at sun.reflect.NativeMethodAccessorImpl.invoke0(Native Method)
	at sun.reflect.NativeMethodAccessorImpl.invoke(Unknown Source)
	at sun.reflect.DelegatingMethodAccessorImpl.invoke(Unknown Source)
	at java.lang.reflect.Method.invoke(Unknown Source)
	at org.testng.internal.MethodInvocationHelper.invokeMethod(MethodInvocationHelper.java:85)
	at org.testng.internal.Invoker.invokeMethod(Invoker.java:648)
	at org.testng.internal.Invoker.invokeTestMethod(Invoker.java:834)
	at org.testng.internal.Invoker.invokeTestMethods(Invoker.java:1142)
	at org.testng.internal.TestMethodWorker.invokeTestMethods(TestMethodWorker.java:124)
	at org.testng.internal.TestMethodWorker.run(TestMethodWorker.java:108)
	at org.testng.TestRunner.privateRun(TestRunner.java:771)
	at org.testng.TestRunner.run(TestRunner.java:621)
	at org.testng.SuiteRunner.runTest(SuiteRunner.java:357)
	at org.testng.SuiteRunner.runSequentially(SuiteRunner.java:352)
	at org.testng.SuiteRunner.privateRun(SuiteRunner.java:310)
	at org.testng.SuiteRunner.run(SuiteRunner.java:259)
	at org.testng.SuiteRunnerWorker.runSuite(SuiteRunnerWorker.java:52)
	at org.testng.SuiteRunnerWorker.run(SuiteRunnerWorker.java:86)
	at org.testng.TestNG.runSuitesSequentially(TestNG.java:1176)
	at org.testng.TestNG.runSuitesLocally(TestNG.java:1101)
	at org.testng.TestNG.run(TestNG.java:1009)
	at org.testng.remote.RemoteTestNG.run(RemoteTestNG.java:111)
	at org.testng.remote.RemoteTestNG.initAndRun(RemoteTestNG.java:204)
	at org.testng.remote.RemoteTestNG.main(RemoteTestNG.java:175)
]]>
            </full-stacktrace>
          </exception> <!-- org.openqa.selenium.NoSuchElementException -->
          <reporter-output>
            <line>
              <![CDATA[<a href="C:\Users\499290\Desktop\TF\screenshot\_CNModuleBudget.png"><p align="left"> screenshot at Wed Oct 28 14:54:20 IST 2015</p>]]>
            </line>
          </reporter-output>
        </test-method> <!-- CNModuleBudget -->
        <test-method status="PASS" signature="SubmitCN()[pri:0, instance:MyPackage.CNAutoDemo@580929]" name="SubmitCN" duration-ms="17797" started-at="2015-10-28T14:54:20Z" finished-at="2015-10-28T14:54:38Z">
          <reporter-output>
            <line>
              <![CDATA[<a href="C:\Users\499290\Desktop\TF\screenshot\_SubmitCN.png"><p align="left"> screenshot at Wed Oct 28 14:54:38 IST 2015</p>]]>
            </line>
          </reporter-output>
        </test-method> <!-- SubmitCN -->
        <test-method status="PASS" signature="StopRecording1()[pri:0, instance:MyPackage.CNAutoDemo@580929]" name="StopRecording1" is-config="true" duration-ms="753" started-at="2015-10-28T14:54:38Z" finished-at="2015-10-28T14:54:39Z">
          <reporter-output>
          </reporter-output>
        </test-method> <!-- StopRecording1 -->
      </class> <!-- MyPackage.CNAutoDemo -->
    </test> <!-- IntenalUser Test -->
  </suite> <!-- Default suite -->
</testng-results>
