<?xml version="1.0" encoding="UTF-8"?>
<testng-results skipped="0" failed="6" total="15" passed="9">
  <reporter-output>
    <line>
      <![CDATA[<a href="C:\Users\499290\Desktop\TF\screenshot\_Login.png"><p align="left"> screenshot at Tue Nov 03 18:45:48 IST 2015</p>]]>
    </line>
    <line>
      <![CDATA[<a href="C:\Users\499290\Desktop\TF\screenshot\_VerificationOfOverviewPage.png"><p align="left"> screenshot at Tue Nov 03 18:45:49 IST 2015</p>]]>
    </line>
    <line>
      <![CDATA[<a href="C:\Users\499290\Desktop\TF\screenshot\_TRPDateRegister.png"><p align="left"> screenshot at Tue Nov 03 18:46:16 IST 2015</p>]]>
    </line>
    <line>
      <![CDATA[<a href="C:\Users\499290\Desktop\TF\screenshot\_CTPositiveAssessment.png"><p align="left"> screenshot at Tue Nov 03 18:47:25 IST 2015</p>]]>
    </line>
    <line>
      <![CDATA[<a href="C:\Users\499290\Desktop\TF\screenshot\_AddModule.png"><p align="left"> screenshot at Tue Nov 03 18:47:59 IST 2015</p>]]>
    </line>
    <line>
      <![CDATA[<a href="C:\Users\499290\Desktop\TF\screenshot\_SubmitCN.png"><p align="left"> screenshot at Tue Nov 03 18:48:12 IST 2015</p>]]>
    </line>
    <line>
      <![CDATA[<a href="C:\Users\499290\Desktop\TF\screenshot\_CCMEditChk.png"><p align="left"> screenshot at Tue Nov 03 18:50:35 IST 2015</p>]]>
    </line>
    <line>
      <![CDATA[<a href="C:\Users\499290\Desktop\TF\screenshot\_CTEditChk.png"><p align="left"> screenshot at Tue Nov 03 18:51:36 IST 2015</p>]]>
    </line>
    <line>
      <![CDATA[<a href="C:\Users\499290\Desktop\TF\screenshot\_CTLogin.png"><p align="left"> screenshot at Tue Nov 03 18:52:04 IST 2015</p>]]>
    </line>
    <line>
      <![CDATA[<a href="C:\Users\499290\Desktop\TF\screenshot\_FinalCTReview.png"><p align="left"> screenshot at Tue Nov 03 18:52:12 IST 2015</p>]]>
    </line>
    <line>
      <![CDATA[<a href="C:\Users\499290\Desktop\TF\screenshot\_FinalTranslationReview.png"><p align="left"> screenshot at Tue Nov 03 18:53:30 IST 2015</p>]]>
    </line>
    <line>
      <![CDATA[<a href="C:\Users\499290\Desktop\TF\screenshot\_CCMEditChkAfterCTReview.png"><p align="left"> screenshot at Tue Nov 03 18:55:48 IST 2015</p>]]>
    </line>
    <line>
      <![CDATA[<a href="C:\Users\499290\Desktop\TF\screenshot\_IterationScenarios.png"><p align="left"> screenshot at Tue Nov 03 18:55:49 IST 2015</p>]]>
    </line>
    <line>
      <![CDATA[<a href="C:\Users\499290\Desktop\TF\screenshot\_ItrNotSubmittedEditChk.png"><p align="left"> screenshot at Tue Nov 03 18:56:07 IST 2015</p>]]>
    </line>
    <line>
      <![CDATA[<a href="C:\Users\499290\Desktop\TF\screenshot\_SubmitItrCN.png"><p align="left"> screenshot at Tue Nov 03 18:56:27 IST 2015</p>]]>
    </line>
  </reporter-output>
  <suite name="Default suite" duration-ms="676954" started-at="2015-11-03T13:15:11Z" finished-at="2015-11-03T13:26:27Z">
    <groups>
    </groups>
    <test name="Test" duration-ms="676954" started-at="2015-11-03T13:15:11Z" finished-at="2015-11-03T13:26:27Z">
      <class name="MyPackage.CNRegressionAutomation">
        <test-method status="PASS" signature="Recording()[pri:0, instance:MyPackage.CNRegressionAutomation@1d317ab]" name="Recording" is-config="true" duration-ms="390" started-at="2015-11-03T18:45:11Z" finished-at="2015-11-03T18:45:11Z">
          <reporter-output>
          </reporter-output>
        </test-method> <!-- Recording -->
        <test-method status="PASS" signature="Login()[pri:0, instance:MyPackage.CNRegressionAutomation@1d317ab]" name="Login" duration-ms="34818" started-at="2015-11-03T18:45:11Z" finished-at="2015-11-03T18:45:46Z">
          <reporter-output>
            <line>
              <![CDATA[<a href="C:\Users\499290\Desktop\TF\screenshot\_Login.png"><p align="left"> screenshot at Tue Nov 03 18:45:48 IST 2015</p>]]>
            </line>
          </reporter-output>
        </test-method> <!-- Login -->
        <test-method status="FAIL" signature="VerificationOfOverviewPage()[pri:1, instance:MyPackage.CNRegressionAutomation@1d317ab]" name="VerificationOfOverviewPage" duration-ms="321" started-at="2015-11-03T18:45:48Z" finished-at="2015-11-03T18:45:49Z">
          <exception class="java.lang.AssertionError">
            <message>
              <![CDATA[expected [Global Fund Grant Management Portal] but found [salesforce.com - Enterprise Edition]]]>
            </message>
            <full-stacktrace>
              <![CDATA[java.lang.AssertionError: expected [Global Fund Grant Management Portal] but found [salesforce.com - Enterprise Edition]
	at org.testng.Assert.fail(Assert.java:94)
	at org.testng.Assert.failNotEquals(Assert.java:496)
	at org.testng.Assert.assertEquals(Assert.java:125)
	at org.testng.Assert.assertEquals(Assert.java:178)
	at org.testng.Assert.assertEquals(Assert.java:188)
	at MyPackage.CNRegressionAutomation.VerificationOfOverviewPage(CNRegressionAutomation.java:86)
	at sun.reflect.NativeMethodAccessorImpl.invoke0(Native Method)
	at sun.reflect.NativeMethodAccessorImpl.invoke(Unknown Source)
	at sun.reflect.DelegatingMethodAccessorImpl.invoke(Unknown Source)
	at java.lang.reflect.Method.invoke(Unknown Source)
	at org.testng.internal.MethodInvocationHelper.invokeMethod(MethodInvocationHelper.java:85)
	at org.testng.internal.Invoker.invokeMethod(Invoker.java:639)
	at org.testng.internal.Invoker.invokeTestMethod(Invoker.java:816)
	at org.testng.internal.Invoker.invokeTestMethods(Invoker.java:1124)
	at org.testng.internal.TestMethodWorker.invokeTestMethods(TestMethodWorker.java:125)
	at org.testng.internal.TestMethodWorker.run(TestMethodWorker.java:108)
	at org.testng.TestRunner.privateRun(TestRunner.java:774)
	at org.testng.TestRunner.run(TestRunner.java:624)
	at org.testng.SuiteRunner.runTest(SuiteRunner.java:359)
	at org.testng.SuiteRunner.runSequentially(SuiteRunner.java:354)
	at org.testng.SuiteRunner.privateRun(SuiteRunner.java:312)
	at org.testng.SuiteRunner.run(SuiteRunner.java:261)
	at org.testng.SuiteRunnerWorker.runSuite(SuiteRunnerWorker.java:52)
	at org.testng.SuiteRunnerWorker.run(SuiteRunnerWorker.java:86)
	at org.testng.TestNG.runSuitesSequentially(TestNG.java:1215)
	at org.testng.TestNG.runSuitesLocally(TestNG.java:1140)
	at org.testng.TestNG.run(TestNG.java:1048)
	at org.testng.remote.RemoteTestNG.run(RemoteTestNG.java:112)
	at org.testng.remote.RemoteTestNG.initAndRun(RemoteTestNG.java:205)
	at org.testng.remote.RemoteTestNG.main(RemoteTestNG.java:176)
]]>
            </full-stacktrace>
          </exception> <!-- java.lang.AssertionError -->
          <reporter-output>
            <line>
              <![CDATA[<a href="C:\Users\499290\Desktop\TF\screenshot\_VerificationOfOverviewPage.png"><p align="left"> screenshot at Tue Nov 03 18:45:49 IST 2015</p>]]>
            </line>
          </reporter-output>
        </test-method> <!-- VerificationOfOverviewPage -->
        <test-method status="PASS" signature="TRPDateRegister()[pri:2, instance:MyPackage.CNRegressionAutomation@1d317ab]" name="TRPDateRegister" duration-ms="25857" started-at="2015-11-03T18:45:49Z" finished-at="2015-11-03T18:46:15Z">
          <reporter-output>
            <line>
              <![CDATA[<a href="C:\Users\499290\Desktop\TF\screenshot\_TRPDateRegister.png"><p align="left"> screenshot at Tue Nov 03 18:46:16 IST 2015</p>]]>
            </line>
          </reporter-output>
        </test-method> <!-- TRPDateRegister -->
        <test-method status="PASS" signature="CTPositiveAssessment()[pri:3, instance:MyPackage.CNRegressionAutomation@1d317ab]" name="CTPositiveAssessment" duration-ms="68256" started-at="2015-11-03T18:46:16Z" finished-at="2015-11-03T18:47:24Z">
          <reporter-output>
            <line>
              <![CDATA[<a href="C:\Users\499290\Desktop\TF\screenshot\_CTPositiveAssessment.png"><p align="left"> screenshot at Tue Nov 03 18:47:25 IST 2015</p>]]>
            </line>
          </reporter-output>
        </test-method> <!-- CTPositiveAssessment -->
        <test-method status="FAIL" signature="AddModule()[pri:5, instance:MyPackage.CNRegressionAutomation@1d317ab]" name="AddModule" duration-ms="33549" started-at="2015-11-03T18:47:25Z" finished-at="2015-11-03T18:47:58Z">
          <exception class="org.openqa.selenium.NoSuchElementException">
            <message>
              <![CDATA[no such element
  (Session info: chrome=46.0.2490.80)
  (Driver info: chromedriver=2.15.322448 (52179c1b310fec1797c81ea9a20326839860b7d3),platform=Windows NT 6.1 SP1 x86) (WARNING: The server did not provide any stacktrace information)
Command duration or timeout: 90 milliseconds
For documentation on this error, please visit: http://seleniumhq.org/exceptions/no_such_element.html
Build info: version: '2.47.1', revision: '411b314', time: '2015-07-30 02:56:46'
System info: host: '01HW189957', ip: '192.168.9.188', os.name: 'Windows 7', os.arch: 'x86', os.version: '6.1', java.version: '1.7.0_25'
*** Element info: {Using=name, value=page:frm:j_id204:1:j_id206}
Session ID: f0e33d41c20ab2bbe43c1656ddf4dc34
Driver info: org.openqa.selenium.chrome.ChromeDriver
Capabilities [{platform=XP, acceptSslCerts=true, javascriptEnabled=true, browserName=chrome, chrome={userDataDir=C:\Users\554525\AppData\Local\Temp\scoped_dir6220_273}, rotatable=false, locationContextEnabled=true, mobileEmulationEnabled=false, version=46.0.2490.80, takesHeapSnapshot=true, cssSelectorsEnabled=true, databaseEnabled=false, handlesAlerts=true, browserConnectionEnabled=false, webStorageEnabled=true, nativeEvents=true, applicationCacheEnabled=false, takesScreenshot=true}]]]>
            </message>
            <full-stacktrace>
              <![CDATA[org.openqa.selenium.NoSuchElementException: no such element
  (Session info: chrome=46.0.2490.80)
  (Driver info: chromedriver=2.15.322448 (52179c1b310fec1797c81ea9a20326839860b7d3),platform=Windows NT 6.1 SP1 x86) (WARNING: The server did not provide any stacktrace information)
Command duration or timeout: 90 milliseconds
For documentation on this error, please visit: http://seleniumhq.org/exceptions/no_such_element.html
Build info: version: '2.47.1', revision: '411b314', time: '2015-07-30 02:56:46'
System info: host: '01HW189957', ip: '192.168.9.188', os.name: 'Windows 7', os.arch: 'x86', os.version: '6.1', java.version: '1.7.0_25'
*** Element info: {Using=name, value=page:frm:j_id204:1:j_id206}
Session ID: f0e33d41c20ab2bbe43c1656ddf4dc34
Driver info: org.openqa.selenium.chrome.ChromeDriver
Capabilities [{platform=XP, acceptSslCerts=true, javascriptEnabled=true, browserName=chrome, chrome={userDataDir=C:\Users\554525\AppData\Local\Temp\scoped_dir6220_273}, rotatable=false, locationContextEnabled=true, mobileEmulationEnabled=false, version=46.0.2490.80, takesHeapSnapshot=true, cssSelectorsEnabled=true, databaseEnabled=false, handlesAlerts=true, browserConnectionEnabled=false, webStorageEnabled=true, nativeEvents=true, applicationCacheEnabled=false, takesScreenshot=true}]
	at sun.reflect.NativeConstructorAccessorImpl.newInstance0(Native Method)
	at sun.reflect.NativeConstructorAccessorImpl.newInstance(Unknown Source)
	at sun.reflect.DelegatingConstructorAccessorImpl.newInstance(Unknown Source)
	at java.lang.reflect.Constructor.newInstance(Unknown Source)
	at org.openqa.selenium.remote.ErrorHandler.createThrowable(ErrorHandler.java:206)
	at org.openqa.selenium.remote.ErrorHandler.throwIfResponseFailed(ErrorHandler.java:158)
	at org.openqa.selenium.remote.RemoteWebDriver.execute(RemoteWebDriver.java:595)
	at org.openqa.selenium.remote.RemoteWebDriver.findElement(RemoteWebDriver.java:348)
	at org.openqa.selenium.remote.RemoteWebDriver.findElementByName(RemoteWebDriver.java:421)
	at org.openqa.selenium.By$ByName.findElement(By.java:300)
	at org.openqa.selenium.remote.RemoteWebDriver.findElement(RemoteWebDriver.java:340)
	at MyPackage.CNRegressionAutomation.AddModule(CNRegressionAutomation.java:317)
	at sun.reflect.NativeMethodAccessorImpl.invoke0(Native Method)
	at sun.reflect.NativeMethodAccessorImpl.invoke(Unknown Source)
	at sun.reflect.DelegatingMethodAccessorImpl.invoke(Unknown Source)
	at java.lang.reflect.Method.invoke(Unknown Source)
	at org.testng.internal.MethodInvocationHelper.invokeMethod(MethodInvocationHelper.java:85)
	at org.testng.internal.Invoker.invokeMethod(Invoker.java:639)
	at org.testng.internal.Invoker.invokeTestMethod(Invoker.java:816)
	at org.testng.internal.Invoker.invokeTestMethods(Invoker.java:1124)
	at org.testng.internal.TestMethodWorker.invokeTestMethods(TestMethodWorker.java:125)
	at org.testng.internal.TestMethodWorker.run(TestMethodWorker.java:108)
	at org.testng.TestRunner.privateRun(TestRunner.java:774)
	at org.testng.TestRunner.run(TestRunner.java:624)
	at org.testng.SuiteRunner.runTest(SuiteRunner.java:359)
	at org.testng.SuiteRunner.runSequentially(SuiteRunner.java:354)
	at org.testng.SuiteRunner.privateRun(SuiteRunner.java:312)
	at org.testng.SuiteRunner.run(SuiteRunner.java:261)
	at org.testng.SuiteRunnerWorker.runSuite(SuiteRunnerWorker.java:52)
	at org.testng.SuiteRunnerWorker.run(SuiteRunnerWorker.java:86)
	at org.testng.TestNG.runSuitesSequentially(TestNG.java:1215)
	at org.testng.TestNG.runSuitesLocally(TestNG.java:1140)
	at org.testng.TestNG.run(TestNG.java:1048)
	at org.testng.remote.RemoteTestNG.run(RemoteTestNG.java:112)
	at org.testng.remote.RemoteTestNG.initAndRun(RemoteTestNG.java:205)
	at org.testng.remote.RemoteTestNG.main(RemoteTestNG.java:176)
]]>
            </full-stacktrace>
          </exception> <!-- org.openqa.selenium.NoSuchElementException -->
          <reporter-output>
            <line>
              <![CDATA[<a href="C:\Users\499290\Desktop\TF\screenshot\_AddModule.png"><p align="left"> screenshot at Tue Nov 03 18:47:59 IST 2015</p>]]>
            </line>
          </reporter-output>
        </test-method> <!-- AddModule -->
        <test-method status="PASS" signature="SubmitCN()[pri:22, instance:MyPackage.CNRegressionAutomation@1d317ab]" name="SubmitCN" duration-ms="12504" started-at="2015-11-03T18:47:59Z" finished-at="2015-11-03T18:48:11Z">
          <reporter-output>
            <line>
              <![CDATA[<a href="C:\Users\499290\Desktop\TF\screenshot\_SubmitCN.png"><p align="left"> screenshot at Tue Nov 03 18:48:12 IST 2015</p>]]>
            </line>
          </reporter-output>
        </test-method> <!-- SubmitCN -->
        <test-method status="PASS" signature="CCMEditChk()[pri:23, instance:MyPackage.CNRegressionAutomation@1d317ab]" name="CCMEditChk" duration-ms="142341" started-at="2015-11-03T18:48:12Z" finished-at="2015-11-03T18:50:34Z">
          <reporter-output>
            <line>
              <![CDATA[<a href="C:\Users\499290\Desktop\TF\screenshot\_CCMEditChk.png"><p align="left"> screenshot at Tue Nov 03 18:50:35 IST 2015</p>]]>
            </line>
          </reporter-output>
        </test-method> <!-- CCMEditChk -->
        <test-method status="FAIL" signature="CTEditChk()[pri:23, instance:MyPackage.CNRegressionAutomation@1d317ab]" name="CTEditChk" duration-ms="60512" started-at="2015-11-03T18:50:35Z" finished-at="2015-11-03T18:51:35Z">
          <exception class="java.lang.AssertionError">
            <message>
              <![CDATA[expected [true] but found [false]]]>
            </message>
            <full-stacktrace>
              <![CDATA[java.lang.AssertionError: expected [true] but found [false]
	at org.testng.Assert.fail(Assert.java:94)
	at org.testng.Assert.failNotEquals(Assert.java:496)
	at org.testng.Assert.assertTrue(Assert.java:42)
	at org.testng.Assert.assertTrue(Assert.java:52)
	at MyPackage.CNRegressionAutomation.CTEditChk(CNRegressionAutomation.java:1522)
	at sun.reflect.NativeMethodAccessorImpl.invoke0(Native Method)
	at sun.reflect.NativeMethodAccessorImpl.invoke(Unknown Source)
	at sun.reflect.DelegatingMethodAccessorImpl.invoke(Unknown Source)
	at java.lang.reflect.Method.invoke(Unknown Source)
	at org.testng.internal.MethodInvocationHelper.invokeMethod(MethodInvocationHelper.java:85)
	at org.testng.internal.Invoker.invokeMethod(Invoker.java:639)
	at org.testng.internal.Invoker.invokeTestMethod(Invoker.java:816)
	at org.testng.internal.Invoker.invokeTestMethods(Invoker.java:1124)
	at org.testng.internal.TestMethodWorker.invokeTestMethods(TestMethodWorker.java:125)
	at org.testng.internal.TestMethodWorker.run(TestMethodWorker.java:108)
	at org.testng.TestRunner.privateRun(TestRunner.java:774)
	at org.testng.TestRunner.run(TestRunner.java:624)
	at org.testng.SuiteRunner.runTest(SuiteRunner.java:359)
	at org.testng.SuiteRunner.runSequentially(SuiteRunner.java:354)
	at org.testng.SuiteRunner.privateRun(SuiteRunner.java:312)
	at org.testng.SuiteRunner.run(SuiteRunner.java:261)
	at org.testng.SuiteRunnerWorker.runSuite(SuiteRunnerWorker.java:52)
	at org.testng.SuiteRunnerWorker.run(SuiteRunnerWorker.java:86)
	at org.testng.TestNG.runSuitesSequentially(TestNG.java:1215)
	at org.testng.TestNG.runSuitesLocally(TestNG.java:1140)
	at org.testng.TestNG.run(TestNG.java:1048)
	at org.testng.remote.RemoteTestNG.run(RemoteTestNG.java:112)
	at org.testng.remote.RemoteTestNG.initAndRun(RemoteTestNG.java:205)
	at org.testng.remote.RemoteTestNG.main(RemoteTestNG.java:176)
]]>
            </full-stacktrace>
          </exception> <!-- java.lang.AssertionError -->
          <reporter-output>
            <line>
              <![CDATA[<a href="C:\Users\499290\Desktop\TF\screenshot\_CTEditChk.png"><p align="left"> screenshot at Tue Nov 03 18:51:36 IST 2015</p>]]>
            </line>
          </reporter-output>
        </test-method> <!-- CTEditChk -->
        <test-method status="PASS" signature="CTLogin()[pri:24, instance:MyPackage.CNRegressionAutomation@1d317ab]" name="CTLogin" duration-ms="23368" started-at="2015-11-03T18:51:36Z" finished-at="2015-11-03T18:51:59Z">
          <reporter-output>
            <line>
              <![CDATA[<a href="C:\Users\499290\Desktop\TF\screenshot\_CTLogin.png"><p align="left"> screenshot at Tue Nov 03 18:52:04 IST 2015</p>]]>
            </line>
          </reporter-output>
        </test-method> <!-- CTLogin -->
        <test-method status="FAIL" signature="FinalCTReview()[pri:25, instance:MyPackage.CNRegressionAutomation@1d317ab]" name="FinalCTReview" duration-ms="7766" started-at="2015-11-03T18:52:04Z" finished-at="2015-11-03T18:52:11Z">
          <exception class="org.openqa.selenium.StaleElementReferenceException">
            <message>
              <![CDATA[stale element reference: element is not attached to the page document
  (Session info: chrome=46.0.2490.80)
  (Driver info: chromedriver=2.15.322448 (52179c1b310fec1797c81ea9a20326839860b7d3),platform=Windows NT 6.1 SP1 x86) (WARNING: The server did not provide any stacktrace information)
Command duration or timeout: 36 milliseconds
For documentation on this error, please visit: http://seleniumhq.org/exceptions/stale_element_reference.html
Build info: version: '2.47.1', revision: '411b314', time: '2015-07-30 02:56:46'
System info: host: '01HW189957', ip: '192.168.9.188', os.name: 'Windows 7', os.arch: 'x86', os.version: '6.1', java.version: '1.7.0_25'
Session ID: f0e33d41c20ab2bbe43c1656ddf4dc34
Driver info: org.openqa.selenium.chrome.ChromeDriver
Capabilities [{platform=XP, acceptSslCerts=true, javascriptEnabled=true, browserName=chrome, chrome={userDataDir=C:\Users\554525\AppData\Local\Temp\scoped_dir6220_273}, rotatable=false, locationContextEnabled=true, mobileEmulationEnabled=false, version=46.0.2490.80, takesHeapSnapshot=true, cssSelectorsEnabled=true, databaseEnabled=false, handlesAlerts=true, browserConnectionEnabled=false, webStorageEnabled=true, nativeEvents=true, applicationCacheEnabled=false, takesScreenshot=true}]]]>
            </message>
            <full-stacktrace>
              <![CDATA[org.openqa.selenium.StaleElementReferenceException: stale element reference: element is not attached to the page document
  (Session info: chrome=46.0.2490.80)
  (Driver info: chromedriver=2.15.322448 (52179c1b310fec1797c81ea9a20326839860b7d3),platform=Windows NT 6.1 SP1 x86) (WARNING: The server did not provide any stacktrace information)
Command duration or timeout: 36 milliseconds
For documentation on this error, please visit: http://seleniumhq.org/exceptions/stale_element_reference.html
Build info: version: '2.47.1', revision: '411b314', time: '2015-07-30 02:56:46'
System info: host: '01HW189957', ip: '192.168.9.188', os.name: 'Windows 7', os.arch: 'x86', os.version: '6.1', java.version: '1.7.0_25'
Session ID: f0e33d41c20ab2bbe43c1656ddf4dc34
Driver info: org.openqa.selenium.chrome.ChromeDriver
Capabilities [{platform=XP, acceptSslCerts=true, javascriptEnabled=true, browserName=chrome, chrome={userDataDir=C:\Users\554525\AppData\Local\Temp\scoped_dir6220_273}, rotatable=false, locationContextEnabled=true, mobileEmulationEnabled=false, version=46.0.2490.80, takesHeapSnapshot=true, cssSelectorsEnabled=true, databaseEnabled=false, handlesAlerts=true, browserConnectionEnabled=false, webStorageEnabled=true, nativeEvents=true, applicationCacheEnabled=false, takesScreenshot=true}]
	at sun.reflect.NativeConstructorAccessorImpl.newInstance0(Native Method)
	at sun.reflect.NativeConstructorAccessorImpl.newInstance(Unknown Source)
	at sun.reflect.DelegatingConstructorAccessorImpl.newInstance(Unknown Source)
	at java.lang.reflect.Constructor.newInstance(Unknown Source)
	at org.openqa.selenium.remote.ErrorHandler.createThrowable(ErrorHandler.java:206)
	at org.openqa.selenium.remote.ErrorHandler.throwIfResponseFailed(ErrorHandler.java:158)
	at org.openqa.selenium.remote.RemoteWebDriver.execute(RemoteWebDriver.java:595)
	at org.openqa.selenium.remote.RemoteWebDriver.executeScript(RemoteWebDriver.java:504)
	at MyPackage.HighlightElement.elementHighlight(HighlightElement.java:14)
	at MyPackage.CNRegressionAutomation.FinalCTReview(CNRegressionAutomation.java:1548)
	at sun.reflect.NativeMethodAccessorImpl.invoke0(Native Method)
	at sun.reflect.NativeMethodAccessorImpl.invoke(Unknown Source)
	at sun.reflect.DelegatingMethodAccessorImpl.invoke(Unknown Source)
	at java.lang.reflect.Method.invoke(Unknown Source)
	at org.testng.internal.MethodInvocationHelper.invokeMethod(MethodInvocationHelper.java:85)
	at org.testng.internal.Invoker.invokeMethod(Invoker.java:639)
	at org.testng.internal.Invoker.invokeTestMethod(Invoker.java:816)
	at org.testng.internal.Invoker.invokeTestMethods(Invoker.java:1124)
	at org.testng.internal.TestMethodWorker.invokeTestMethods(TestMethodWorker.java:125)
	at org.testng.internal.TestMethodWorker.run(TestMethodWorker.java:108)
	at org.testng.TestRunner.privateRun(TestRunner.java:774)
	at org.testng.TestRunner.run(TestRunner.java:624)
	at org.testng.SuiteRunner.runTest(SuiteRunner.java:359)
	at org.testng.SuiteRunner.runSequentially(SuiteRunner.java:354)
	at org.testng.SuiteRunner.privateRun(SuiteRunner.java:312)
	at org.testng.SuiteRunner.run(SuiteRunner.java:261)
	at org.testng.SuiteRunnerWorker.runSuite(SuiteRunnerWorker.java:52)
	at org.testng.SuiteRunnerWorker.run(SuiteRunnerWorker.java:86)
	at org.testng.TestNG.runSuitesSequentially(TestNG.java:1215)
	at org.testng.TestNG.runSuitesLocally(TestNG.java:1140)
	at org.testng.TestNG.run(TestNG.java:1048)
	at org.testng.remote.RemoteTestNG.run(RemoteTestNG.java:112)
	at org.testng.remote.RemoteTestNG.initAndRun(RemoteTestNG.java:205)
	at org.testng.remote.RemoteTestNG.main(RemoteTestNG.java:176)
]]>
            </full-stacktrace>
          </exception> <!-- org.openqa.selenium.StaleElementReferenceException -->
          <reporter-output>
            <line>
              <![CDATA[<a href="C:\Users\499290\Desktop\TF\screenshot\_FinalCTReview.png"><p align="left"> screenshot at Tue Nov 03 18:52:12 IST 2015</p>]]>
            </line>
          </reporter-output>
        </test-method> <!-- FinalCTReview -->
        <test-method status="FAIL" signature="FinalTranslationReview()[pri:26, instance:MyPackage.CNRegressionAutomation@1d317ab]" name="FinalTranslationReview" duration-ms="77809" started-at="2015-11-03T18:52:12Z" finished-at="2015-11-03T18:53:30Z">
          <exception class="org.openqa.selenium.NoSuchElementException">
            <message>
              <![CDATA[no such element
  (Session info: chrome=46.0.2490.80)
  (Driver info: chromedriver=2.15.322448 (52179c1b310fec1797c81ea9a20326839860b7d3),platform=Windows NT 6.1 SP1 x86) (WARNING: The server did not provide any stacktrace information)
Command duration or timeout: 40.07 seconds
For documentation on this error, please visit: http://seleniumhq.org/exceptions/no_such_element.html
Build info: version: '2.47.1', revision: '411b314', time: '2015-07-30 02:56:46'
System info: host: '01HW189957', ip: '192.168.9.188', os.name: 'Windows 7', os.arch: 'x86', os.version: '6.1', java.version: '1.7.0_25'
*** Element info: {Using=id, value=Final Translation Review}
Session ID: f0e33d41c20ab2bbe43c1656ddf4dc34
Driver info: org.openqa.selenium.chrome.ChromeDriver
Capabilities [{platform=XP, acceptSslCerts=true, javascriptEnabled=true, browserName=chrome, chrome={userDataDir=C:\Users\554525\AppData\Local\Temp\scoped_dir6220_273}, rotatable=false, locationContextEnabled=true, mobileEmulationEnabled=false, version=46.0.2490.80, takesHeapSnapshot=true, cssSelectorsEnabled=true, databaseEnabled=false, handlesAlerts=true, browserConnectionEnabled=false, webStorageEnabled=true, nativeEvents=true, applicationCacheEnabled=false, takesScreenshot=true}]]]>
            </message>
            <full-stacktrace>
              <![CDATA[org.openqa.selenium.NoSuchElementException: no such element
  (Session info: chrome=46.0.2490.80)
  (Driver info: chromedriver=2.15.322448 (52179c1b310fec1797c81ea9a20326839860b7d3),platform=Windows NT 6.1 SP1 x86) (WARNING: The server did not provide any stacktrace information)
Command duration or timeout: 40.07 seconds
For documentation on this error, please visit: http://seleniumhq.org/exceptions/no_such_element.html
Build info: version: '2.47.1', revision: '411b314', time: '2015-07-30 02:56:46'
System info: host: '01HW189957', ip: '192.168.9.188', os.name: 'Windows 7', os.arch: 'x86', os.version: '6.1', java.version: '1.7.0_25'
*** Element info: {Using=id, value=Final Translation Review}
Session ID: f0e33d41c20ab2bbe43c1656ddf4dc34
Driver info: org.openqa.selenium.chrome.ChromeDriver
Capabilities [{platform=XP, acceptSslCerts=true, javascriptEnabled=true, browserName=chrome, chrome={userDataDir=C:\Users\554525\AppData\Local\Temp\scoped_dir6220_273}, rotatable=false, locationContextEnabled=true, mobileEmulationEnabled=false, version=46.0.2490.80, takesHeapSnapshot=true, cssSelectorsEnabled=true, databaseEnabled=false, handlesAlerts=true, browserConnectionEnabled=false, webStorageEnabled=true, nativeEvents=true, applicationCacheEnabled=false, takesScreenshot=true}]
	at sun.reflect.NativeConstructorAccessorImpl.newInstance0(Native Method)
	at sun.reflect.NativeConstructorAccessorImpl.newInstance(Unknown Source)
	at sun.reflect.DelegatingConstructorAccessorImpl.newInstance(Unknown Source)
	at java.lang.reflect.Constructor.newInstance(Unknown Source)
	at org.openqa.selenium.remote.ErrorHandler.createThrowable(ErrorHandler.java:206)
	at org.openqa.selenium.remote.ErrorHandler.throwIfResponseFailed(ErrorHandler.java:158)
	at org.openqa.selenium.remote.RemoteWebDriver.execute(RemoteWebDriver.java:595)
	at org.openqa.selenium.remote.RemoteWebDriver.findElement(RemoteWebDriver.java:348)
	at org.openqa.selenium.remote.RemoteWebDriver.findElementById(RemoteWebDriver.java:389)
	at org.openqa.selenium.By$ById.findElement(By.java:215)
	at org.openqa.selenium.remote.RemoteWebDriver.findElement(RemoteWebDriver.java:340)
	at MyPackage.CNRegressionAutomation.FinalTranslationReview(CNRegressionAutomation.java:1609)
	at sun.reflect.NativeMethodAccessorImpl.invoke0(Native Method)
	at sun.reflect.NativeMethodAccessorImpl.invoke(Unknown Source)
	at sun.reflect.DelegatingMethodAccessorImpl.invoke(Unknown Source)
	at java.lang.reflect.Method.invoke(Unknown Source)
	at org.testng.internal.MethodInvocationHelper.invokeMethod(MethodInvocationHelper.java:85)
	at org.testng.internal.Invoker.invokeMethod(Invoker.java:639)
	at org.testng.internal.Invoker.invokeTestMethod(Invoker.java:816)
	at org.testng.internal.Invoker.invokeTestMethods(Invoker.java:1124)
	at org.testng.internal.TestMethodWorker.invokeTestMethods(TestMethodWorker.java:125)
	at org.testng.internal.TestMethodWorker.run(TestMethodWorker.java:108)
	at org.testng.TestRunner.privateRun(TestRunner.java:774)
	at org.testng.TestRunner.run(TestRunner.java:624)
	at org.testng.SuiteRunner.runTest(SuiteRunner.java:359)
	at org.testng.SuiteRunner.runSequentially(SuiteRunner.java:354)
	at org.testng.SuiteRunner.privateRun(SuiteRunner.java:312)
	at org.testng.SuiteRunner.run(SuiteRunner.java:261)
	at org.testng.SuiteRunnerWorker.runSuite(SuiteRunnerWorker.java:52)
	at org.testng.SuiteRunnerWorker.run(SuiteRunnerWorker.java:86)
	at org.testng.TestNG.runSuitesSequentially(TestNG.java:1215)
	at org.testng.TestNG.runSuitesLocally(TestNG.java:1140)
	at org.testng.TestNG.run(TestNG.java:1048)
	at org.testng.remote.RemoteTestNG.run(RemoteTestNG.java:112)
	at org.testng.remote.RemoteTestNG.initAndRun(RemoteTestNG.java:205)
	at org.testng.remote.RemoteTestNG.main(RemoteTestNG.java:176)
]]>
            </full-stacktrace>
          </exception> <!-- org.openqa.selenium.NoSuchElementException -->
          <reporter-output>
            <line>
              <![CDATA[<a href="C:\Users\499290\Desktop\TF\screenshot\_FinalTranslationReview.png"><p align="left"> screenshot at Tue Nov 03 18:53:30 IST 2015</p>]]>
            </line>
          </reporter-output>
        </test-method> <!-- FinalTranslationReview -->
        <test-method status="PASS" signature="CCMEditChkAfterCTReview()[pri:27, instance:MyPackage.CNRegressionAutomation@1d317ab]" name="CCMEditChkAfterCTReview" duration-ms="137245" started-at="2015-11-03T18:53:30Z" finished-at="2015-11-03T18:55:47Z">
          <reporter-output>
            <line>
              <![CDATA[<a href="C:\Users\499290\Desktop\TF\screenshot\_CCMEditChkAfterCTReview.png"><p align="left"> screenshot at Tue Nov 03 18:55:48 IST 2015</p>]]>
            </line>
          </reporter-output>
        </test-method> <!-- CCMEditChkAfterCTReview -->
        <test-method status="FAIL" signature="IterationScenarios()[pri:28, instance:MyPackage.CNRegressionAutomation@1d317ab]" name="IterationScenarios" duration-ms="91" started-at="2015-11-03T18:55:48Z" finished-at="2015-11-03T18:55:48Z">
          <exception class="java.lang.NullPointerException">
            <full-stacktrace>
              <![CDATA[java.lang.NullPointerException
	at MyPackage.CNRegressionAutomation.IterationScenarios(CNRegressionAutomation.java:1686)
	at sun.reflect.NativeMethodAccessorImpl.invoke0(Native Method)
	at sun.reflect.NativeMethodAccessorImpl.invoke(Unknown Source)
	at sun.reflect.DelegatingMethodAccessorImpl.invoke(Unknown Source)
	at java.lang.reflect.Method.invoke(Unknown Source)
	at org.testng.internal.MethodInvocationHelper.invokeMethod(MethodInvocationHelper.java:85)
	at org.testng.internal.Invoker.invokeMethod(Invoker.java:639)
	at org.testng.internal.Invoker.invokeTestMethod(Invoker.java:816)
	at org.testng.internal.Invoker.invokeTestMethods(Invoker.java:1124)
	at org.testng.internal.TestMethodWorker.invokeTestMethods(TestMethodWorker.java:125)
	at org.testng.internal.TestMethodWorker.run(TestMethodWorker.java:108)
	at org.testng.TestRunner.privateRun(TestRunner.java:774)
	at org.testng.TestRunner.run(TestRunner.java:624)
	at org.testng.SuiteRunner.runTest(SuiteRunner.java:359)
	at org.testng.SuiteRunner.runSequentially(SuiteRunner.java:354)
	at org.testng.SuiteRunner.privateRun(SuiteRunner.java:312)
	at org.testng.SuiteRunner.run(SuiteRunner.java:261)
	at org.testng.SuiteRunnerWorker.runSuite(SuiteRunnerWorker.java:52)
	at org.testng.SuiteRunnerWorker.run(SuiteRunnerWorker.java:86)
	at org.testng.TestNG.runSuitesSequentially(TestNG.java:1215)
	at org.testng.TestNG.runSuitesLocally(TestNG.java:1140)
	at org.testng.TestNG.run(TestNG.java:1048)
	at org.testng.remote.RemoteTestNG.run(RemoteTestNG.java:112)
	at org.testng.remote.RemoteTestNG.initAndRun(RemoteTestNG.java:205)
	at org.testng.remote.RemoteTestNG.main(RemoteTestNG.java:176)
]]>
            </full-stacktrace>
          </exception> <!-- java.lang.NullPointerException -->
          <reporter-output>
            <line>
              <![CDATA[<a href="C:\Users\499290\Desktop\TF\screenshot\_IterationScenarios.png"><p align="left"> screenshot at Tue Nov 03 18:55:49 IST 2015</p>]]>
            </line>
          </reporter-output>
        </test-method> <!-- IterationScenarios -->
        <test-method status="PASS" signature="ItrNotSubmittedEditChk()[pri:29, instance:MyPackage.CNRegressionAutomation@1d317ab]" name="ItrNotSubmittedEditChk" duration-ms="17598" started-at="2015-11-03T18:55:49Z" finished-at="2015-11-03T18:56:06Z">
          <reporter-output>
            <line>
              <![CDATA[<a href="C:\Users\499290\Desktop\TF\screenshot\_ItrNotSubmittedEditChk.png"><p align="left"> screenshot at Tue Nov 03 18:56:07 IST 2015</p>]]>
            </line>
          </reporter-output>
        </test-method> <!-- ItrNotSubmittedEditChk -->
        <test-method status="PASS" signature="SubmitItrCN()[pri:30, instance:MyPackage.CNRegressionAutomation@1d317ab]" name="SubmitItrCN" duration-ms="19230" started-at="2015-11-03T18:56:07Z" finished-at="2015-11-03T18:56:26Z">
          <reporter-output>
            <line>
              <![CDATA[<a href="C:\Users\499290\Desktop\TF\screenshot\_SubmitItrCN.png"><p align="left"> screenshot at Tue Nov 03 18:56:27 IST 2015</p>]]>
            </line>
          </reporter-output>
        </test-method> <!-- SubmitItrCN -->
        <test-method status="PASS" signature="StopRecording1()[pri:0, instance:MyPackage.CNRegressionAutomation@1d317ab]" name="StopRecording1" is-config="true" duration-ms="791" started-at="2015-11-03T18:56:27Z" finished-at="2015-11-03T18:56:27Z">
          <reporter-output>
          </reporter-output>
        </test-method> <!-- StopRecording1 -->
      </class> <!-- MyPackage.CNRegressionAutomation -->
    </test> <!-- Test -->
  </suite> <!-- Default suite -->
</testng-results>
