<?xml version="1.0" encoding="UTF-8"?>
<testng-results skipped="0" failed="7" total="28" passed="21">
  <reporter-output>
    <line>
      <![CDATA[<a href="C:\Users\499290\Desktop\TF\screenshot\_Login.png"><p align="left"> screenshot at Mon Nov 02 17:27:12 IST 2015</p>]]>
    </line>
    <line>
      <![CDATA[<a href="C:\Users\499290\Desktop\TF\screenshot\_VerificationOfOverviewPage.png"><p align="left"> screenshot at Mon Nov 02 17:27:13 IST 2015</p>]]>
    </line>
    <line>
      <![CDATA[<a href="C:\Users\499290\Desktop\TF\screenshot\_TRPDateRegister.png"><p align="left"> screenshot at Mon Nov 02 17:27:39 IST 2015</p>]]>
    </line>
    <line>
      <![CDATA[<a href="C:\Users\499290\Desktop\TF\screenshot\_AddModule.png"><p align="left"> screenshot at Mon Nov 02 17:28:08 IST 2015</p>]]>
    </line>
    <line>
      <![CDATA[<a href="C:\Users\499290\Desktop\TF\screenshot\_AddIntervention.png"><p align="left"> screenshot at Mon Nov 02 17:29:18 IST 2015</p>]]>
    </line>
    <line>
      <![CDATA[<a href="C:\Users\499290\Desktop\TF\screenshot\_AddPRintervention.png"><p align="left"> screenshot at Mon Nov 02 17:29:50 IST 2015</p>]]>
    </line>
    <line>
      <![CDATA[<a href="C:\Users\499290\Desktop\TF\screenshot\_DeleteInterventionPR.png"><p align="left"> screenshot at Mon Nov 02 17:30:14 IST 2015</p>]]>
    </line>
    <line>
      <![CDATA[<a href="C:\Users\499290\Desktop\TF\screenshot\_DeleteIntervention.png"><p align="left"> screenshot at Mon Nov 02 17:30:52 IST 2015</p>]]>
    </line>
    <line>
      <![CDATA[<a href="C:\Users\499290\Desktop\TF\screenshot\_DeleteModule.png"><p align="left"> screenshot at Mon Nov 02 17:31:11 IST 2015</p>]]>
    </line>
    <line>
      <![CDATA[<a href="C:\Users\499290\Desktop\TF\screenshot\_GoalCreation.png"><p align="left"> screenshot at Mon Nov 02 17:31:52 IST 2015</p>]]>
    </line>
    <line>
      <![CDATA[<a href="C:\Users\499290\Desktop\TF\screenshot\_StdImpactIndicator.png"><p align="left"> screenshot at Mon Nov 02 17:33:30 IST 2015</p>]]>
    </line>
    <line>
      <![CDATA[<a href="C:\Users\499290\Desktop\TF\screenshot\_CustomImpactInd.png"><p align="left"> screenshot at Mon Nov 02 17:34:07 IST 2015</p>]]>
    </line>
    <line>
      <![CDATA[<a href="C:\Users\499290\Desktop\TF\screenshot\_ObjectiveCreation.png"><p align="left"> screenshot at Mon Nov 02 17:34:54 IST 2015</p>]]>
    </line>
    <line>
      <![CDATA[<a href="C:\Users\499290\Desktop\TF\screenshot\_StdOutcomeIndicator.png"><p align="left"> screenshot at Mon Nov 02 17:36:30 IST 2015</p>]]>
    </line>
    <line>
      <![CDATA[<a href="C:\Users\499290\Desktop\TF\screenshot\_CustomOutcomeInd.png"><p align="left"> screenshot at Mon Nov 02 17:37:31 IST 2015</p>]]>
    </line>
    <line>
      <![CDATA[<a href="C:\Users\499290\Desktop\TF\screenshot\_CNModuleBudget.png"><p align="left"> screenshot at Mon Nov 02 17:38:23 IST 2015</p>]]>
    </line>
    <line>
      <![CDATA[<a href="C:\Users\499290\Desktop\TF\screenshot\_ChangeSubmissionDate.png"><p align="left"> screenshot at Mon Nov 02 17:38:43 IST 2015</p>]]>
    </line>
    <line>
      <![CDATA[<a href="C:\Users\499290\Desktop\TF\screenshot\_UploadFile.png"><p align="left"> screenshot at Mon Nov 02 17:39:34 IST 2015</p>]]>
    </line>
    <line>
      <![CDATA[<a href="C:\Users\499290\Desktop\TF\screenshot\_SubmitCN.png"><p align="left"> screenshot at Mon Nov 02 17:39:52 IST 2015</p>]]>
    </line>
    <line>
      <![CDATA[<a href="C:\Users\499290\Desktop\TF\screenshot\_CCMEditChk.png"><p align="left"> screenshot at Mon Nov 02 17:39:54 IST 2015</p>]]>
    </line>
    <line>
      <![CDATA[<a href="C:\Users\499290\Desktop\TF\screenshot\_CTLogin.png"><p align="left"> screenshot at Mon Nov 02 17:41:14 IST 2015</p>]]>
    </line>
    <line>
      <![CDATA[<a href="C:\Users\499290\Desktop\TF\screenshot\_CTEditChk.png"><p align="left"> screenshot at Mon Nov 02 17:41:43 IST 2015</p>]]>
    </line>
    <line>
      <![CDATA[<a href="C:\Users\499290\Desktop\TF\screenshot\_CTPositiveAssessment.png"><p align="left"> screenshot at Mon Nov 02 17:42:04 IST 2015</p>]]>
    </line>
    <line>
      <![CDATA[<a href="C:\Users\499290\Desktop\TF\screenshot\_FinalCTReview.png"><p align="left"> screenshot at Mon Nov 02 17:42:09 IST 2015</p>]]>
    </line>
    <line>
      <![CDATA[<a href="C:\Users\499290\Desktop\TF\screenshot\_FinalTranslationReview.png"><p align="left"> screenshot at Mon Nov 02 17:42:10 IST 2015</p>]]>
    </line>
    <line>
      <![CDATA[<a href="C:\Users\499290\Desktop\TF\screenshot\_CCMEditChkAfterCTReview.png"><p align="left"> screenshot at Mon Nov 02 17:42:11 IST 2015</p>]]>
    </line>
    <line>
      <![CDATA[<a href="C:\Users\499290\Desktop\TF\screenshot\_ItrNotSubmittedEditChk.png"><p align="left"> screenshot at Mon Nov 02 17:42:13 IST 2015</p>]]>
    </line>
    <line>
      <![CDATA[<a href="C:\Users\499290\Desktop\TF\screenshot\_SubmitItrCN.png"><p align="left"> screenshot at Mon Nov 02 17:43:05 IST 2015</p>]]>
    </line>
  </reporter-output>
  <suite name="Default suite" duration-ms="1003712" started-at="2015-11-02T11:56:23Z" finished-at="2015-11-02T12:13:06Z">
    <groups>
    </groups>
    <test name="IntenalUser Test" duration-ms="1003712" started-at="2015-11-02T11:56:23Z" finished-at="2015-11-02T12:13:06Z">
      <class name="MyPackage.CNRegressionAutomation">
        <test-method status="PASS" signature="Recording()[pri:0, instance:MyPackage.CNRegressionAutomation@ff366c]" name="Recording" is-config="true" duration-ms="1825" started-at="2015-11-02T17:26:23Z" finished-at="2015-11-02T17:26:24Z">
          <reporter-output>
          </reporter-output>
        </test-method> <!-- Recording -->
        <test-method status="PASS" signature="Login()[pri:0, instance:MyPackage.CNRegressionAutomation@ff366c]" name="Login" duration-ms="46087" started-at="2015-11-02T17:26:24Z" finished-at="2015-11-02T17:27:11Z">
          <reporter-output>
            <line>
              <![CDATA[<a href="C:\Users\499290\Desktop\TF\screenshot\_Login.png"><p align="left"> screenshot at Mon Nov 02 17:27:12 IST 2015</p>]]>
            </line>
          </reporter-output>
        </test-method> <!-- Login -->
        <test-method status="FAIL" signature="VerificationOfOverviewPage()[pri:1, instance:MyPackage.CNRegressionAutomation@ff366c]" name="VerificationOfOverviewPage" duration-ms="247" started-at="2015-11-02T17:27:12Z" finished-at="2015-11-02T17:27:12Z">
          <exception class="java.lang.AssertionError">
            <message>
              <![CDATA[expected [Global Fund Grant Management Portal] but found [salesforce.com - Enterprise Edition]]]>
            </message>
            <full-stacktrace>
              <![CDATA[java.lang.AssertionError: expected [Global Fund Grant Management Portal] but found [salesforce.com - Enterprise Edition]
	at org.testng.Assert.fail(Assert.java:94)
	at org.testng.Assert.failNotEquals(Assert.java:496)
	at org.testng.Assert.assertEquals(Assert.java:125)
	at org.testng.Assert.assertEquals(Assert.java:178)
	at org.testng.Assert.assertEquals(Assert.java:188)
	at MyPackage.CNRegressionAutomation.VerificationOfOverviewPage(CNRegressionAutomation.java:86)
	at sun.reflect.NativeMethodAccessorImpl.invoke0(Native Method)
	at sun.reflect.NativeMethodAccessorImpl.invoke(Unknown Source)
	at sun.reflect.DelegatingMethodAccessorImpl.invoke(Unknown Source)
	at java.lang.reflect.Method.invoke(Unknown Source)
	at org.testng.internal.MethodInvocationHelper.invokeMethod(MethodInvocationHelper.java:85)
	at org.testng.internal.Invoker.invokeMethod(Invoker.java:639)
	at org.testng.internal.Invoker.invokeTestMethod(Invoker.java:816)
	at org.testng.internal.Invoker.invokeTestMethods(Invoker.java:1124)
	at org.testng.internal.TestMethodWorker.invokeTestMethods(TestMethodWorker.java:125)
	at org.testng.internal.TestMethodWorker.run(TestMethodWorker.java:108)
	at org.testng.TestRunner.privateRun(TestRunner.java:774)
	at org.testng.TestRunner.run(TestRunner.java:624)
	at org.testng.SuiteRunner.runTest(SuiteRunner.java:359)
	at org.testng.SuiteRunner.runSequentially(SuiteRunner.java:354)
	at org.testng.SuiteRunner.privateRun(SuiteRunner.java:312)
	at org.testng.SuiteRunner.run(SuiteRunner.java:261)
	at org.testng.SuiteRunnerWorker.runSuite(SuiteRunnerWorker.java:52)
	at org.testng.SuiteRunnerWorker.run(SuiteRunnerWorker.java:86)
	at org.testng.TestNG.runSuitesSequentially(TestNG.java:1215)
	at org.testng.TestNG.runSuitesLocally(TestNG.java:1140)
	at org.testng.TestNG.run(TestNG.java:1048)
	at org.testng.remote.RemoteTestNG.run(RemoteTestNG.java:112)
	at org.testng.remote.RemoteTestNG.initAndRun(RemoteTestNG.java:205)
	at org.testng.remote.RemoteTestNG.main(RemoteTestNG.java:176)
]]>
            </full-stacktrace>
          </exception> <!-- java.lang.AssertionError -->
          <reporter-output>
            <line>
              <![CDATA[<a href="C:\Users\499290\Desktop\TF\screenshot\_VerificationOfOverviewPage.png"><p align="left"> screenshot at Mon Nov 02 17:27:13 IST 2015</p>]]>
            </line>
          </reporter-output>
        </test-method> <!-- VerificationOfOverviewPage -->
        <test-method status="PASS" signature="TRPDateRegister()[pri:2, instance:MyPackage.CNRegressionAutomation@ff366c]" name="TRPDateRegister" duration-ms="26143" started-at="2015-11-02T17:27:13Z" finished-at="2015-11-02T17:27:39Z">
          <reporter-output>
            <line>
              <![CDATA[<a href="C:\Users\499290\Desktop\TF\screenshot\_TRPDateRegister.png"><p align="left"> screenshot at Mon Nov 02 17:27:39 IST 2015</p>]]>
            </line>
          </reporter-output>
        </test-method> <!-- TRPDateRegister -->
        <test-method status="PASS" signature="AddModule()[pri:4, instance:MyPackage.CNRegressionAutomation@ff366c]" name="AddModule" duration-ms="28121" started-at="2015-11-02T17:27:39Z" finished-at="2015-11-02T17:28:08Z">
          <reporter-output>
            <line>
              <![CDATA[<a href="C:\Users\499290\Desktop\TF\screenshot\_AddModule.png"><p align="left"> screenshot at Mon Nov 02 17:28:08 IST 2015</p>]]>
            </line>
          </reporter-output>
        </test-method> <!-- AddModule -->
        <test-method status="PASS" signature="AddIntervention()[pri:5, instance:MyPackage.CNRegressionAutomation@ff366c]" name="AddIntervention" duration-ms="69272" started-at="2015-11-02T17:28:08Z" finished-at="2015-11-02T17:29:17Z">
          <reporter-output>
            <line>
              <![CDATA[<a href="C:\Users\499290\Desktop\TF\screenshot\_AddIntervention.png"><p align="left"> screenshot at Mon Nov 02 17:29:18 IST 2015</p>]]>
            </line>
          </reporter-output>
        </test-method> <!-- AddIntervention -->
        <test-method status="PASS" signature="AddPRintervention()[pri:6, instance:MyPackage.CNRegressionAutomation@ff366c]" name="AddPRintervention" duration-ms="31317" started-at="2015-11-02T17:29:18Z" finished-at="2015-11-02T17:29:49Z">
          <reporter-output>
            <line>
              <![CDATA[<a href="C:\Users\499290\Desktop\TF\screenshot\_AddPRintervention.png"><p align="left"> screenshot at Mon Nov 02 17:29:50 IST 2015</p>]]>
            </line>
          </reporter-output>
        </test-method> <!-- AddPRintervention -->
        <test-method status="PASS" signature="DeleteInterventionPR()[pri:7, instance:MyPackage.CNRegressionAutomation@ff366c]" name="DeleteInterventionPR" duration-ms="23886" started-at="2015-11-02T17:29:50Z" finished-at="2015-11-02T17:30:13Z">
          <reporter-output>
            <line>
              <![CDATA[<a href="C:\Users\499290\Desktop\TF\screenshot\_DeleteInterventionPR.png"><p align="left"> screenshot at Mon Nov 02 17:30:14 IST 2015</p>]]>
            </line>
          </reporter-output>
        </test-method> <!-- DeleteInterventionPR -->
        <test-method status="PASS" signature="DeleteIntervention()[pri:8, instance:MyPackage.CNRegressionAutomation@ff366c]" name="DeleteIntervention" duration-ms="37937" started-at="2015-11-02T17:30:14Z" finished-at="2015-11-02T17:30:52Z">
          <reporter-output>
            <line>
              <![CDATA[<a href="C:\Users\499290\Desktop\TF\screenshot\_DeleteIntervention.png"><p align="left"> screenshot at Mon Nov 02 17:30:52 IST 2015</p>]]>
            </line>
          </reporter-output>
        </test-method> <!-- DeleteIntervention -->
        <test-method status="PASS" signature="DeleteModule()[pri:9, instance:MyPackage.CNRegressionAutomation@ff366c]" name="DeleteModule" duration-ms="18208" started-at="2015-11-02T17:30:52Z" finished-at="2015-11-02T17:31:10Z">
          <reporter-output>
            <line>
              <![CDATA[<a href="C:\Users\499290\Desktop\TF\screenshot\_DeleteModule.png"><p align="left"> screenshot at Mon Nov 02 17:31:11 IST 2015</p>]]>
            </line>
          </reporter-output>
        </test-method> <!-- DeleteModule -->
        <test-method status="PASS" signature="GoalCreation()[pri:11, instance:MyPackage.CNRegressionAutomation@ff366c]" name="GoalCreation" duration-ms="40797" started-at="2015-11-02T17:31:11Z" finished-at="2015-11-02T17:31:52Z">
          <reporter-output>
            <line>
              <![CDATA[<a href="C:\Users\499290\Desktop\TF\screenshot\_GoalCreation.png"><p align="left"> screenshot at Mon Nov 02 17:31:52 IST 2015</p>]]>
            </line>
          </reporter-output>
        </test-method> <!-- GoalCreation -->
        <test-method status="PASS" signature="StdImpactIndicator()[pri:12, instance:MyPackage.CNRegressionAutomation@ff366c]" name="StdImpactIndicator" duration-ms="96790" started-at="2015-11-02T17:31:52Z" finished-at="2015-11-02T17:33:29Z">
          <reporter-output>
            <line>
              <![CDATA[<a href="C:\Users\499290\Desktop\TF\screenshot\_StdImpactIndicator.png"><p align="left"> screenshot at Mon Nov 02 17:33:30 IST 2015</p>]]>
            </line>
          </reporter-output>
        </test-method> <!-- StdImpactIndicator -->
        <test-method status="PASS" signature="CustomImpactInd()[pri:13, instance:MyPackage.CNRegressionAutomation@ff366c]" name="CustomImpactInd" duration-ms="37202" started-at="2015-11-02T17:33:30Z" finished-at="2015-11-02T17:34:07Z">
          <reporter-output>
            <line>
              <![CDATA[<a href="C:\Users\499290\Desktop\TF\screenshot\_CustomImpactInd.png"><p align="left"> screenshot at Mon Nov 02 17:34:07 IST 2015</p>]]>
            </line>
          </reporter-output>
        </test-method> <!-- CustomImpactInd -->
        <test-method status="PASS" signature="ObjectiveCreation()[pri:14, instance:MyPackage.CNRegressionAutomation@ff366c]" name="ObjectiveCreation" duration-ms="46423" started-at="2015-11-02T17:34:07Z" finished-at="2015-11-02T17:34:54Z">
          <reporter-output>
            <line>
              <![CDATA[<a href="C:\Users\499290\Desktop\TF\screenshot\_ObjectiveCreation.png"><p align="left"> screenshot at Mon Nov 02 17:34:54 IST 2015</p>]]>
            </line>
          </reporter-output>
        </test-method> <!-- ObjectiveCreation -->
        <test-method status="PASS" signature="StdOutcomeIndicator()[pri:15, instance:MyPackage.CNRegressionAutomation@ff366c]" name="StdOutcomeIndicator" duration-ms="95505" started-at="2015-11-02T17:34:54Z" finished-at="2015-11-02T17:36:30Z">
          <reporter-output>
            <line>
              <![CDATA[<a href="C:\Users\499290\Desktop\TF\screenshot\_StdOutcomeIndicator.png"><p align="left"> screenshot at Mon Nov 02 17:36:30 IST 2015</p>]]>
            </line>
          </reporter-output>
        </test-method> <!-- StdOutcomeIndicator -->
        <test-method status="PASS" signature="CustomOutcomeInd()[pri:16, instance:MyPackage.CNRegressionAutomation@ff366c]" name="CustomOutcomeInd" duration-ms="60623" started-at="2015-11-02T17:36:30Z" finished-at="2015-11-02T17:37:31Z">
          <reporter-output>
            <line>
              <![CDATA[<a href="C:\Users\499290\Desktop\TF\screenshot\_CustomOutcomeInd.png"><p align="left"> screenshot at Mon Nov 02 17:37:31 IST 2015</p>]]>
            </line>
          </reporter-output>
        </test-method> <!-- CustomOutcomeInd -->
        <test-method status="FAIL" signature="CNModuleBudget()[pri:18, instance:MyPackage.CNRegressionAutomation@ff366c]" name="CNModuleBudget" duration-ms="50889" started-at="2015-11-02T17:37:31Z" finished-at="2015-11-02T17:38:22Z">
          <exception class="org.openqa.selenium.NoSuchElementException">
            <message>
              <![CDATA[no such element
  (Session info: chrome=46.0.2490.80)
  (Driver info: chromedriver=2.15.322448 (52179c1b310fec1797c81ea9a20326839860b7d3),platform=Windows NT 6.1 SP1 x86) (WARNING: The server did not provide any stacktrace information)
Command duration or timeout: 40.21 seconds
For documentation on this error, please visit: http://seleniumhq.org/exceptions/no_such_element.html
Build info: version: '2.47.1', revision: '411b314', time: '2015-07-30 02:56:46'
System info: host: '01HW189957', ip: '192.168.4.111', os.name: 'Windows 7', os.arch: 'x86', os.version: '6.1', java.version: '1.7.0_25'
*** Element info: {Using=link text, value=HSS - Service delivery}
Session ID: c39ac4506d50fdb5fe3ae725fe5eb0f2
Driver info: org.openqa.selenium.chrome.ChromeDriver
Capabilities [{platform=XP, acceptSslCerts=true, javascriptEnabled=true, browserName=chrome, chrome={userDataDir=C:\Users\554525\AppData\Local\Temp\scoped_dir4060_25478}, rotatable=false, locationContextEnabled=true, mobileEmulationEnabled=false, version=46.0.2490.80, takesHeapSnapshot=true, cssSelectorsEnabled=true, databaseEnabled=false, handlesAlerts=true, browserConnectionEnabled=false, webStorageEnabled=true, nativeEvents=true, applicationCacheEnabled=false, takesScreenshot=true}]]]>
            </message>
            <full-stacktrace>
              <![CDATA[org.openqa.selenium.NoSuchElementException: no such element
  (Session info: chrome=46.0.2490.80)
  (Driver info: chromedriver=2.15.322448 (52179c1b310fec1797c81ea9a20326839860b7d3),platform=Windows NT 6.1 SP1 x86) (WARNING: The server did not provide any stacktrace information)
Command duration or timeout: 40.21 seconds
For documentation on this error, please visit: http://seleniumhq.org/exceptions/no_such_element.html
Build info: version: '2.47.1', revision: '411b314', time: '2015-07-30 02:56:46'
System info: host: '01HW189957', ip: '192.168.4.111', os.name: 'Windows 7', os.arch: 'x86', os.version: '6.1', java.version: '1.7.0_25'
*** Element info: {Using=link text, value=HSS - Service delivery}
Session ID: c39ac4506d50fdb5fe3ae725fe5eb0f2
Driver info: org.openqa.selenium.chrome.ChromeDriver
Capabilities [{platform=XP, acceptSslCerts=true, javascriptEnabled=true, browserName=chrome, chrome={userDataDir=C:\Users\554525\AppData\Local\Temp\scoped_dir4060_25478}, rotatable=false, locationContextEnabled=true, mobileEmulationEnabled=false, version=46.0.2490.80, takesHeapSnapshot=true, cssSelectorsEnabled=true, databaseEnabled=false, handlesAlerts=true, browserConnectionEnabled=false, webStorageEnabled=true, nativeEvents=true, applicationCacheEnabled=false, takesScreenshot=true}]
	at sun.reflect.NativeConstructorAccessorImpl.newInstance0(Native Method)
	at sun.reflect.NativeConstructorAccessorImpl.newInstance(Unknown Source)
	at sun.reflect.DelegatingConstructorAccessorImpl.newInstance(Unknown Source)
	at java.lang.reflect.Constructor.newInstance(Unknown Source)
	at org.openqa.selenium.remote.ErrorHandler.createThrowable(ErrorHandler.java:206)
	at org.openqa.selenium.remote.ErrorHandler.throwIfResponseFailed(ErrorHandler.java:158)
	at org.openqa.selenium.remote.RemoteWebDriver.execute(RemoteWebDriver.java:595)
	at org.openqa.selenium.remote.RemoteWebDriver.findElement(RemoteWebDriver.java:348)
	at org.openqa.selenium.remote.RemoteWebDriver.findElementByLinkText(RemoteWebDriver.java:397)
	at org.openqa.selenium.By$ByLinkText.findElement(By.java:243)
	at org.openqa.selenium.remote.RemoteWebDriver.findElement(RemoteWebDriver.java:340)
	at MyPackage.CNRegressionAutomation.CNModuleBudget(CNRegressionAutomation.java:1126)
	at sun.reflect.NativeMethodAccessorImpl.invoke0(Native Method)
	at sun.reflect.NativeMethodAccessorImpl.invoke(Unknown Source)
	at sun.reflect.DelegatingMethodAccessorImpl.invoke(Unknown Source)
	at java.lang.reflect.Method.invoke(Unknown Source)
	at org.testng.internal.MethodInvocationHelper.invokeMethod(MethodInvocationHelper.java:85)
	at org.testng.internal.Invoker.invokeMethod(Invoker.java:639)
	at org.testng.internal.Invoker.invokeTestMethod(Invoker.java:816)
	at org.testng.internal.Invoker.invokeTestMethods(Invoker.java:1124)
	at org.testng.internal.TestMethodWorker.invokeTestMethods(TestMethodWorker.java:125)
	at org.testng.internal.TestMethodWorker.run(TestMethodWorker.java:108)
	at org.testng.TestRunner.privateRun(TestRunner.java:774)
	at org.testng.TestRunner.run(TestRunner.java:624)
	at org.testng.SuiteRunner.runTest(SuiteRunner.java:359)
	at org.testng.SuiteRunner.runSequentially(SuiteRunner.java:354)
	at org.testng.SuiteRunner.privateRun(SuiteRunner.java:312)
	at org.testng.SuiteRunner.run(SuiteRunner.java:261)
	at org.testng.SuiteRunnerWorker.runSuite(SuiteRunnerWorker.java:52)
	at org.testng.SuiteRunnerWorker.run(SuiteRunnerWorker.java:86)
	at org.testng.TestNG.runSuitesSequentially(TestNG.java:1215)
	at org.testng.TestNG.runSuitesLocally(TestNG.java:1140)
	at org.testng.TestNG.run(TestNG.java:1048)
	at org.testng.remote.RemoteTestNG.run(RemoteTestNG.java:112)
	at org.testng.remote.RemoteTestNG.initAndRun(RemoteTestNG.java:205)
	at org.testng.remote.RemoteTestNG.main(RemoteTestNG.java:176)
]]>
            </full-stacktrace>
          </exception> <!-- org.openqa.selenium.NoSuchElementException -->
          <reporter-output>
            <line>
              <![CDATA[<a href="C:\Users\499290\Desktop\TF\screenshot\_CNModuleBudget.png"><p align="left"> screenshot at Mon Nov 02 17:38:23 IST 2015</p>]]>
            </line>
          </reporter-output>
        </test-method> <!-- CNModuleBudget -->
        <test-method status="PASS" signature="ChangeSubmissionDate()[pri:19, instance:MyPackage.CNRegressionAutomation@ff366c]" name="ChangeSubmissionDate" duration-ms="19234" started-at="2015-11-02T17:38:23Z" finished-at="2015-11-02T17:38:42Z">
          <reporter-output>
            <line>
              <![CDATA[<a href="C:\Users\499290\Desktop\TF\screenshot\_ChangeSubmissionDate.png"><p align="left"> screenshot at Mon Nov 02 17:38:43 IST 2015</p>]]>
            </line>
          </reporter-output>
        </test-method> <!-- ChangeSubmissionDate -->
        <test-method status="PASS" signature="UploadFile()[pri:20, instance:MyPackage.CNRegressionAutomation@ff366c]" name="UploadFile" duration-ms="47441" started-at="2015-11-02T17:38:43Z" finished-at="2015-11-02T17:39:30Z">
          <reporter-output>
            <line>
              <![CDATA[<a href="C:\Users\499290\Desktop\TF\screenshot\_UploadFile.png"><p align="left"> screenshot at Mon Nov 02 17:39:34 IST 2015</p>]]>
            </line>
          </reporter-output>
        </test-method> <!-- UploadFile -->
        <test-method status="PASS" signature="SubmitCN()[pri:21, instance:MyPackage.CNRegressionAutomation@ff366c]" name="SubmitCN" duration-ms="17414" started-at="2015-11-02T17:39:34Z" finished-at="2015-11-02T17:39:52Z">
          <reporter-output>
            <line>
              <![CDATA[<a href="C:\Users\499290\Desktop\TF\screenshot\_SubmitCN.png"><p align="left"> screenshot at Mon Nov 02 17:39:52 IST 2015</p>]]>
            </line>
          </reporter-output>
        </test-method> <!-- SubmitCN -->
        <test-method status="FAIL" signature="CCMEditChk()[pri:22, instance:MyPackage.CNRegressionAutomation@ff366c]" name="CCMEditChk" duration-ms="1249" started-at="2015-11-02T17:39:52Z" finished-at="2015-11-02T17:39:53Z">
          <exception class="org.openqa.selenium.WebDriverException">
            <message>
              <![CDATA[unknown error: Element is not clickable at point (77, 102). Other element would receive the click: <div class="ProcessingBackground"></div>
  (Session info: chrome=46.0.2490.80)
  (Driver info: chromedriver=2.15.322448 (52179c1b310fec1797c81ea9a20326839860b7d3),platform=Windows NT 6.1 SP1 x86) (WARNING: The server did not provide any stacktrace information)
Command duration or timeout: 70 milliseconds
Build info: version: '2.47.1', revision: '411b314', time: '2015-07-30 02:56:46'
System info: host: '01HW189957', ip: '192.168.4.111', os.name: 'Windows 7', os.arch: 'x86', os.version: '6.1', java.version: '1.7.0_25'
Session ID: c39ac4506d50fdb5fe3ae725fe5eb0f2
Driver info: org.openqa.selenium.chrome.ChromeDriver
Capabilities [{platform=XP, acceptSslCerts=true, javascriptEnabled=true, browserName=chrome, chrome={userDataDir=C:\Users\554525\AppData\Local\Temp\scoped_dir4060_25478}, rotatable=false, locationContextEnabled=true, mobileEmulationEnabled=false, version=46.0.2490.80, takesHeapSnapshot=true, cssSelectorsEnabled=true, databaseEnabled=false, handlesAlerts=true, browserConnectionEnabled=false, webStorageEnabled=true, nativeEvents=true, applicationCacheEnabled=false, takesScreenshot=true}]]]>
            </message>
            <full-stacktrace>
              <![CDATA[org.openqa.selenium.WebDriverException: unknown error: Element is not clickable at point (77, 102). Other element would receive the click: <div class="ProcessingBackground"></div>
  (Session info: chrome=46.0.2490.80)
  (Driver info: chromedriver=2.15.322448 (52179c1b310fec1797c81ea9a20326839860b7d3),platform=Windows NT 6.1 SP1 x86) (WARNING: The server did not provide any stacktrace information)
Command duration or timeout: 70 milliseconds
Build info: version: '2.47.1', revision: '411b314', time: '2015-07-30 02:56:46'
System info: host: '01HW189957', ip: '192.168.4.111', os.name: 'Windows 7', os.arch: 'x86', os.version: '6.1', java.version: '1.7.0_25'
Session ID: c39ac4506d50fdb5fe3ae725fe5eb0f2
Driver info: org.openqa.selenium.chrome.ChromeDriver
Capabilities [{platform=XP, acceptSslCerts=true, javascriptEnabled=true, browserName=chrome, chrome={userDataDir=C:\Users\554525\AppData\Local\Temp\scoped_dir4060_25478}, rotatable=false, locationContextEnabled=true, mobileEmulationEnabled=false, version=46.0.2490.80, takesHeapSnapshot=true, cssSelectorsEnabled=true, databaseEnabled=false, handlesAlerts=true, browserConnectionEnabled=false, webStorageEnabled=true, nativeEvents=true, applicationCacheEnabled=false, takesScreenshot=true}]
	at sun.reflect.NativeConstructorAccessorImpl.newInstance0(Native Method)
	at sun.reflect.NativeConstructorAccessorImpl.newInstance(Unknown Source)
	at sun.reflect.DelegatingConstructorAccessorImpl.newInstance(Unknown Source)
	at java.lang.reflect.Constructor.newInstance(Unknown Source)
	at org.openqa.selenium.remote.ErrorHandler.createThrowable(ErrorHandler.java:206)
	at org.openqa.selenium.remote.ErrorHandler.throwIfResponseFailed(ErrorHandler.java:158)
	at org.openqa.selenium.remote.RemoteWebDriver.execute(RemoteWebDriver.java:595)
	at org.openqa.selenium.remote.RemoteWebElement.execute(RemoteWebElement.java:273)
	at org.openqa.selenium.remote.RemoteWebElement.click(RemoteWebElement.java:84)
	at MyPackage.CNRegressionAutomation.CCMEditChk(CNRegressionAutomation.java:1346)
	at sun.reflect.NativeMethodAccessorImpl.invoke0(Native Method)
	at sun.reflect.NativeMethodAccessorImpl.invoke(Unknown Source)
	at sun.reflect.DelegatingMethodAccessorImpl.invoke(Unknown Source)
	at java.lang.reflect.Method.invoke(Unknown Source)
	at org.testng.internal.MethodInvocationHelper.invokeMethod(MethodInvocationHelper.java:85)
	at org.testng.internal.Invoker.invokeMethod(Invoker.java:639)
	at org.testng.internal.Invoker.invokeTestMethod(Invoker.java:816)
	at org.testng.internal.Invoker.invokeTestMethods(Invoker.java:1124)
	at org.testng.internal.TestMethodWorker.invokeTestMethods(TestMethodWorker.java:125)
	at org.testng.internal.TestMethodWorker.run(TestMethodWorker.java:108)
	at org.testng.TestRunner.privateRun(TestRunner.java:774)
	at org.testng.TestRunner.run(TestRunner.java:624)
	at org.testng.SuiteRunner.runTest(SuiteRunner.java:359)
	at org.testng.SuiteRunner.runSequentially(SuiteRunner.java:354)
	at org.testng.SuiteRunner.privateRun(SuiteRunner.java:312)
	at org.testng.SuiteRunner.run(SuiteRunner.java:261)
	at org.testng.SuiteRunnerWorker.runSuite(SuiteRunnerWorker.java:52)
	at org.testng.SuiteRunnerWorker.run(SuiteRunnerWorker.java:86)
	at org.testng.TestNG.runSuitesSequentially(TestNG.java:1215)
	at org.testng.TestNG.runSuitesLocally(TestNG.java:1140)
	at org.testng.TestNG.run(TestNG.java:1048)
	at org.testng.remote.RemoteTestNG.run(RemoteTestNG.java:112)
	at org.testng.remote.RemoteTestNG.initAndRun(RemoteTestNG.java:205)
	at org.testng.remote.RemoteTestNG.main(RemoteTestNG.java:176)
]]>
            </full-stacktrace>
          </exception> <!-- org.openqa.selenium.WebDriverException -->
          <reporter-output>
            <line>
              <![CDATA[<a href="C:\Users\499290\Desktop\TF\screenshot\_CCMEditChk.png"><p align="left"> screenshot at Mon Nov 02 17:39:54 IST 2015</p>]]>
            </line>
          </reporter-output>
        </test-method> <!-- CCMEditChk -->
        <test-method status="PASS" signature="CTLogin()[pri:22, instance:MyPackage.CNRegressionAutomation@ff366c]" name="CTLogin" duration-ms="44849" started-at="2015-11-02T17:39:54Z" finished-at="2015-11-02T17:40:39Z">
          <reporter-output>
            <line>
              <![CDATA[<a href="C:\Users\499290\Desktop\TF\screenshot\_CTLogin.png"><p align="left"> screenshot at Mon Nov 02 17:41:14 IST 2015</p>]]>
            </line>
          </reporter-output>
        </test-method> <!-- CTLogin -->
        <test-method status="PASS" signature="CTEditChk()[pri:23, instance:MyPackage.CNRegressionAutomation@ff366c]" name="CTEditChk" duration-ms="28750" started-at="2015-11-02T17:41:14Z" finished-at="2015-11-02T17:41:43Z">
          <reporter-output>
            <line>
              <![CDATA[<a href="C:\Users\499290\Desktop\TF\screenshot\_CTEditChk.png"><p align="left"> screenshot at Mon Nov 02 17:41:43 IST 2015</p>]]>
            </line>
          </reporter-output>
        </test-method> <!-- CTEditChk -->
        <test-method status="PASS" signature="CTPositiveAssessment()[pri:24, instance:MyPackage.CNRegressionAutomation@ff366c]" name="CTPositiveAssessment" duration-ms="19864" started-at="2015-11-02T17:41:43Z" finished-at="2015-11-02T17:42:03Z">
          <reporter-output>
            <line>
              <![CDATA[<a href="C:\Users\499290\Desktop\TF\screenshot\_CTPositiveAssessment.png"><p align="left"> screenshot at Mon Nov 02 17:42:04 IST 2015</p>]]>
            </line>
          </reporter-output>
        </test-method> <!-- CTPositiveAssessment -->
        <test-method status="PASS" signature="FinalCTReview()[pri:25, instance:MyPackage.CNRegressionAutomation@ff366c]" name="FinalCTReview" duration-ms="4659" started-at="2015-11-02T17:42:04Z" finished-at="2015-11-02T17:42:08Z">
          <reporter-output>
            <line>
              <![CDATA[<a href="C:\Users\499290\Desktop\TF\screenshot\_FinalCTReview.png"><p align="left"> screenshot at Mon Nov 02 17:42:09 IST 2015</p>]]>
            </line>
          </reporter-output>
        </test-method> <!-- FinalCTReview -->
        <test-method status="FAIL" signature="FinalTranslationReview()[pri:26, instance:MyPackage.CNRegressionAutomation@ff366c]" name="FinalTranslationReview" duration-ms="333" started-at="2015-11-02T17:42:09Z" finished-at="2015-11-02T17:42:09Z">
          <exception class="org.openqa.selenium.WebDriverException">
            <message>
              <![CDATA[unknown error: Element is not clickable at point (412, 133). Other element would receive the click: <div class="ProcessingBackground"></div>
  (Session info: chrome=46.0.2490.80)
  (Driver info: chromedriver=2.15.322448 (52179c1b310fec1797c81ea9a20326839860b7d3),platform=Windows NT 6.1 SP1 x86) (WARNING: The server did not provide any stacktrace information)
Command duration or timeout: 73 milliseconds
Build info: version: '2.47.1', revision: '411b314', time: '2015-07-30 02:56:46'
System info: host: '01HW189957', ip: '192.168.4.111', os.name: 'Windows 7', os.arch: 'x86', os.version: '6.1', java.version: '1.7.0_25'
Session ID: c39ac4506d50fdb5fe3ae725fe5eb0f2
Driver info: org.openqa.selenium.chrome.ChromeDriver
Capabilities [{platform=XP, acceptSslCerts=true, javascriptEnabled=true, browserName=chrome, chrome={userDataDir=C:\Users\554525\AppData\Local\Temp\scoped_dir4060_25478}, rotatable=false, locationContextEnabled=true, mobileEmulationEnabled=false, version=46.0.2490.80, takesHeapSnapshot=true, cssSelectorsEnabled=true, databaseEnabled=false, handlesAlerts=true, browserConnectionEnabled=false, webStorageEnabled=true, nativeEvents=true, applicationCacheEnabled=false, takesScreenshot=true}]]]>
            </message>
            <full-stacktrace>
              <![CDATA[org.openqa.selenium.WebDriverException: unknown error: Element is not clickable at point (412, 133). Other element would receive the click: <div class="ProcessingBackground"></div>
  (Session info: chrome=46.0.2490.80)
  (Driver info: chromedriver=2.15.322448 (52179c1b310fec1797c81ea9a20326839860b7d3),platform=Windows NT 6.1 SP1 x86) (WARNING: The server did not provide any stacktrace information)
Command duration or timeout: 73 milliseconds
Build info: version: '2.47.1', revision: '411b314', time: '2015-07-30 02:56:46'
System info: host: '01HW189957', ip: '192.168.4.111', os.name: 'Windows 7', os.arch: 'x86', os.version: '6.1', java.version: '1.7.0_25'
Session ID: c39ac4506d50fdb5fe3ae725fe5eb0f2
Driver info: org.openqa.selenium.chrome.ChromeDriver
Capabilities [{platform=XP, acceptSslCerts=true, javascriptEnabled=true, browserName=chrome, chrome={userDataDir=C:\Users\554525\AppData\Local\Temp\scoped_dir4060_25478}, rotatable=false, locationContextEnabled=true, mobileEmulationEnabled=false, version=46.0.2490.80, takesHeapSnapshot=true, cssSelectorsEnabled=true, databaseEnabled=false, handlesAlerts=true, browserConnectionEnabled=false, webStorageEnabled=true, nativeEvents=true, applicationCacheEnabled=false, takesScreenshot=true}]
	at sun.reflect.NativeConstructorAccessorImpl.newInstance0(Native Method)
	at sun.reflect.NativeConstructorAccessorImpl.newInstance(Unknown Source)
	at sun.reflect.DelegatingConstructorAccessorImpl.newInstance(Unknown Source)
	at java.lang.reflect.Constructor.newInstance(Unknown Source)
	at org.openqa.selenium.remote.ErrorHandler.createThrowable(ErrorHandler.java:206)
	at org.openqa.selenium.remote.ErrorHandler.throwIfResponseFailed(ErrorHandler.java:158)
	at org.openqa.selenium.remote.RemoteWebDriver.execute(RemoteWebDriver.java:595)
	at org.openqa.selenium.remote.RemoteWebElement.execute(RemoteWebElement.java:273)
	at org.openqa.selenium.remote.RemoteWebElement.click(RemoteWebElement.java:84)
	at MyPackage.CNRegressionAutomation.FinalTranslationReview(CNRegressionAutomation.java:1534)
	at sun.reflect.NativeMethodAccessorImpl.invoke0(Native Method)
	at sun.reflect.NativeMethodAccessorImpl.invoke(Unknown Source)
	at sun.reflect.DelegatingMethodAccessorImpl.invoke(Unknown Source)
	at java.lang.reflect.Method.invoke(Unknown Source)
	at org.testng.internal.MethodInvocationHelper.invokeMethod(MethodInvocationHelper.java:85)
	at org.testng.internal.Invoker.invokeMethod(Invoker.java:639)
	at org.testng.internal.Invoker.invokeTestMethod(Invoker.java:816)
	at org.testng.internal.Invoker.invokeTestMethods(Invoker.java:1124)
	at org.testng.internal.TestMethodWorker.invokeTestMethods(TestMethodWorker.java:125)
	at org.testng.internal.TestMethodWorker.run(TestMethodWorker.java:108)
	at org.testng.TestRunner.privateRun(TestRunner.java:774)
	at org.testng.TestRunner.run(TestRunner.java:624)
	at org.testng.SuiteRunner.runTest(SuiteRunner.java:359)
	at org.testng.SuiteRunner.runSequentially(SuiteRunner.java:354)
	at org.testng.SuiteRunner.privateRun(SuiteRunner.java:312)
	at org.testng.SuiteRunner.run(SuiteRunner.java:261)
	at org.testng.SuiteRunnerWorker.runSuite(SuiteRunnerWorker.java:52)
	at org.testng.SuiteRunnerWorker.run(SuiteRunnerWorker.java:86)
	at org.testng.TestNG.runSuitesSequentially(TestNG.java:1215)
	at org.testng.TestNG.runSuitesLocally(TestNG.java:1140)
	at org.testng.TestNG.run(TestNG.java:1048)
	at org.testng.remote.RemoteTestNG.run(RemoteTestNG.java:112)
	at org.testng.remote.RemoteTestNG.initAndRun(RemoteTestNG.java:205)
	at org.testng.remote.RemoteTestNG.main(RemoteTestNG.java:176)
]]>
            </full-stacktrace>
          </exception> <!-- org.openqa.selenium.WebDriverException -->
          <reporter-output>
            <line>
              <![CDATA[<a href="C:\Users\499290\Desktop\TF\screenshot\_FinalTranslationReview.png"><p align="left"> screenshot at Mon Nov 02 17:42:10 IST 2015</p>]]>
            </line>
          </reporter-output>
        </test-method> <!-- FinalTranslationReview -->
        <test-method status="FAIL" signature="CCMEditChkAfterCTReview()[pri:27, instance:MyPackage.CNRegressionAutomation@ff366c]" name="CCMEditChkAfterCTReview" duration-ms="1212" started-at="2015-11-02T17:42:10Z" finished-at="2015-11-02T17:42:11Z">
          <exception class="org.openqa.selenium.WebDriverException">
            <message>
              <![CDATA[unknown error: Element is not clickable at point (412, 133). Other element would receive the click: <div class="ProcessingBackground"></div>
  (Session info: chrome=46.0.2490.80)
  (Driver info: chromedriver=2.15.322448 (52179c1b310fec1797c81ea9a20326839860b7d3),platform=Windows NT 6.1 SP1 x86) (WARNING: The server did not provide any stacktrace information)
Command duration or timeout: 40 milliseconds
Build info: version: '2.47.1', revision: '411b314', time: '2015-07-30 02:56:46'
System info: host: '01HW189957', ip: '192.168.4.111', os.name: 'Windows 7', os.arch: 'x86', os.version: '6.1', java.version: '1.7.0_25'
Session ID: c39ac4506d50fdb5fe3ae725fe5eb0f2
Driver info: org.openqa.selenium.chrome.ChromeDriver
Capabilities [{platform=XP, acceptSslCerts=true, javascriptEnabled=true, browserName=chrome, chrome={userDataDir=C:\Users\554525\AppData\Local\Temp\scoped_dir4060_25478}, rotatable=false, locationContextEnabled=true, mobileEmulationEnabled=false, version=46.0.2490.80, takesHeapSnapshot=true, cssSelectorsEnabled=true, databaseEnabled=false, handlesAlerts=true, browserConnectionEnabled=false, webStorageEnabled=true, nativeEvents=true, applicationCacheEnabled=false, takesScreenshot=true}]]]>
            </message>
            <full-stacktrace>
              <![CDATA[org.openqa.selenium.WebDriverException: unknown error: Element is not clickable at point (412, 133). Other element would receive the click: <div class="ProcessingBackground"></div>
  (Session info: chrome=46.0.2490.80)
  (Driver info: chromedriver=2.15.322448 (52179c1b310fec1797c81ea9a20326839860b7d3),platform=Windows NT 6.1 SP1 x86) (WARNING: The server did not provide any stacktrace information)
Command duration or timeout: 40 milliseconds
Build info: version: '2.47.1', revision: '411b314', time: '2015-07-30 02:56:46'
System info: host: '01HW189957', ip: '192.168.4.111', os.name: 'Windows 7', os.arch: 'x86', os.version: '6.1', java.version: '1.7.0_25'
Session ID: c39ac4506d50fdb5fe3ae725fe5eb0f2
Driver info: org.openqa.selenium.chrome.ChromeDriver
Capabilities [{platform=XP, acceptSslCerts=true, javascriptEnabled=true, browserName=chrome, chrome={userDataDir=C:\Users\554525\AppData\Local\Temp\scoped_dir4060_25478}, rotatable=false, locationContextEnabled=true, mobileEmulationEnabled=false, version=46.0.2490.80, takesHeapSnapshot=true, cssSelectorsEnabled=true, databaseEnabled=false, handlesAlerts=true, browserConnectionEnabled=false, webStorageEnabled=true, nativeEvents=true, applicationCacheEnabled=false, takesScreenshot=true}]
	at sun.reflect.NativeConstructorAccessorImpl.newInstance0(Native Method)
	at sun.reflect.NativeConstructorAccessorImpl.newInstance(Unknown Source)
	at sun.reflect.DelegatingConstructorAccessorImpl.newInstance(Unknown Source)
	at java.lang.reflect.Constructor.newInstance(Unknown Source)
	at org.openqa.selenium.remote.ErrorHandler.createThrowable(ErrorHandler.java:206)
	at org.openqa.selenium.remote.ErrorHandler.throwIfResponseFailed(ErrorHandler.java:158)
	at org.openqa.selenium.remote.RemoteWebDriver.execute(RemoteWebDriver.java:595)
	at org.openqa.selenium.remote.RemoteWebElement.execute(RemoteWebElement.java:273)
	at org.openqa.selenium.remote.RemoteWebElement.click(RemoteWebElement.java:84)
	at MyPackage.CNRegressionAutomation.CCMEditChkAfterCTReview(CNRegressionAutomation.java:1566)
	at sun.reflect.NativeMethodAccessorImpl.invoke0(Native Method)
	at sun.reflect.NativeMethodAccessorImpl.invoke(Unknown Source)
	at sun.reflect.DelegatingMethodAccessorImpl.invoke(Unknown Source)
	at java.lang.reflect.Method.invoke(Unknown Source)
	at org.testng.internal.MethodInvocationHelper.invokeMethod(MethodInvocationHelper.java:85)
	at org.testng.internal.Invoker.invokeMethod(Invoker.java:639)
	at org.testng.internal.Invoker.invokeTestMethod(Invoker.java:816)
	at org.testng.internal.Invoker.invokeTestMethods(Invoker.java:1124)
	at org.testng.internal.TestMethodWorker.invokeTestMethods(TestMethodWorker.java:125)
	at org.testng.internal.TestMethodWorker.run(TestMethodWorker.java:108)
	at org.testng.TestRunner.privateRun(TestRunner.java:774)
	at org.testng.TestRunner.run(TestRunner.java:624)
	at org.testng.SuiteRunner.runTest(SuiteRunner.java:359)
	at org.testng.SuiteRunner.runSequentially(SuiteRunner.java:354)
	at org.testng.SuiteRunner.privateRun(SuiteRunner.java:312)
	at org.testng.SuiteRunner.run(SuiteRunner.java:261)
	at org.testng.SuiteRunnerWorker.runSuite(SuiteRunnerWorker.java:52)
	at org.testng.SuiteRunnerWorker.run(SuiteRunnerWorker.java:86)
	at org.testng.TestNG.runSuitesSequentially(TestNG.java:1215)
	at org.testng.TestNG.runSuitesLocally(TestNG.java:1140)
	at org.testng.TestNG.run(TestNG.java:1048)
	at org.testng.remote.RemoteTestNG.run(RemoteTestNG.java:112)
	at org.testng.remote.RemoteTestNG.initAndRun(RemoteTestNG.java:205)
	at org.testng.remote.RemoteTestNG.main(RemoteTestNG.java:176)
]]>
            </full-stacktrace>
          </exception> <!-- org.openqa.selenium.WebDriverException -->
          <reporter-output>
            <line>
              <![CDATA[<a href="C:\Users\499290\Desktop\TF\screenshot\_CCMEditChkAfterCTReview.png"><p align="left"> screenshot at Mon Nov 02 17:42:11 IST 2015</p>]]>
            </line>
          </reporter-output>
        </test-method> <!-- CCMEditChkAfterCTReview -->
        <test-method status="FAIL" signature="ItrNotSubmittedEditChk()[pri:28, instance:MyPackage.CNRegressionAutomation@ff366c]" name="ItrNotSubmittedEditChk" duration-ms="1242" started-at="2015-11-02T17:42:11Z" finished-at="2015-11-02T17:42:13Z">
          <exception class="org.openqa.selenium.WebDriverException">
            <message>
              <![CDATA[unknown error: Element is not clickable at point (412, 133). Other element would receive the click: <div class="ProcessingBackground"></div>
  (Session info: chrome=46.0.2490.80)
  (Driver info: chromedriver=2.15.322448 (52179c1b310fec1797c81ea9a20326839860b7d3),platform=Windows NT 6.1 SP1 x86) (WARNING: The server did not provide any stacktrace information)
Command duration or timeout: 66 milliseconds
Build info: version: '2.47.1', revision: '411b314', time: '2015-07-30 02:56:46'
System info: host: '01HW189957', ip: '192.168.4.111', os.name: 'Windows 7', os.arch: 'x86', os.version: '6.1', java.version: '1.7.0_25'
Session ID: c39ac4506d50fdb5fe3ae725fe5eb0f2
Driver info: org.openqa.selenium.chrome.ChromeDriver
Capabilities [{platform=XP, acceptSslCerts=true, javascriptEnabled=true, browserName=chrome, chrome={userDataDir=C:\Users\554525\AppData\Local\Temp\scoped_dir4060_25478}, rotatable=false, locationContextEnabled=true, mobileEmulationEnabled=false, version=46.0.2490.80, takesHeapSnapshot=true, cssSelectorsEnabled=true, databaseEnabled=false, handlesAlerts=true, browserConnectionEnabled=false, webStorageEnabled=true, nativeEvents=true, applicationCacheEnabled=false, takesScreenshot=true}]]]>
            </message>
            <full-stacktrace>
              <![CDATA[org.openqa.selenium.WebDriverException: unknown error: Element is not clickable at point (412, 133). Other element would receive the click: <div class="ProcessingBackground"></div>
  (Session info: chrome=46.0.2490.80)
  (Driver info: chromedriver=2.15.322448 (52179c1b310fec1797c81ea9a20326839860b7d3),platform=Windows NT 6.1 SP1 x86) (WARNING: The server did not provide any stacktrace information)
Command duration or timeout: 66 milliseconds
Build info: version: '2.47.1', revision: '411b314', time: '2015-07-30 02:56:46'
System info: host: '01HW189957', ip: '192.168.4.111', os.name: 'Windows 7', os.arch: 'x86', os.version: '6.1', java.version: '1.7.0_25'
Session ID: c39ac4506d50fdb5fe3ae725fe5eb0f2
Driver info: org.openqa.selenium.chrome.ChromeDriver
Capabilities [{platform=XP, acceptSslCerts=true, javascriptEnabled=true, browserName=chrome, chrome={userDataDir=C:\Users\554525\AppData\Local\Temp\scoped_dir4060_25478}, rotatable=false, locationContextEnabled=true, mobileEmulationEnabled=false, version=46.0.2490.80, takesHeapSnapshot=true, cssSelectorsEnabled=true, databaseEnabled=false, handlesAlerts=true, browserConnectionEnabled=false, webStorageEnabled=true, nativeEvents=true, applicationCacheEnabled=false, takesScreenshot=true}]
	at sun.reflect.NativeConstructorAccessorImpl.newInstance0(Native Method)
	at sun.reflect.NativeConstructorAccessorImpl.newInstance(Unknown Source)
	at sun.reflect.DelegatingConstructorAccessorImpl.newInstance(Unknown Source)
	at java.lang.reflect.Constructor.newInstance(Unknown Source)
	at org.openqa.selenium.remote.ErrorHandler.createThrowable(ErrorHandler.java:206)
	at org.openqa.selenium.remote.ErrorHandler.throwIfResponseFailed(ErrorHandler.java:158)
	at org.openqa.selenium.remote.RemoteWebDriver.execute(RemoteWebDriver.java:595)
	at org.openqa.selenium.remote.RemoteWebElement.execute(RemoteWebElement.java:273)
	at org.openqa.selenium.remote.RemoteWebElement.click(RemoteWebElement.java:84)
	at MyPackage.CNRegressionAutomation.ItrNotSubmittedEditChk(CNRegressionAutomation.java:1600)
	at sun.reflect.NativeMethodAccessorImpl.invoke0(Native Method)
	at sun.reflect.NativeMethodAccessorImpl.invoke(Unknown Source)
	at sun.reflect.DelegatingMethodAccessorImpl.invoke(Unknown Source)
	at java.lang.reflect.Method.invoke(Unknown Source)
	at org.testng.internal.MethodInvocationHelper.invokeMethod(MethodInvocationHelper.java:85)
	at org.testng.internal.Invoker.invokeMethod(Invoker.java:639)
	at org.testng.internal.Invoker.invokeTestMethod(Invoker.java:816)
	at org.testng.internal.Invoker.invokeTestMethods(Invoker.java:1124)
	at org.testng.internal.TestMethodWorker.invokeTestMethods(TestMethodWorker.java:125)
	at org.testng.internal.TestMethodWorker.run(TestMethodWorker.java:108)
	at org.testng.TestRunner.privateRun(TestRunner.java:774)
	at org.testng.TestRunner.run(TestRunner.java:624)
	at org.testng.SuiteRunner.runTest(SuiteRunner.java:359)
	at org.testng.SuiteRunner.runSequentially(SuiteRunner.java:354)
	at org.testng.SuiteRunner.privateRun(SuiteRunner.java:312)
	at org.testng.SuiteRunner.run(SuiteRunner.java:261)
	at org.testng.SuiteRunnerWorker.runSuite(SuiteRunnerWorker.java:52)
	at org.testng.SuiteRunnerWorker.run(SuiteRunnerWorker.java:86)
	at org.testng.TestNG.runSuitesSequentially(TestNG.java:1215)
	at org.testng.TestNG.runSuitesLocally(TestNG.java:1140)
	at org.testng.TestNG.run(TestNG.java:1048)
	at org.testng.remote.RemoteTestNG.run(RemoteTestNG.java:112)
	at org.testng.remote.RemoteTestNG.initAndRun(RemoteTestNG.java:205)
	at org.testng.remote.RemoteTestNG.main(RemoteTestNG.java:176)
]]>
            </full-stacktrace>
          </exception> <!-- org.openqa.selenium.WebDriverException -->
          <reporter-output>
            <line>
              <![CDATA[<a href="C:\Users\499290\Desktop\TF\screenshot\_ItrNotSubmittedEditChk.png"><p align="left"> screenshot at Mon Nov 02 17:42:13 IST 2015</p>]]>
            </line>
          </reporter-output>
        </test-method> <!-- ItrNotSubmittedEditChk -->
        <test-method status="FAIL" signature="SubmitItrCN()[pri:29, instance:MyPackage.CNRegressionAutomation@ff366c]" name="SubmitItrCN" duration-ms="51827" started-at="2015-11-02T17:42:13Z" finished-at="2015-11-02T17:43:05Z">
          <exception class="org.openqa.selenium.NoSuchElementException">
            <message>
              <![CDATA[no such element
  (Session info: chrome=46.0.2490.80)
  (Driver info: chromedriver=2.15.322448 (52179c1b310fec1797c81ea9a20326839860b7d3),platform=Windows NT 6.1 SP1 x86) (WARNING: The server did not provide any stacktrace information)
Command duration or timeout: 40.06 seconds
For documentation on this error, please visit: http://seleniumhq.org/exceptions/no_such_element.html
Build info: version: '2.47.1', revision: '411b314', time: '2015-07-30 02:56:46'
System info: host: '01HW189957', ip: '192.168.4.111', os.name: 'Windows 7', os.arch: 'x86', os.version: '6.1', java.version: '1.7.0_25'
*** Element info: {Using=link text, value=Submit Concept Note}
Session ID: c39ac4506d50fdb5fe3ae725fe5eb0f2
Driver info: org.openqa.selenium.chrome.ChromeDriver
Capabilities [{platform=XP, acceptSslCerts=true, javascriptEnabled=true, browserName=chrome, chrome={userDataDir=C:\Users\554525\AppData\Local\Temp\scoped_dir4060_25478}, rotatable=false, locationContextEnabled=true, mobileEmulationEnabled=false, version=46.0.2490.80, takesHeapSnapshot=true, cssSelectorsEnabled=true, databaseEnabled=false, handlesAlerts=true, browserConnectionEnabled=false, webStorageEnabled=true, nativeEvents=true, applicationCacheEnabled=false, takesScreenshot=true}]]]>
            </message>
            <full-stacktrace>
              <![CDATA[org.openqa.selenium.NoSuchElementException: no such element
  (Session info: chrome=46.0.2490.80)
  (Driver info: chromedriver=2.15.322448 (52179c1b310fec1797c81ea9a20326839860b7d3),platform=Windows NT 6.1 SP1 x86) (WARNING: The server did not provide any stacktrace information)
Command duration or timeout: 40.06 seconds
For documentation on this error, please visit: http://seleniumhq.org/exceptions/no_such_element.html
Build info: version: '2.47.1', revision: '411b314', time: '2015-07-30 02:56:46'
System info: host: '01HW189957', ip: '192.168.4.111', os.name: 'Windows 7', os.arch: 'x86', os.version: '6.1', java.version: '1.7.0_25'
*** Element info: {Using=link text, value=Submit Concept Note}
Session ID: c39ac4506d50fdb5fe3ae725fe5eb0f2
Driver info: org.openqa.selenium.chrome.ChromeDriver
Capabilities [{platform=XP, acceptSslCerts=true, javascriptEnabled=true, browserName=chrome, chrome={userDataDir=C:\Users\554525\AppData\Local\Temp\scoped_dir4060_25478}, rotatable=false, locationContextEnabled=true, mobileEmulationEnabled=false, version=46.0.2490.80, takesHeapSnapshot=true, cssSelectorsEnabled=true, databaseEnabled=false, handlesAlerts=true, browserConnectionEnabled=false, webStorageEnabled=true, nativeEvents=true, applicationCacheEnabled=false, takesScreenshot=true}]
	at sun.reflect.NativeConstructorAccessorImpl.newInstance0(Native Method)
	at sun.reflect.NativeConstructorAccessorImpl.newInstance(Unknown Source)
	at sun.reflect.DelegatingConstructorAccessorImpl.newInstance(Unknown Source)
	at java.lang.reflect.Constructor.newInstance(Unknown Source)
	at org.openqa.selenium.remote.ErrorHandler.createThrowable(ErrorHandler.java:206)
	at org.openqa.selenium.remote.ErrorHandler.throwIfResponseFailed(ErrorHandler.java:158)
	at org.openqa.selenium.remote.RemoteWebDriver.execute(RemoteWebDriver.java:595)
	at org.openqa.selenium.remote.RemoteWebDriver.findElement(RemoteWebDriver.java:348)
	at org.openqa.selenium.remote.RemoteWebDriver.findElementByLinkText(RemoteWebDriver.java:397)
	at org.openqa.selenium.By$ByLinkText.findElement(By.java:243)
	at org.openqa.selenium.remote.RemoteWebDriver.findElement(RemoteWebDriver.java:340)
	at MyPackage.CNRegressionAutomation.SubmitItrCN(CNRegressionAutomation.java:1636)
	at sun.reflect.NativeMethodAccessorImpl.invoke0(Native Method)
	at sun.reflect.NativeMethodAccessorImpl.invoke(Unknown Source)
	at sun.reflect.DelegatingMethodAccessorImpl.invoke(Unknown Source)
	at java.lang.reflect.Method.invoke(Unknown Source)
	at org.testng.internal.MethodInvocationHelper.invokeMethod(MethodInvocationHelper.java:85)
	at org.testng.internal.Invoker.invokeMethod(Invoker.java:639)
	at org.testng.internal.Invoker.invokeTestMethod(Invoker.java:816)
	at org.testng.internal.Invoker.invokeTestMethods(Invoker.java:1124)
	at org.testng.internal.TestMethodWorker.invokeTestMethods(TestMethodWorker.java:125)
	at org.testng.internal.TestMethodWorker.run(TestMethodWorker.java:108)
	at org.testng.TestRunner.privateRun(TestRunner.java:774)
	at org.testng.TestRunner.run(TestRunner.java:624)
	at org.testng.SuiteRunner.runTest(SuiteRunner.java:359)
	at org.testng.SuiteRunner.runSequentially(SuiteRunner.java:354)
	at org.testng.SuiteRunner.privateRun(SuiteRunner.java:312)
	at org.testng.SuiteRunner.run(SuiteRunner.java:261)
	at org.testng.SuiteRunnerWorker.runSuite(SuiteRunnerWorker.java:52)
	at org.testng.SuiteRunnerWorker.run(SuiteRunnerWorker.java:86)
	at org.testng.TestNG.runSuitesSequentially(TestNG.java:1215)
	at org.testng.TestNG.runSuitesLocally(TestNG.java:1140)
	at org.testng.TestNG.run(TestNG.java:1048)
	at org.testng.remote.RemoteTestNG.run(RemoteTestNG.java:112)
	at org.testng.remote.RemoteTestNG.initAndRun(RemoteTestNG.java:205)
	at org.testng.remote.RemoteTestNG.main(RemoteTestNG.java:176)
]]>
            </full-stacktrace>
          </exception> <!-- org.openqa.selenium.NoSuchElementException -->
          <reporter-output>
            <line>
              <![CDATA[<a href="C:\Users\499290\Desktop\TF\screenshot\_SubmitItrCN.png"><p align="left"> screenshot at Mon Nov 02 17:43:05 IST 2015</p>]]>
            </line>
          </reporter-output>
        </test-method> <!-- SubmitItrCN -->
        <test-method status="PASS" signature="StopRecording1()[pri:0, instance:MyPackage.CNRegressionAutomation@ff366c]" name="StopRecording1" is-config="true" duration-ms="1004" started-at="2015-11-02T17:43:05Z" finished-at="2015-11-02T17:43:06Z">
          <reporter-output>
          </reporter-output>
        </test-method> <!-- StopRecording1 -->
      </class> <!-- MyPackage.CNRegressionAutomation -->
    </test> <!-- IntenalUser Test -->
  </suite> <!-- Default suite -->
</testng-results>
